[2025-05-01T15:33:56.221+0000] {local_task_job_runner.py:123} INFO - ::group::Pre task execution logs
[2025-05-01T15:33:56.234+0000] {taskinstance.py:2613} INFO - Dependencies all met for dep_context=non-requeueable deps ti=<TaskInstance: PlanningEngine.computeOptimalPlan manual__2025-05-01T15:31:49.117784+00:00 [queued]>
[2025-05-01T15:33:56.241+0000] {taskinstance.py:2613} INFO - Dependencies all met for dep_context=requeueable deps ti=<TaskInstance: PlanningEngine.computeOptimalPlan manual__2025-05-01T15:31:49.117784+00:00 [queued]>
[2025-05-01T15:33:56.243+0000] {taskinstance.py:2866} INFO - Starting attempt 1 of 2
[2025-05-01T15:33:56.255+0000] {taskinstance.py:2889} INFO - Executing <Task(PythonOperator): computeOptimalPlan> on 2025-05-01 15:31:49.117784+00:00
[2025-05-01T15:33:56.261+0000] {warnings.py:112} WARNING - /home/***/.local/lib/python3.12/site-packages/***/task/task_runner/standard_task_runner.py:70: DeprecationWarning: This process (pid=456) is multi-threaded, use of fork() may lead to deadlocks in the child.
  pid = os.fork()

[2025-05-01T15:33:56.263+0000] {standard_task_runner.py:72} INFO - Started process 457 to run task
[2025-05-01T15:33:56.263+0000] {standard_task_runner.py:104} INFO - Running: ['***', 'tasks', 'run', 'PlanningEngine', 'computeOptimalPlan', 'manual__2025-05-01T15:31:49.117784+00:00', '--job-id', '3380', '--raw', '--subdir', 'DAGS_FOLDER/***DAG.py', '--cfg-path', '/tmp/tmp5kop5flu']
[2025-05-01T15:33:56.264+0000] {standard_task_runner.py:105} INFO - Job 3380: Subtask computeOptimalPlan
[2025-05-01T15:33:56.300+0000] {task_command.py:467} INFO - Running <TaskInstance: PlanningEngine.computeOptimalPlan manual__2025-05-01T15:31:49.117784+00:00 [running]> on host 29f5f6aefab8
[2025-05-01T15:33:56.365+0000] {taskinstance.py:3132} INFO - Exporting env vars: AIRFLOW_CTX_DAG_OWNER='***' AIRFLOW_CTX_DAG_ID='PlanningEngine' AIRFLOW_CTX_TASK_ID='computeOptimalPlan' AIRFLOW_CTX_EXECUTION_DATE='2025-05-01T15:31:49.117784+00:00' AIRFLOW_CTX_TRY_NUMBER='1' AIRFLOW_CTX_DAG_RUN_ID='manual__2025-05-01T15:31:49.117784+00:00'
[2025-05-01T15:33:56.365+0000] {taskinstance.py:731} INFO - ::endgroup::
[2025-05-01T15:33:56.392+0000] {airflowDAG.py:346} INFO - DQ : 0.983 - ('missingValues/impute', 'duplicates', 'outliers/impute') 
[2025-05-01T15:33:56.394+0000] {airflowDAG.py:346} INFO - DQ : 0.983 - ('missingValues/impute', 'duplicates', 'outliers/drop') 
[2025-05-01T15:33:56.395+0000] {airflowDAG.py:346} INFO - DQ : 0.983 - ('missingValues/drop.rows', 'duplicates', 'outliers/impute') 
[2025-05-01T15:33:56.397+0000] {airflowDAG.py:346} INFO - DQ : 0.983 - ('missingValues/drop.rows', 'duplicates', 'outliers/drop') 
[2025-05-01T15:33:56.398+0000] {airflowDAG.py:346} INFO - DQ : 0.983 - ('missingValues/drop.columns', 'duplicates', 'outliers/impute') 
[2025-05-01T15:33:56.399+0000] {airflowDAG.py:346} INFO - DQ : 0.983 - ('missingValues/drop.columns', 'duplicates', 'outliers/drop') 
[2025-05-01T15:33:56.400+0000] {airflowDAG.py:346} INFO - DQ : 0.983 - ('missingValues/impute', 'outliers/impute', 'duplicates') 
[2025-05-01T15:33:56.402+0000] {airflowDAG.py:346} INFO - DQ : 0.983 - ('missingValues/impute', 'outliers/drop', 'duplicates') 
[2025-05-01T15:33:56.403+0000] {airflowDAG.py:346} INFO - DQ : 0.983 - ('missingValues/drop.rows', 'outliers/impute', 'duplicates') 
[2025-05-01T15:33:56.404+0000] {airflowDAG.py:346} INFO - DQ : 0.983 - ('missingValues/drop.rows', 'outliers/drop', 'duplicates') 
[2025-05-01T15:33:56.405+0000] {airflowDAG.py:346} INFO - DQ : 0.983 - ('missingValues/drop.columns', 'outliers/impute', 'duplicates') 
[2025-05-01T15:33:56.406+0000] {airflowDAG.py:346} INFO - DQ : 0.983 - ('missingValues/drop.columns', 'outliers/drop', 'duplicates') 
[2025-05-01T15:33:56.407+0000] {airflowDAG.py:346} INFO - DQ : 0.983 - ('duplicates', 'missingValues/impute', 'outliers/impute') 
[2025-05-01T15:33:56.409+0000] {airflowDAG.py:346} INFO - DQ : 0.983 - ('duplicates', 'missingValues/impute', 'outliers/drop') 
[2025-05-01T15:33:56.410+0000] {airflowDAG.py:346} INFO - DQ : 0.983 - ('duplicates', 'missingValues/drop.rows', 'outliers/impute') 
[2025-05-01T15:33:56.411+0000] {airflowDAG.py:346} INFO - DQ : 0.983 - ('duplicates', 'missingValues/drop.rows', 'outliers/drop') 
[2025-05-01T15:33:56.412+0000] {airflowDAG.py:346} INFO - DQ : 0.983 - ('duplicates', 'missingValues/drop.columns', 'outliers/impute') 
[2025-05-01T15:33:56.414+0000] {airflowDAG.py:346} INFO - DQ : 0.983 - ('duplicates', 'missingValues/drop.columns', 'outliers/drop') 
[2025-05-01T15:33:56.415+0000] {airflowDAG.py:346} INFO - DQ : 0.983 - ('duplicates', 'outliers/impute', 'missingValues/impute') 
[2025-05-01T15:33:56.416+0000] {airflowDAG.py:346} INFO - DQ : 0.983 - ('duplicates', 'outliers/impute', 'missingValues/drop.rows') 
[2025-05-01T15:33:56.417+0000] {airflowDAG.py:346} INFO - DQ : 0.983 - ('duplicates', 'outliers/impute', 'missingValues/drop.columns') 
[2025-05-01T15:33:56.418+0000] {airflowDAG.py:346} INFO - DQ : 0.983 - ('duplicates', 'outliers/drop', 'missingValues/impute') 
[2025-05-01T15:33:56.419+0000] {airflowDAG.py:346} INFO - DQ : 0.983 - ('duplicates', 'outliers/drop', 'missingValues/drop.rows') 
[2025-05-01T15:33:56.421+0000] {airflowDAG.py:346} INFO - DQ : 0.983 - ('duplicates', 'outliers/drop', 'missingValues/drop.columns') 
[2025-05-01T15:33:56.422+0000] {airflowDAG.py:346} INFO - DQ : 0.983 - ('outliers/impute', 'missingValues/impute', 'duplicates') 
[2025-05-01T15:33:56.423+0000] {airflowDAG.py:346} INFO - DQ : 0.983 - ('outliers/impute', 'missingValues/drop.rows', 'duplicates') 
[2025-05-01T15:33:56.424+0000] {airflowDAG.py:346} INFO - DQ : 0.983 - ('outliers/impute', 'missingValues/drop.columns', 'duplicates') 
[2025-05-01T15:33:56.425+0000] {airflowDAG.py:346} INFO - DQ : 0.983 - ('outliers/drop', 'missingValues/impute', 'duplicates') 
[2025-05-01T15:33:56.426+0000] {airflowDAG.py:346} INFO - DQ : 0.983 - ('outliers/drop', 'missingValues/drop.rows', 'duplicates') 
[2025-05-01T15:33:56.427+0000] {airflowDAG.py:346} INFO - DQ : 0.983 - ('outliers/drop', 'missingValues/drop.columns', 'duplicates') 
[2025-05-01T15:33:56.428+0000] {airflowDAG.py:346} INFO - DQ : 0.983 - ('outliers/impute', 'duplicates', 'missingValues/impute') 
[2025-05-01T15:33:56.429+0000] {airflowDAG.py:346} INFO - DQ : 0.983 - ('outliers/impute', 'duplicates', 'missingValues/drop.rows') 
[2025-05-01T15:33:56.430+0000] {airflowDAG.py:346} INFO - DQ : 0.983 - ('outliers/impute', 'duplicates', 'missingValues/drop.columns') 
[2025-05-01T15:33:56.431+0000] {airflowDAG.py:346} INFO - DQ : 0.983 - ('outliers/drop', 'duplicates', 'missingValues/impute') 
[2025-05-01T15:33:56.432+0000] {airflowDAG.py:346} INFO - DQ : 0.983 - ('outliers/drop', 'duplicates', 'missingValues/drop.rows') 
[2025-05-01T15:33:56.433+0000] {airflowDAG.py:346} INFO - DQ : 0.983 - ('outliers/drop', 'duplicates', 'missingValues/drop.columns') 
[2025-05-01T15:33:56.446+0000] {airflowDAG.py:382} INFO - Best plan ('outliers/drop', 'duplicates', 'missingValues/drop.columns') achieved DQ score of 0.983
[2025-05-01T15:33:56.479+0000] {python.py:240} INFO - Done. Returned value was: None
[2025-05-01T15:33:56.486+0000] {taskinstance.py:340} INFO - ::group::Post task execution logs
[2025-05-01T15:33:56.487+0000] {taskinstance.py:352} INFO - Marking task as SUCCESS. dag_id=PlanningEngine, task_id=computeOptimalPlan, run_id=manual__2025-05-01T15:31:49.117784+00:00, execution_date=20250501T153149, start_date=20250501T153356, end_date=20250501T153356
[2025-05-01T15:33:56.528+0000] {local_task_job_runner.py:266} INFO - Task exited with return code 0
[2025-05-01T15:33:56.548+0000] {taskinstance.py:3895} INFO - 1 downstream tasks scheduled from follow-on schedule check
[2025-05-01T15:33:56.552+0000] {local_task_job_runner.py:245} INFO - ::endgroup::
