[2025-05-02T09:49:40.577+0000] {local_task_job_runner.py:123} INFO - ::group::Pre task execution logs
[2025-05-02T09:49:40.591+0000] {taskinstance.py:2613} INFO - Dependencies all met for dep_context=non-requeueable deps ti=<TaskInstance: PlanningEngine.computeOptimalPlan manual__2025-05-02T09:48:42.370731+00:00 [queued]>
[2025-05-02T09:49:40.599+0000] {taskinstance.py:2613} INFO - Dependencies all met for dep_context=requeueable deps ti=<TaskInstance: PlanningEngine.computeOptimalPlan manual__2025-05-02T09:48:42.370731+00:00 [queued]>
[2025-05-02T09:49:40.601+0000] {taskinstance.py:2866} INFO - Starting attempt 1 of 2
[2025-05-02T09:49:40.616+0000] {taskinstance.py:2889} INFO - Executing <Task(PythonOperator): computeOptimalPlan> on 2025-05-02 09:48:42.370731+00:00
[2025-05-02T09:49:40.621+0000] {warnings.py:112} WARNING - /home/***/.local/lib/python3.12/site-packages/***/task/task_runner/standard_task_runner.py:70: DeprecationWarning: This process (pid=154) is multi-threaded, use of fork() may lead to deadlocks in the child.
  pid = os.fork()

[2025-05-02T09:49:40.623+0000] {standard_task_runner.py:72} INFO - Started process 155 to run task
[2025-05-02T09:49:40.624+0000] {standard_task_runner.py:104} INFO - Running: ['***', 'tasks', 'run', 'PlanningEngine', 'computeOptimalPlan', 'manual__2025-05-02T09:48:42.370731+00:00', '--job-id', '3392', '--raw', '--subdir', 'DAGS_FOLDER/***DAG.py', '--cfg-path', '/tmp/tmpbevy1cxf']
[2025-05-02T09:49:40.625+0000] {standard_task_runner.py:105} INFO - Job 3392: Subtask computeOptimalPlan
[2025-05-02T09:49:40.665+0000] {task_command.py:467} INFO - Running <TaskInstance: PlanningEngine.computeOptimalPlan manual__2025-05-02T09:48:42.370731+00:00 [running]> on host f31e97f3da01
[2025-05-02T09:49:40.728+0000] {taskinstance.py:3132} INFO - Exporting env vars: AIRFLOW_CTX_DAG_OWNER='***' AIRFLOW_CTX_DAG_ID='PlanningEngine' AIRFLOW_CTX_TASK_ID='computeOptimalPlan' AIRFLOW_CTX_EXECUTION_DATE='2025-05-02T09:48:42.370731+00:00' AIRFLOW_CTX_TRY_NUMBER='1' AIRFLOW_CTX_DAG_RUN_ID='manual__2025-05-02T09:48:42.370731+00:00'
[2025-05-02T09:49:40.729+0000] {taskinstance.py:731} INFO - ::endgroup::
[2025-05-02T09:49:40.755+0000] {airflowDAG.py:346} INFO - DQ : 0.989 - ('missingValues/impute', 'duplicates', 'outliers/impute') 
[2025-05-02T09:49:40.757+0000] {airflowDAG.py:346} INFO - DQ : 0.989 - ('missingValues/impute', 'duplicates', 'outliers/drop') 
[2025-05-02T09:49:40.758+0000] {airflowDAG.py:346} INFO - DQ : 0.989 - ('missingValues/drop.rows', 'duplicates', 'outliers/impute') 
[2025-05-02T09:49:40.759+0000] {airflowDAG.py:346} INFO - DQ : 0.989 - ('missingValues/drop.rows', 'duplicates', 'outliers/drop') 
[2025-05-02T09:49:40.760+0000] {airflowDAG.py:346} INFO - DQ : 0.972 - ('missingValues/drop.columns', 'duplicates', 'outliers/impute') 
[2025-05-02T09:49:40.762+0000] {airflowDAG.py:346} INFO - DQ : 0.972 - ('missingValues/drop.columns', 'duplicates', 'outliers/drop') 
[2025-05-02T09:49:40.763+0000] {airflowDAG.py:346} INFO - DQ : 0.989 - ('missingValues/impute', 'outliers/impute', 'duplicates') 
[2025-05-02T09:49:40.764+0000] {airflowDAG.py:346} INFO - DQ : 0.989 - ('missingValues/impute', 'outliers/drop', 'duplicates') 
[2025-05-02T09:49:40.765+0000] {airflowDAG.py:346} INFO - DQ : 0.989 - ('missingValues/drop.rows', 'outliers/impute', 'duplicates') 
[2025-05-02T09:49:40.765+0000] {airflowDAG.py:346} INFO - DQ : 0.989 - ('missingValues/drop.rows', 'outliers/drop', 'duplicates') 
[2025-05-02T09:49:40.766+0000] {airflowDAG.py:346} INFO - DQ : 0.972 - ('missingValues/drop.columns', 'outliers/impute', 'duplicates') 
[2025-05-02T09:49:40.767+0000] {airflowDAG.py:346} INFO - DQ : 0.972 - ('missingValues/drop.columns', 'outliers/drop', 'duplicates') 
[2025-05-02T09:49:40.768+0000] {airflowDAG.py:346} INFO - DQ : 0.989 - ('duplicates', 'missingValues/impute', 'outliers/impute') 
[2025-05-02T09:49:40.769+0000] {airflowDAG.py:346} INFO - DQ : 0.989 - ('duplicates', 'missingValues/impute', 'outliers/drop') 
[2025-05-02T09:49:40.770+0000] {airflowDAG.py:346} INFO - DQ : 0.989 - ('duplicates', 'missingValues/drop.rows', 'outliers/impute') 
[2025-05-02T09:49:40.771+0000] {airflowDAG.py:346} INFO - DQ : 0.989 - ('duplicates', 'missingValues/drop.rows', 'outliers/drop') 
[2025-05-02T09:49:40.772+0000] {airflowDAG.py:346} INFO - DQ : 0.972 - ('duplicates', 'missingValues/drop.columns', 'outliers/impute') 
[2025-05-02T09:49:40.773+0000] {airflowDAG.py:346} INFO - DQ : 0.972 - ('duplicates', 'missingValues/drop.columns', 'outliers/drop') 
[2025-05-02T09:49:40.774+0000] {airflowDAG.py:346} INFO - DQ : 0.989 - ('duplicates', 'outliers/impute', 'missingValues/impute') 
[2025-05-02T09:49:40.775+0000] {airflowDAG.py:346} INFO - DQ : 0.989 - ('duplicates', 'outliers/impute', 'missingValues/drop.rows') 
[2025-05-02T09:49:40.776+0000] {airflowDAG.py:346} INFO - DQ : 0.972 - ('duplicates', 'outliers/impute', 'missingValues/drop.columns') 
[2025-05-02T09:49:40.777+0000] {airflowDAG.py:346} INFO - DQ : 0.972 - ('duplicates', 'outliers/drop', 'missingValues/impute') 
[2025-05-02T09:49:40.778+0000] {airflowDAG.py:346} INFO - DQ : 0.972 - ('duplicates', 'outliers/drop', 'missingValues/drop.rows') 
[2025-05-02T09:49:40.779+0000] {airflowDAG.py:346} INFO - DQ : 0.972 - ('duplicates', 'outliers/drop', 'missingValues/drop.columns') 
[2025-05-02T09:49:40.780+0000] {airflowDAG.py:346} INFO - DQ : 0.989 - ('outliers/impute', 'missingValues/impute', 'duplicates') 
[2025-05-02T09:49:40.781+0000] {airflowDAG.py:346} INFO - DQ : 0.989 - ('outliers/impute', 'missingValues/drop.rows', 'duplicates') 
[2025-05-02T09:49:40.782+0000] {airflowDAG.py:346} INFO - DQ : 0.972 - ('outliers/impute', 'missingValues/drop.columns', 'duplicates') 
[2025-05-02T09:49:40.783+0000] {airflowDAG.py:346} INFO - DQ : 0.972 - ('outliers/drop', 'missingValues/impute', 'duplicates') 
[2025-05-02T09:49:40.784+0000] {airflowDAG.py:346} INFO - DQ : 0.972 - ('outliers/drop', 'missingValues/drop.rows', 'duplicates') 
[2025-05-02T09:49:40.785+0000] {airflowDAG.py:346} INFO - DQ : 0.972 - ('outliers/drop', 'missingValues/drop.columns', 'duplicates') 
[2025-05-02T09:49:40.786+0000] {airflowDAG.py:346} INFO - DQ : 0.989 - ('outliers/impute', 'duplicates', 'missingValues/impute') 
[2025-05-02T09:49:40.786+0000] {airflowDAG.py:346} INFO - DQ : 0.989 - ('outliers/impute', 'duplicates', 'missingValues/drop.rows') 
[2025-05-02T09:49:40.787+0000] {airflowDAG.py:346} INFO - DQ : 0.972 - ('outliers/impute', 'duplicates', 'missingValues/drop.columns') 
[2025-05-02T09:49:40.788+0000] {airflowDAG.py:346} INFO - DQ : 0.972 - ('outliers/drop', 'duplicates', 'missingValues/impute') 
[2025-05-02T09:49:40.789+0000] {airflowDAG.py:346} INFO - DQ : 0.972 - ('outliers/drop', 'duplicates', 'missingValues/drop.rows') 
[2025-05-02T09:49:40.790+0000] {airflowDAG.py:346} INFO - DQ : 0.972 - ('outliers/drop', 'duplicates', 'missingValues/drop.columns') 
[2025-05-02T09:49:40.801+0000] {airflowDAG.py:382} INFO - Best plan ('outliers/drop', 'duplicates', 'missingValues/drop.columns') achieved DQ score of 0.989
[2025-05-02T09:49:40.838+0000] {python.py:240} INFO - Done. Returned value was: None
[2025-05-02T09:49:40.846+0000] {taskinstance.py:340} INFO - ::group::Post task execution logs
[2025-05-02T09:49:40.847+0000] {taskinstance.py:352} INFO - Marking task as SUCCESS. dag_id=PlanningEngine, task_id=computeOptimalPlan, run_id=manual__2025-05-02T09:48:42.370731+00:00, execution_date=20250502T094842, start_date=20250502T094940, end_date=20250502T094940
[2025-05-02T09:49:40.879+0000] {local_task_job_runner.py:266} INFO - Task exited with return code 0
[2025-05-02T09:49:40.904+0000] {taskinstance.py:3895} INFO - 1 downstream tasks scheduled from follow-on schedule check
[2025-05-02T09:49:40.907+0000] {local_task_job_runner.py:245} INFO - ::endgroup::
