[2025-05-01T15:10:30.641+0000] {processor.py:186} INFO - Started process (PID=61) to work on /opt/airflow/dags/airflowDAG.py
[2025-05-01T15:10:30.642+0000] {processor.py:914} INFO - Processing file /opt/airflow/dags/airflowDAG.py for tasks to queue
[2025-05-01T15:10:30.644+0000] {logging_mixin.py:190} INFO - [2025-05-01T15:10:30.644+0000] {dagbag.py:588} INFO - Filling up the DagBag from /opt/airflow/dags/airflowDAG.py
[2025-05-01T15:10:31.179+0000] {processor.py:925} INFO - DAG(s) 'PlanningEngine' retrieved from /opt/airflow/dags/airflowDAG.py
[2025-05-01T15:10:31.218+0000] {logging_mixin.py:190} INFO - [2025-05-01T15:10:31.218+0000] {dag.py:3239} INFO - Sync 1 DAGs
[2025-05-01T15:10:31.234+0000] {logging_mixin.py:190} INFO - [2025-05-01T15:10:31.234+0000] {dag.py:4180} INFO - Setting next_dagrun for PlanningEngine to None, run_after=None
[2025-05-01T15:10:31.258+0000] {processor.py:208} INFO - Processing /opt/airflow/dags/airflowDAG.py took 0.622 seconds
[2025-05-01T15:11:01.668+0000] {processor.py:186} INFO - Started process (PID=74) to work on /opt/airflow/dags/airflowDAG.py
[2025-05-01T15:11:01.669+0000] {processor.py:914} INFO - Processing file /opt/airflow/dags/airflowDAG.py for tasks to queue
[2025-05-01T15:11:01.671+0000] {logging_mixin.py:190} INFO - [2025-05-01T15:11:01.670+0000] {dagbag.py:588} INFO - Filling up the DagBag from /opt/airflow/dags/airflowDAG.py
[2025-05-01T15:11:01.910+0000] {processor.py:925} INFO - DAG(s) 'PlanningEngine' retrieved from /opt/airflow/dags/airflowDAG.py
[2025-05-01T15:11:01.930+0000] {logging_mixin.py:190} INFO - [2025-05-01T15:11:01.930+0000] {dag.py:3239} INFO - Sync 1 DAGs
[2025-05-01T15:11:01.942+0000] {logging_mixin.py:190} INFO - [2025-05-01T15:11:01.942+0000] {dag.py:4180} INFO - Setting next_dagrun for PlanningEngine to None, run_after=None
[2025-05-01T15:11:01.962+0000] {processor.py:208} INFO - Processing /opt/airflow/dags/airflowDAG.py took 0.299 seconds
[2025-05-01T15:11:32.265+0000] {processor.py:186} INFO - Started process (PID=85) to work on /opt/airflow/dags/airflowDAG.py
[2025-05-01T15:11:32.267+0000] {processor.py:914} INFO - Processing file /opt/airflow/dags/airflowDAG.py for tasks to queue
[2025-05-01T15:11:32.270+0000] {logging_mixin.py:190} INFO - [2025-05-01T15:11:32.269+0000] {dagbag.py:588} INFO - Filling up the DagBag from /opt/airflow/dags/airflowDAG.py
[2025-05-01T15:11:32.524+0000] {processor.py:925} INFO - DAG(s) 'PlanningEngine' retrieved from /opt/airflow/dags/airflowDAG.py
[2025-05-01T15:11:32.544+0000] {logging_mixin.py:190} INFO - [2025-05-01T15:11:32.543+0000] {dag.py:3239} INFO - Sync 1 DAGs
[2025-05-01T15:11:32.554+0000] {logging_mixin.py:190} INFO - [2025-05-01T15:11:32.554+0000] {dag.py:4180} INFO - Setting next_dagrun for PlanningEngine to None, run_after=None
[2025-05-01T15:11:32.570+0000] {processor.py:208} INFO - Processing /opt/airflow/dags/airflowDAG.py took 0.310 seconds
[2025-05-01T15:12:02.885+0000] {processor.py:186} INFO - Started process (PID=92) to work on /opt/airflow/dags/airflowDAG.py
[2025-05-01T15:12:02.887+0000] {processor.py:914} INFO - Processing file /opt/airflow/dags/airflowDAG.py for tasks to queue
[2025-05-01T15:12:02.889+0000] {logging_mixin.py:190} INFO - [2025-05-01T15:12:02.889+0000] {dagbag.py:588} INFO - Filling up the DagBag from /opt/airflow/dags/airflowDAG.py
[2025-05-01T15:12:03.114+0000] {processor.py:925} INFO - DAG(s) 'PlanningEngine' retrieved from /opt/airflow/dags/airflowDAG.py
[2025-05-01T15:12:03.131+0000] {logging_mixin.py:190} INFO - [2025-05-01T15:12:03.131+0000] {dag.py:3239} INFO - Sync 1 DAGs
[2025-05-01T15:12:03.141+0000] {logging_mixin.py:190} INFO - [2025-05-01T15:12:03.141+0000] {dag.py:4180} INFO - Setting next_dagrun for PlanningEngine to None, run_after=None
[2025-05-01T15:12:03.163+0000] {processor.py:208} INFO - Processing /opt/airflow/dags/airflowDAG.py took 0.286 seconds
[2025-05-01T15:12:33.412+0000] {processor.py:186} INFO - Started process (PID=100) to work on /opt/airflow/dags/airflowDAG.py
[2025-05-01T15:12:33.414+0000] {processor.py:914} INFO - Processing file /opt/airflow/dags/airflowDAG.py for tasks to queue
[2025-05-01T15:12:33.416+0000] {logging_mixin.py:190} INFO - [2025-05-01T15:12:33.416+0000] {dagbag.py:588} INFO - Filling up the DagBag from /opt/airflow/dags/airflowDAG.py
[2025-05-01T15:12:33.619+0000] {processor.py:925} INFO - DAG(s) 'PlanningEngine' retrieved from /opt/airflow/dags/airflowDAG.py
[2025-05-01T15:12:33.637+0000] {logging_mixin.py:190} INFO - [2025-05-01T15:12:33.637+0000] {dag.py:3239} INFO - Sync 1 DAGs
[2025-05-01T15:12:33.646+0000] {logging_mixin.py:190} INFO - [2025-05-01T15:12:33.646+0000] {dag.py:4180} INFO - Setting next_dagrun for PlanningEngine to None, run_after=None
[2025-05-01T15:12:33.663+0000] {processor.py:208} INFO - Processing /opt/airflow/dags/airflowDAG.py took 0.255 seconds
[2025-05-01T15:13:04.152+0000] {processor.py:186} INFO - Started process (PID=107) to work on /opt/airflow/dags/airflowDAG.py
[2025-05-01T15:13:04.153+0000] {processor.py:914} INFO - Processing file /opt/airflow/dags/airflowDAG.py for tasks to queue
[2025-05-01T15:13:04.155+0000] {logging_mixin.py:190} INFO - [2025-05-01T15:13:04.154+0000] {dagbag.py:588} INFO - Filling up the DagBag from /opt/airflow/dags/airflowDAG.py
[2025-05-01T15:13:03.886+0000] {processor.py:925} INFO - DAG(s) 'PlanningEngine' retrieved from /opt/airflow/dags/airflowDAG.py
[2025-05-01T15:13:03.904+0000] {logging_mixin.py:190} INFO - [2025-05-01T15:13:03.904+0000] {dag.py:3239} INFO - Sync 1 DAGs
[2025-05-01T15:13:03.914+0000] {logging_mixin.py:190} INFO - [2025-05-01T15:13:03.914+0000] {dag.py:4180} INFO - Setting next_dagrun for PlanningEngine to None, run_after=None
[2025-05-01T15:13:03.935+0000] {processor.py:208} INFO - Processing /opt/airflow/dags/airflowDAG.py took 0.295 seconds
[2025-05-01T15:13:34.552+0000] {processor.py:186} INFO - Started process (PID=114) to work on /opt/airflow/dags/airflowDAG.py
[2025-05-01T15:13:34.553+0000] {processor.py:914} INFO - Processing file /opt/airflow/dags/airflowDAG.py for tasks to queue
[2025-05-01T15:13:34.555+0000] {logging_mixin.py:190} INFO - [2025-05-01T15:13:34.555+0000] {dagbag.py:588} INFO - Filling up the DagBag from /opt/airflow/dags/airflowDAG.py
[2025-05-01T15:13:34.777+0000] {processor.py:925} INFO - DAG(s) 'PlanningEngine' retrieved from /opt/airflow/dags/airflowDAG.py
[2025-05-01T15:13:34.796+0000] {logging_mixin.py:190} INFO - [2025-05-01T15:13:34.795+0000] {dag.py:3239} INFO - Sync 1 DAGs
[2025-05-01T15:13:34.805+0000] {logging_mixin.py:190} INFO - [2025-05-01T15:13:34.805+0000] {dag.py:4180} INFO - Setting next_dagrun for PlanningEngine to None, run_after=None
[2025-05-01T15:13:34.822+0000] {processor.py:208} INFO - Processing /opt/airflow/dags/airflowDAG.py took 0.274 seconds
[2025-05-01T15:14:05.361+0000] {processor.py:186} INFO - Started process (PID=121) to work on /opt/airflow/dags/airflowDAG.py
[2025-05-01T15:14:05.362+0000] {processor.py:914} INFO - Processing file /opt/airflow/dags/airflowDAG.py for tasks to queue
[2025-05-01T15:14:05.365+0000] {logging_mixin.py:190} INFO - [2025-05-01T15:14:05.364+0000] {dagbag.py:588} INFO - Filling up the DagBag from /opt/airflow/dags/airflowDAG.py
[2025-05-01T15:14:05.622+0000] {processor.py:925} INFO - DAG(s) 'PlanningEngine' retrieved from /opt/airflow/dags/airflowDAG.py
[2025-05-01T15:14:05.643+0000] {logging_mixin.py:190} INFO - [2025-05-01T15:14:05.643+0000] {dag.py:3239} INFO - Sync 1 DAGs
[2025-05-01T15:14:05.656+0000] {logging_mixin.py:190} INFO - [2025-05-01T15:14:05.656+0000] {dag.py:4180} INFO - Setting next_dagrun for PlanningEngine to None, run_after=None
[2025-05-01T15:14:05.674+0000] {processor.py:208} INFO - Processing /opt/airflow/dags/airflowDAG.py took 0.320 seconds
[2025-05-01T15:14:36.203+0000] {processor.py:186} INFO - Started process (PID=128) to work on /opt/airflow/dags/airflowDAG.py
[2025-05-01T15:14:36.204+0000] {processor.py:914} INFO - Processing file /opt/airflow/dags/airflowDAG.py for tasks to queue
[2025-05-01T15:14:36.209+0000] {logging_mixin.py:190} INFO - [2025-05-01T15:14:36.208+0000] {dagbag.py:588} INFO - Filling up the DagBag from /opt/airflow/dags/airflowDAG.py
[2025-05-01T15:14:36.349+0000] {processor.py:925} INFO - DAG(s) 'PlanningEngine' retrieved from /opt/airflow/dags/airflowDAG.py
[2025-05-01T15:14:36.380+0000] {logging_mixin.py:190} INFO - [2025-05-01T15:14:36.380+0000] {dag.py:3239} INFO - Sync 1 DAGs
[2025-05-01T15:14:36.394+0000] {logging_mixin.py:190} INFO - [2025-05-01T15:14:36.394+0000] {dag.py:4180} INFO - Setting next_dagrun for PlanningEngine to None, run_after=None
[2025-05-01T15:14:36.417+0000] {processor.py:208} INFO - Processing /opt/airflow/dags/airflowDAG.py took 0.223 seconds
[2025-05-01T15:14:53.943+0000] {processor.py:186} INFO - Started process (PID=135) to work on /opt/airflow/dags/airflowDAG.py
[2025-05-01T15:14:53.944+0000] {processor.py:914} INFO - Processing file /opt/airflow/dags/airflowDAG.py for tasks to queue
[2025-05-01T15:14:53.946+0000] {logging_mixin.py:190} INFO - [2025-05-01T15:14:53.946+0000] {dagbag.py:588} INFO - Filling up the DagBag from /opt/airflow/dags/airflowDAG.py
[2025-05-01T15:14:54.068+0000] {processor.py:925} INFO - DAG(s) 'PlanningEngine' retrieved from /opt/airflow/dags/airflowDAG.py
[2025-05-01T15:14:54.096+0000] {logging_mixin.py:190} INFO - [2025-05-01T15:14:54.096+0000] {dag.py:3239} INFO - Sync 1 DAGs
[2025-05-01T15:14:54.110+0000] {logging_mixin.py:190} INFO - [2025-05-01T15:14:54.110+0000] {dag.py:4180} INFO - Setting next_dagrun for PlanningEngine to None, run_after=None
[2025-05-01T15:14:54.136+0000] {processor.py:208} INFO - Processing /opt/airflow/dags/airflowDAG.py took 0.200 seconds
[2025-05-01T15:15:24.315+0000] {processor.py:186} INFO - Started process (PID=142) to work on /opt/airflow/dags/airflowDAG.py
[2025-05-01T15:15:24.316+0000] {processor.py:914} INFO - Processing file /opt/airflow/dags/airflowDAG.py for tasks to queue
[2025-05-01T15:15:24.318+0000] {logging_mixin.py:190} INFO - [2025-05-01T15:15:24.318+0000] {dagbag.py:588} INFO - Filling up the DagBag from /opt/airflow/dags/airflowDAG.py
[2025-05-01T15:15:24.010+0000] {processor.py:925} INFO - DAG(s) 'PlanningEngine' retrieved from /opt/airflow/dags/airflowDAG.py
[2025-05-01T15:15:24.037+0000] {logging_mixin.py:190} INFO - [2025-05-01T15:15:24.037+0000] {dag.py:3239} INFO - Sync 1 DAGs
[2025-05-01T15:15:24.052+0000] {logging_mixin.py:190} INFO - [2025-05-01T15:15:24.052+0000] {dag.py:4180} INFO - Setting next_dagrun for PlanningEngine to None, run_after=None
[2025-05-01T15:15:24.073+0000] {processor.py:208} INFO - Processing /opt/airflow/dags/airflowDAG.py took 0.185 seconds
[2025-05-01T15:15:54.621+0000] {processor.py:186} INFO - Started process (PID=149) to work on /opt/airflow/dags/airflowDAG.py
[2025-05-01T15:15:54.622+0000] {processor.py:914} INFO - Processing file /opt/airflow/dags/airflowDAG.py for tasks to queue
[2025-05-01T15:15:54.625+0000] {logging_mixin.py:190} INFO - [2025-05-01T15:15:54.625+0000] {dagbag.py:588} INFO - Filling up the DagBag from /opt/airflow/dags/airflowDAG.py
[2025-05-01T15:15:54.743+0000] {processor.py:925} INFO - DAG(s) 'PlanningEngine' retrieved from /opt/airflow/dags/airflowDAG.py
[2025-05-01T15:15:54.771+0000] {logging_mixin.py:190} INFO - [2025-05-01T15:15:54.771+0000] {dag.py:3239} INFO - Sync 1 DAGs
[2025-05-01T15:15:54.785+0000] {logging_mixin.py:190} INFO - [2025-05-01T15:15:54.785+0000] {dag.py:4180} INFO - Setting next_dagrun for PlanningEngine to None, run_after=None
[2025-05-01T15:15:54.805+0000] {processor.py:208} INFO - Processing /opt/airflow/dags/airflowDAG.py took 0.189 seconds
[2025-05-01T15:16:25.259+0000] {processor.py:186} INFO - Started process (PID=156) to work on /opt/airflow/dags/airflowDAG.py
[2025-05-01T15:16:25.260+0000] {processor.py:914} INFO - Processing file /opt/airflow/dags/airflowDAG.py for tasks to queue
[2025-05-01T15:16:25.264+0000] {logging_mixin.py:190} INFO - [2025-05-01T15:16:25.263+0000] {dagbag.py:588} INFO - Filling up the DagBag from /opt/airflow/dags/airflowDAG.py
[2025-05-01T15:16:25.426+0000] {processor.py:925} INFO - DAG(s) 'PlanningEngine' retrieved from /opt/airflow/dags/airflowDAG.py
[2025-05-01T15:16:25.468+0000] {logging_mixin.py:190} INFO - [2025-05-01T15:16:25.468+0000] {dag.py:3239} INFO - Sync 1 DAGs
[2025-05-01T15:16:25.489+0000] {logging_mixin.py:190} INFO - [2025-05-01T15:16:25.489+0000] {dag.py:4180} INFO - Setting next_dagrun for PlanningEngine to None, run_after=None
[2025-05-01T15:16:25.512+0000] {processor.py:208} INFO - Processing /opt/airflow/dags/airflowDAG.py took 0.259 seconds
[2025-05-01T15:16:55.828+0000] {processor.py:186} INFO - Started process (PID=163) to work on /opt/airflow/dags/airflowDAG.py
[2025-05-01T15:16:55.829+0000] {processor.py:914} INFO - Processing file /opt/airflow/dags/airflowDAG.py for tasks to queue
[2025-05-01T15:16:55.832+0000] {logging_mixin.py:190} INFO - [2025-05-01T15:16:55.831+0000] {dagbag.py:588} INFO - Filling up the DagBag from /opt/airflow/dags/airflowDAG.py
[2025-05-01T15:16:55.954+0000] {processor.py:925} INFO - DAG(s) 'PlanningEngine' retrieved from /opt/airflow/dags/airflowDAG.py
[2025-05-01T15:16:55.980+0000] {logging_mixin.py:190} INFO - [2025-05-01T15:16:55.980+0000] {dag.py:3239} INFO - Sync 1 DAGs
[2025-05-01T15:16:55.994+0000] {logging_mixin.py:190} INFO - [2025-05-01T15:16:55.993+0000] {dag.py:4180} INFO - Setting next_dagrun for PlanningEngine to None, run_after=None
[2025-05-01T15:16:56.025+0000] {processor.py:208} INFO - Processing /opt/airflow/dags/airflowDAG.py took 0.203 seconds
[2025-05-01T15:17:26.216+0000] {processor.py:186} INFO - Started process (PID=170) to work on /opt/airflow/dags/airflowDAG.py
[2025-05-01T15:17:26.218+0000] {processor.py:914} INFO - Processing file /opt/airflow/dags/airflowDAG.py for tasks to queue
[2025-05-01T15:17:26.221+0000] {logging_mixin.py:190} INFO - [2025-05-01T15:17:26.220+0000] {dagbag.py:588} INFO - Filling up the DagBag from /opt/airflow/dags/airflowDAG.py
[2025-05-01T15:17:26.356+0000] {processor.py:925} INFO - DAG(s) 'PlanningEngine' retrieved from /opt/airflow/dags/airflowDAG.py
[2025-05-01T15:17:26.383+0000] {logging_mixin.py:190} INFO - [2025-05-01T15:17:26.383+0000] {dag.py:3239} INFO - Sync 1 DAGs
[2025-05-01T15:17:26.397+0000] {logging_mixin.py:190} INFO - [2025-05-01T15:17:26.396+0000] {dag.py:4180} INFO - Setting next_dagrun for PlanningEngine to None, run_after=None
[2025-05-01T15:17:26.428+0000] {processor.py:208} INFO - Processing /opt/airflow/dags/airflowDAG.py took 0.218 seconds
[2025-05-01T15:17:56.793+0000] {processor.py:186} INFO - Started process (PID=184) to work on /opt/airflow/dags/airflowDAG.py
[2025-05-01T15:17:56.794+0000] {processor.py:914} INFO - Processing file /opt/airflow/dags/airflowDAG.py for tasks to queue
[2025-05-01T15:17:56.796+0000] {logging_mixin.py:190} INFO - [2025-05-01T15:17:56.796+0000] {dagbag.py:588} INFO - Filling up the DagBag from /opt/airflow/dags/airflowDAG.py
[2025-05-01T15:17:56.918+0000] {processor.py:925} INFO - DAG(s) 'PlanningEngine' retrieved from /opt/airflow/dags/airflowDAG.py
[2025-05-01T15:17:56.944+0000] {logging_mixin.py:190} INFO - [2025-05-01T15:17:56.944+0000] {dag.py:3239} INFO - Sync 1 DAGs
[2025-05-01T15:17:56.959+0000] {logging_mixin.py:190} INFO - [2025-05-01T15:17:56.959+0000] {dag.py:4180} INFO - Setting next_dagrun for PlanningEngine to None, run_after=None
[2025-05-01T15:17:56.980+0000] {processor.py:208} INFO - Processing /opt/airflow/dags/airflowDAG.py took 0.192 seconds
[2025-05-01T15:18:27.074+0000] {processor.py:186} INFO - Started process (PID=191) to work on /opt/airflow/dags/airflowDAG.py
[2025-05-01T15:18:27.075+0000] {processor.py:914} INFO - Processing file /opt/airflow/dags/airflowDAG.py for tasks to queue
[2025-05-01T15:18:27.078+0000] {logging_mixin.py:190} INFO - [2025-05-01T15:18:27.077+0000] {dagbag.py:588} INFO - Filling up the DagBag from /opt/airflow/dags/airflowDAG.py
[2025-05-01T15:18:27.198+0000] {processor.py:925} INFO - DAG(s) 'PlanningEngine' retrieved from /opt/airflow/dags/airflowDAG.py
[2025-05-01T15:18:27.224+0000] {logging_mixin.py:190} INFO - [2025-05-01T15:18:27.223+0000] {dag.py:3239} INFO - Sync 1 DAGs
[2025-05-01T15:18:27.236+0000] {logging_mixin.py:190} INFO - [2025-05-01T15:18:27.236+0000] {dag.py:4180} INFO - Setting next_dagrun for PlanningEngine to None, run_after=None
[2025-05-01T15:18:27.258+0000] {processor.py:208} INFO - Processing /opt/airflow/dags/airflowDAG.py took 0.189 seconds
[2025-05-01T15:18:57.898+0000] {processor.py:186} INFO - Started process (PID=198) to work on /opt/airflow/dags/airflowDAG.py
[2025-05-01T15:18:57.899+0000] {processor.py:914} INFO - Processing file /opt/airflow/dags/airflowDAG.py for tasks to queue
[2025-05-01T15:18:57.902+0000] {logging_mixin.py:190} INFO - [2025-05-01T15:18:57.901+0000] {dagbag.py:588} INFO - Filling up the DagBag from /opt/airflow/dags/airflowDAG.py
[2025-05-01T15:18:58.013+0000] {processor.py:925} INFO - DAG(s) 'PlanningEngine' retrieved from /opt/airflow/dags/airflowDAG.py
[2025-05-01T15:18:58.036+0000] {logging_mixin.py:190} INFO - [2025-05-01T15:18:58.035+0000] {dag.py:3239} INFO - Sync 1 DAGs
[2025-05-01T15:18:58.047+0000] {logging_mixin.py:190} INFO - [2025-05-01T15:18:58.047+0000] {dag.py:4180} INFO - Setting next_dagrun for PlanningEngine to None, run_after=None
[2025-05-01T15:18:58.070+0000] {processor.py:208} INFO - Processing /opt/airflow/dags/airflowDAG.py took 0.178 seconds
[2025-05-01T15:19:28.601+0000] {processor.py:186} INFO - Started process (PID=205) to work on /opt/airflow/dags/airflowDAG.py
[2025-05-01T15:19:28.602+0000] {processor.py:914} INFO - Processing file /opt/airflow/dags/airflowDAG.py for tasks to queue
[2025-05-01T15:19:28.604+0000] {logging_mixin.py:190} INFO - [2025-05-01T15:19:28.604+0000] {dagbag.py:588} INFO - Filling up the DagBag from /opt/airflow/dags/airflowDAG.py
[2025-05-01T15:19:28.705+0000] {processor.py:925} INFO - DAG(s) 'PlanningEngine' retrieved from /opt/airflow/dags/airflowDAG.py
[2025-05-01T15:19:28.725+0000] {logging_mixin.py:190} INFO - [2025-05-01T15:19:28.725+0000] {dag.py:3239} INFO - Sync 1 DAGs
[2025-05-01T15:19:28.736+0000] {logging_mixin.py:190} INFO - [2025-05-01T15:19:28.736+0000] {dag.py:4180} INFO - Setting next_dagrun for PlanningEngine to None, run_after=None
[2025-05-01T15:19:28.755+0000] {processor.py:208} INFO - Processing /opt/airflow/dags/airflowDAG.py took 0.159 seconds
[2025-05-01T15:19:59.341+0000] {processor.py:186} INFO - Started process (PID=212) to work on /opt/airflow/dags/airflowDAG.py
[2025-05-01T15:19:59.342+0000] {processor.py:914} INFO - Processing file /opt/airflow/dags/airflowDAG.py for tasks to queue
[2025-05-01T15:19:59.344+0000] {logging_mixin.py:190} INFO - [2025-05-01T15:19:59.343+0000] {dagbag.py:588} INFO - Filling up the DagBag from /opt/airflow/dags/airflowDAG.py
[2025-05-01T15:19:59.449+0000] {processor.py:925} INFO - DAG(s) 'PlanningEngine' retrieved from /opt/airflow/dags/airflowDAG.py
[2025-05-01T15:19:59.471+0000] {logging_mixin.py:190} INFO - [2025-05-01T15:19:59.471+0000] {dag.py:3239} INFO - Sync 1 DAGs
[2025-05-01T15:19:59.483+0000] {logging_mixin.py:190} INFO - [2025-05-01T15:19:59.483+0000] {dag.py:4180} INFO - Setting next_dagrun for PlanningEngine to None, run_after=None
[2025-05-01T15:19:59.503+0000] {processor.py:208} INFO - Processing /opt/airflow/dags/airflowDAG.py took 0.167 seconds
[2025-05-01T15:20:29.682+0000] {processor.py:186} INFO - Started process (PID=218) to work on /opt/airflow/dags/airflowDAG.py
[2025-05-01T15:20:29.683+0000] {processor.py:914} INFO - Processing file /opt/airflow/dags/airflowDAG.py for tasks to queue
[2025-05-01T15:20:29.685+0000] {logging_mixin.py:190} INFO - [2025-05-01T15:20:29.685+0000] {dagbag.py:588} INFO - Filling up the DagBag from /opt/airflow/dags/airflowDAG.py
[2025-05-01T15:20:29.803+0000] {processor.py:925} INFO - DAG(s) 'PlanningEngine' retrieved from /opt/airflow/dags/airflowDAG.py
[2025-05-01T15:20:29.829+0000] {logging_mixin.py:190} INFO - [2025-05-01T15:20:29.828+0000] {dag.py:3239} INFO - Sync 1 DAGs
[2025-05-01T15:20:29.843+0000] {logging_mixin.py:190} INFO - [2025-05-01T15:20:29.843+0000] {dag.py:4180} INFO - Setting next_dagrun for PlanningEngine to None, run_after=None
[2025-05-01T15:20:29.863+0000] {processor.py:208} INFO - Processing /opt/airflow/dags/airflowDAG.py took 0.186 seconds
[2025-05-01T15:20:49.467+0000] {processor.py:186} INFO - Started process (PID=225) to work on /opt/airflow/dags/airflowDAG.py
[2025-05-01T15:20:49.468+0000] {processor.py:914} INFO - Processing file /opt/airflow/dags/airflowDAG.py for tasks to queue
[2025-05-01T15:20:49.471+0000] {logging_mixin.py:190} INFO - [2025-05-01T15:20:49.471+0000] {dagbag.py:588} INFO - Filling up the DagBag from /opt/airflow/dags/airflowDAG.py
[2025-05-01T15:20:49.580+0000] {processor.py:925} INFO - DAG(s) 'PlanningEngine' retrieved from /opt/airflow/dags/airflowDAG.py
[2025-05-01T15:20:49.601+0000] {logging_mixin.py:190} INFO - [2025-05-01T15:20:49.601+0000] {dag.py:3239} INFO - Sync 1 DAGs
[2025-05-01T15:20:49.612+0000] {logging_mixin.py:190} INFO - [2025-05-01T15:20:49.612+0000] {dag.py:4180} INFO - Setting next_dagrun for PlanningEngine to None, run_after=None
[2025-05-01T15:20:49.635+0000] {processor.py:208} INFO - Processing /opt/airflow/dags/airflowDAG.py took 0.173 seconds
[2025-05-01T15:21:19.894+0000] {processor.py:186} INFO - Started process (PID=232) to work on /opt/airflow/dags/airflowDAG.py
[2025-05-01T15:21:19.895+0000] {processor.py:914} INFO - Processing file /opt/airflow/dags/airflowDAG.py for tasks to queue
[2025-05-01T15:21:19.898+0000] {logging_mixin.py:190} INFO - [2025-05-01T15:21:19.897+0000] {dagbag.py:588} INFO - Filling up the DagBag from /opt/airflow/dags/airflowDAG.py
[2025-05-01T15:21:20.001+0000] {processor.py:925} INFO - DAG(s) 'PlanningEngine' retrieved from /opt/airflow/dags/airflowDAG.py
[2025-05-01T15:21:20.024+0000] {logging_mixin.py:190} INFO - [2025-05-01T15:21:20.024+0000] {dag.py:3239} INFO - Sync 1 DAGs
[2025-05-01T15:21:20.037+0000] {logging_mixin.py:190} INFO - [2025-05-01T15:21:20.036+0000] {dag.py:4180} INFO - Setting next_dagrun for PlanningEngine to None, run_after=None
[2025-05-01T15:21:20.056+0000] {processor.py:208} INFO - Processing /opt/airflow/dags/airflowDAG.py took 0.167 seconds
[2025-05-01T15:21:50.548+0000] {processor.py:186} INFO - Started process (PID=239) to work on /opt/airflow/dags/airflowDAG.py
[2025-05-01T15:21:50.549+0000] {processor.py:914} INFO - Processing file /opt/airflow/dags/airflowDAG.py for tasks to queue
[2025-05-01T15:21:50.552+0000] {logging_mixin.py:190} INFO - [2025-05-01T15:21:50.552+0000] {dagbag.py:588} INFO - Filling up the DagBag from /opt/airflow/dags/airflowDAG.py
[2025-05-01T15:21:50.667+0000] {processor.py:925} INFO - DAG(s) 'PlanningEngine' retrieved from /opt/airflow/dags/airflowDAG.py
[2025-05-01T15:21:50.692+0000] {logging_mixin.py:190} INFO - [2025-05-01T15:21:50.691+0000] {dag.py:3239} INFO - Sync 1 DAGs
[2025-05-01T15:21:50.705+0000] {logging_mixin.py:190} INFO - [2025-05-01T15:21:50.705+0000] {dag.py:4180} INFO - Setting next_dagrun for PlanningEngine to None, run_after=None
[2025-05-01T15:21:50.726+0000] {processor.py:208} INFO - Processing /opt/airflow/dags/airflowDAG.py took 0.184 seconds
[2025-05-01T15:22:19.611+0000] {processor.py:186} INFO - Started process (PID=246) to work on /opt/airflow/dags/airflowDAG.py
[2025-05-01T15:22:19.612+0000] {processor.py:914} INFO - Processing file /opt/airflow/dags/airflowDAG.py for tasks to queue
[2025-05-01T15:22:19.615+0000] {logging_mixin.py:190} INFO - [2025-05-01T15:22:19.615+0000] {dagbag.py:588} INFO - Filling up the DagBag from /opt/airflow/dags/airflowDAG.py
[2025-05-01T15:22:19.730+0000] {processor.py:925} INFO - DAG(s) 'PlanningEngine' retrieved from /opt/airflow/dags/airflowDAG.py
[2025-05-01T15:22:19.754+0000] {logging_mixin.py:190} INFO - [2025-05-01T15:22:19.754+0000] {dag.py:3239} INFO - Sync 1 DAGs
[2025-05-01T15:22:19.768+0000] {logging_mixin.py:190} INFO - [2025-05-01T15:22:19.768+0000] {dag.py:4180} INFO - Setting next_dagrun for PlanningEngine to None, run_after=None
[2025-05-01T15:22:19.789+0000] {processor.py:208} INFO - Processing /opt/airflow/dags/airflowDAG.py took 0.185 seconds
[2025-05-01T15:22:44.661+0000] {processor.py:186} INFO - Started process (PID=253) to work on /opt/airflow/dags/airflowDAG.py
[2025-05-01T15:22:44.663+0000] {processor.py:914} INFO - Processing file /opt/airflow/dags/airflowDAG.py for tasks to queue
[2025-05-01T15:22:44.665+0000] {logging_mixin.py:190} INFO - [2025-05-01T15:22:44.665+0000] {dagbag.py:588} INFO - Filling up the DagBag from /opt/airflow/dags/airflowDAG.py
[2025-05-01T15:22:44.770+0000] {processor.py:925} INFO - DAG(s) 'PlanningEngine' retrieved from /opt/airflow/dags/airflowDAG.py
[2025-05-01T15:22:44.792+0000] {logging_mixin.py:190} INFO - [2025-05-01T15:22:44.792+0000] {dag.py:3239} INFO - Sync 1 DAGs
[2025-05-01T15:22:44.804+0000] {logging_mixin.py:190} INFO - [2025-05-01T15:22:44.804+0000] {dag.py:4180} INFO - Setting next_dagrun for PlanningEngine to None, run_after=None
[2025-05-01T15:22:44.829+0000] {processor.py:208} INFO - Processing /opt/airflow/dags/airflowDAG.py took 0.173 seconds
[2025-05-01T15:23:15.154+0000] {processor.py:186} INFO - Started process (PID=261) to work on /opt/airflow/dags/airflowDAG.py
[2025-05-01T15:23:15.155+0000] {processor.py:914} INFO - Processing file /opt/airflow/dags/airflowDAG.py for tasks to queue
[2025-05-01T15:23:15.157+0000] {logging_mixin.py:190} INFO - [2025-05-01T15:23:15.157+0000] {dagbag.py:588} INFO - Filling up the DagBag from /opt/airflow/dags/airflowDAG.py
[2025-05-01T15:23:15.266+0000] {processor.py:925} INFO - DAG(s) 'PlanningEngine' retrieved from /opt/airflow/dags/airflowDAG.py
[2025-05-01T15:23:15.287+0000] {logging_mixin.py:190} INFO - [2025-05-01T15:23:15.287+0000] {dag.py:3239} INFO - Sync 1 DAGs
[2025-05-01T15:23:15.299+0000] {logging_mixin.py:190} INFO - [2025-05-01T15:23:15.299+0000] {dag.py:4180} INFO - Setting next_dagrun for PlanningEngine to None, run_after=None
[2025-05-01T15:23:15.319+0000] {processor.py:208} INFO - Processing /opt/airflow/dags/airflowDAG.py took 0.171 seconds
[2025-05-01T15:23:45.955+0000] {processor.py:186} INFO - Started process (PID=268) to work on /opt/airflow/dags/airflowDAG.py
[2025-05-01T15:23:45.956+0000] {processor.py:914} INFO - Processing file /opt/airflow/dags/airflowDAG.py for tasks to queue
[2025-05-01T15:23:45.958+0000] {logging_mixin.py:190} INFO - [2025-05-01T15:23:45.957+0000] {dagbag.py:588} INFO - Filling up the DagBag from /opt/airflow/dags/airflowDAG.py
[2025-05-01T15:23:46.070+0000] {processor.py:925} INFO - DAG(s) 'PlanningEngine' retrieved from /opt/airflow/dags/airflowDAG.py
[2025-05-01T15:23:46.096+0000] {logging_mixin.py:190} INFO - [2025-05-01T15:23:46.095+0000] {dag.py:3239} INFO - Sync 1 DAGs
[2025-05-01T15:23:46.109+0000] {logging_mixin.py:190} INFO - [2025-05-01T15:23:46.109+0000] {dag.py:4180} INFO - Setting next_dagrun for PlanningEngine to None, run_after=None
[2025-05-01T15:23:46.132+0000] {processor.py:208} INFO - Processing /opt/airflow/dags/airflowDAG.py took 0.182 seconds
[2025-05-01T15:24:16.346+0000] {processor.py:186} INFO - Started process (PID=275) to work on /opt/airflow/dags/airflowDAG.py
[2025-05-01T15:24:16.347+0000] {processor.py:914} INFO - Processing file /opt/airflow/dags/airflowDAG.py for tasks to queue
[2025-05-01T15:24:16.350+0000] {logging_mixin.py:190} INFO - [2025-05-01T15:24:16.349+0000] {dagbag.py:588} INFO - Filling up the DagBag from /opt/airflow/dags/airflowDAG.py
[2025-05-01T15:24:16.462+0000] {processor.py:925} INFO - DAG(s) 'PlanningEngine' retrieved from /opt/airflow/dags/airflowDAG.py
[2025-05-01T15:24:16.483+0000] {logging_mixin.py:190} INFO - [2025-05-01T15:24:16.483+0000] {dag.py:3239} INFO - Sync 1 DAGs
[2025-05-01T15:24:16.495+0000] {logging_mixin.py:190} INFO - [2025-05-01T15:24:16.495+0000] {dag.py:4180} INFO - Setting next_dagrun for PlanningEngine to None, run_after=None
[2025-05-01T15:24:16.515+0000] {processor.py:208} INFO - Processing /opt/airflow/dags/airflowDAG.py took 0.175 seconds
[2025-05-01T15:24:46.844+0000] {processor.py:186} INFO - Started process (PID=288) to work on /opt/airflow/dags/airflowDAG.py
[2025-05-01T15:24:46.845+0000] {processor.py:914} INFO - Processing file /opt/airflow/dags/airflowDAG.py for tasks to queue
[2025-05-01T15:24:46.847+0000] {logging_mixin.py:190} INFO - [2025-05-01T15:24:46.847+0000] {dagbag.py:588} INFO - Filling up the DagBag from /opt/airflow/dags/airflowDAG.py
[2025-05-01T15:24:46.960+0000] {processor.py:925} INFO - DAG(s) 'PlanningEngine' retrieved from /opt/airflow/dags/airflowDAG.py
[2025-05-01T15:24:46.984+0000] {logging_mixin.py:190} INFO - [2025-05-01T15:24:46.984+0000] {dag.py:3239} INFO - Sync 1 DAGs
[2025-05-01T15:24:46.997+0000] {logging_mixin.py:190} INFO - [2025-05-01T15:24:46.996+0000] {dag.py:4180} INFO - Setting next_dagrun for PlanningEngine to None, run_after=None
[2025-05-01T15:24:47.016+0000] {processor.py:208} INFO - Processing /opt/airflow/dags/airflowDAG.py took 0.177 seconds
[2025-05-01T15:25:17.600+0000] {processor.py:186} INFO - Started process (PID=295) to work on /opt/airflow/dags/airflowDAG.py
[2025-05-01T15:25:17.601+0000] {processor.py:914} INFO - Processing file /opt/airflow/dags/airflowDAG.py for tasks to queue
[2025-05-01T15:25:17.604+0000] {logging_mixin.py:190} INFO - [2025-05-01T15:25:17.603+0000] {dagbag.py:588} INFO - Filling up the DagBag from /opt/airflow/dags/airflowDAG.py
[2025-05-01T15:25:17.722+0000] {processor.py:925} INFO - DAG(s) 'PlanningEngine' retrieved from /opt/airflow/dags/airflowDAG.py
[2025-05-01T15:25:17.753+0000] {logging_mixin.py:190} INFO - [2025-05-01T15:25:17.752+0000] {dag.py:3239} INFO - Sync 1 DAGs
[2025-05-01T15:25:17.766+0000] {logging_mixin.py:190} INFO - [2025-05-01T15:25:17.765+0000] {dag.py:4180} INFO - Setting next_dagrun for PlanningEngine to None, run_after=None
[2025-05-01T15:25:17.783+0000] {processor.py:208} INFO - Processing /opt/airflow/dags/airflowDAG.py took 0.189 seconds
[2025-05-01T15:25:48.487+0000] {processor.py:186} INFO - Started process (PID=302) to work on /opt/airflow/dags/airflowDAG.py
[2025-05-01T15:25:48.488+0000] {processor.py:914} INFO - Processing file /opt/airflow/dags/airflowDAG.py for tasks to queue
[2025-05-01T15:25:48.490+0000] {logging_mixin.py:190} INFO - [2025-05-01T15:25:48.490+0000] {dagbag.py:588} INFO - Filling up the DagBag from /opt/airflow/dags/airflowDAG.py
[2025-05-01T15:25:48.598+0000] {processor.py:925} INFO - DAG(s) 'PlanningEngine' retrieved from /opt/airflow/dags/airflowDAG.py
[2025-05-01T15:25:48.622+0000] {logging_mixin.py:190} INFO - [2025-05-01T15:25:48.621+0000] {dag.py:3239} INFO - Sync 1 DAGs
[2025-05-01T15:25:48.634+0000] {logging_mixin.py:190} INFO - [2025-05-01T15:25:48.634+0000] {dag.py:4180} INFO - Setting next_dagrun for PlanningEngine to None, run_after=None
[2025-05-01T15:25:48.657+0000] {processor.py:208} INFO - Processing /opt/airflow/dags/airflowDAG.py took 0.175 seconds
[2025-05-01T15:25:57.631+0000] {processor.py:186} INFO - Started process (PID=303) to work on /opt/airflow/dags/airflowDAG.py
[2025-05-01T15:25:57.632+0000] {processor.py:914} INFO - Processing file /opt/airflow/dags/airflowDAG.py for tasks to queue
[2025-05-01T15:25:57.635+0000] {logging_mixin.py:190} INFO - [2025-05-01T15:25:57.634+0000] {dagbag.py:588} INFO - Filling up the DagBag from /opt/airflow/dags/airflowDAG.py
[2025-05-01T15:25:57.745+0000] {processor.py:925} INFO - DAG(s) 'PlanningEngine' retrieved from /opt/airflow/dags/airflowDAG.py
[2025-05-01T15:25:57.766+0000] {logging_mixin.py:190} INFO - [2025-05-01T15:25:57.765+0000] {dag.py:3239} INFO - Sync 1 DAGs
[2025-05-01T15:25:57.778+0000] {logging_mixin.py:190} INFO - [2025-05-01T15:25:57.777+0000] {dag.py:4180} INFO - Setting next_dagrun for PlanningEngine to None, run_after=None
[2025-05-01T15:25:57.801+0000] {processor.py:208} INFO - Processing /opt/airflow/dags/airflowDAG.py took 0.176 seconds
[2025-05-01T15:26:28.581+0000] {processor.py:186} INFO - Started process (PID=310) to work on /opt/airflow/dags/airflowDAG.py
[2025-05-01T15:26:28.582+0000] {processor.py:914} INFO - Processing file /opt/airflow/dags/airflowDAG.py for tasks to queue
[2025-05-01T15:26:28.585+0000] {logging_mixin.py:190} INFO - [2025-05-01T15:26:28.585+0000] {dagbag.py:588} INFO - Filling up the DagBag from /opt/airflow/dags/airflowDAG.py
[2025-05-01T15:26:28.687+0000] {processor.py:925} INFO - DAG(s) 'PlanningEngine' retrieved from /opt/airflow/dags/airflowDAG.py
[2025-05-01T15:26:28.709+0000] {logging_mixin.py:190} INFO - [2025-05-01T15:26:28.709+0000] {dag.py:3239} INFO - Sync 1 DAGs
[2025-05-01T15:26:28.722+0000] {logging_mixin.py:190} INFO - [2025-05-01T15:26:28.722+0000] {dag.py:4180} INFO - Setting next_dagrun for PlanningEngine to None, run_after=None
[2025-05-01T15:26:28.747+0000] {processor.py:208} INFO - Processing /opt/airflow/dags/airflowDAG.py took 0.170 seconds
[2025-05-01T15:26:58.965+0000] {processor.py:186} INFO - Started process (PID=317) to work on /opt/airflow/dags/airflowDAG.py
[2025-05-01T15:26:58.966+0000] {processor.py:914} INFO - Processing file /opt/airflow/dags/airflowDAG.py for tasks to queue
[2025-05-01T15:26:58.968+0000] {logging_mixin.py:190} INFO - [2025-05-01T15:26:58.968+0000] {dagbag.py:588} INFO - Filling up the DagBag from /opt/airflow/dags/airflowDAG.py
[2025-05-01T15:26:59.086+0000] {processor.py:925} INFO - DAG(s) 'PlanningEngine' retrieved from /opt/airflow/dags/airflowDAG.py
[2025-05-01T15:26:59.108+0000] {logging_mixin.py:190} INFO - [2025-05-01T15:26:59.108+0000] {dag.py:3239} INFO - Sync 1 DAGs
[2025-05-01T15:26:59.121+0000] {logging_mixin.py:190} INFO - [2025-05-01T15:26:59.121+0000] {dag.py:4180} INFO - Setting next_dagrun for PlanningEngine to None, run_after=None
[2025-05-01T15:26:59.143+0000] {processor.py:208} INFO - Processing /opt/airflow/dags/airflowDAG.py took 0.184 seconds
[2025-05-01T15:27:29.508+0000] {processor.py:186} INFO - Started process (PID=324) to work on /opt/airflow/dags/airflowDAG.py
[2025-05-01T15:27:29.509+0000] {processor.py:914} INFO - Processing file /opt/airflow/dags/airflowDAG.py for tasks to queue
[2025-05-01T15:27:29.511+0000] {logging_mixin.py:190} INFO - [2025-05-01T15:27:29.511+0000] {dagbag.py:588} INFO - Filling up the DagBag from /opt/airflow/dags/airflowDAG.py
[2025-05-01T15:27:29.613+0000] {processor.py:925} INFO - DAG(s) 'PlanningEngine' retrieved from /opt/airflow/dags/airflowDAG.py
[2025-05-01T15:27:29.636+0000] {logging_mixin.py:190} INFO - [2025-05-01T15:27:29.636+0000] {dag.py:3239} INFO - Sync 1 DAGs
[2025-05-01T15:27:29.649+0000] {logging_mixin.py:190} INFO - [2025-05-01T15:27:29.648+0000] {dag.py:4180} INFO - Setting next_dagrun for PlanningEngine to None, run_after=None
[2025-05-01T15:27:29.790+0000] {processor.py:208} INFO - Processing /opt/airflow/dags/airflowDAG.py took 0.287 seconds
[2025-05-01T15:28:00.165+0000] {processor.py:186} INFO - Started process (PID=337) to work on /opt/airflow/dags/airflowDAG.py
[2025-05-01T15:28:00.166+0000] {processor.py:914} INFO - Processing file /opt/airflow/dags/airflowDAG.py for tasks to queue
[2025-05-01T15:28:00.168+0000] {logging_mixin.py:190} INFO - [2025-05-01T15:28:00.167+0000] {dagbag.py:588} INFO - Filling up the DagBag from /opt/airflow/dags/airflowDAG.py
[2025-05-01T15:28:00.276+0000] {processor.py:925} INFO - DAG(s) 'PlanningEngine' retrieved from /opt/airflow/dags/airflowDAG.py
[2025-05-01T15:28:00.300+0000] {logging_mixin.py:190} INFO - [2025-05-01T15:28:00.300+0000] {dag.py:3239} INFO - Sync 1 DAGs
[2025-05-01T15:28:00.312+0000] {logging_mixin.py:190} INFO - [2025-05-01T15:28:00.312+0000] {dag.py:4180} INFO - Setting next_dagrun for PlanningEngine to None, run_after=None
[2025-05-01T15:28:00.334+0000] {processor.py:208} INFO - Processing /opt/airflow/dags/airflowDAG.py took 0.174 seconds
[2025-05-01T15:28:30.379+0000] {processor.py:186} INFO - Started process (PID=344) to work on /opt/airflow/dags/airflowDAG.py
[2025-05-01T15:28:30.380+0000] {processor.py:914} INFO - Processing file /opt/airflow/dags/airflowDAG.py for tasks to queue
[2025-05-01T15:28:30.382+0000] {logging_mixin.py:190} INFO - [2025-05-01T15:28:30.382+0000] {dagbag.py:588} INFO - Filling up the DagBag from /opt/airflow/dags/airflowDAG.py
[2025-05-01T15:28:30.481+0000] {processor.py:925} INFO - DAG(s) 'PlanningEngine' retrieved from /opt/airflow/dags/airflowDAG.py
[2025-05-01T15:28:30.503+0000] {logging_mixin.py:190} INFO - [2025-05-01T15:28:30.503+0000] {dag.py:3239} INFO - Sync 1 DAGs
[2025-05-01T15:28:30.517+0000] {logging_mixin.py:190} INFO - [2025-05-01T15:28:30.516+0000] {dag.py:4180} INFO - Setting next_dagrun for PlanningEngine to None, run_after=None
[2025-05-01T15:28:30.537+0000] {processor.py:208} INFO - Processing /opt/airflow/dags/airflowDAG.py took 0.163 seconds
[2025-05-01T15:29:00.919+0000] {processor.py:186} INFO - Started process (PID=351) to work on /opt/airflow/dags/airflowDAG.py
[2025-05-01T15:29:00.920+0000] {processor.py:914} INFO - Processing file /opt/airflow/dags/airflowDAG.py for tasks to queue
[2025-05-01T15:29:00.923+0000] {logging_mixin.py:190} INFO - [2025-05-01T15:29:00.923+0000] {dagbag.py:588} INFO - Filling up the DagBag from /opt/airflow/dags/airflowDAG.py
[2025-05-01T15:29:01.026+0000] {processor.py:925} INFO - DAG(s) 'PlanningEngine' retrieved from /opt/airflow/dags/airflowDAG.py
[2025-05-01T15:29:01.048+0000] {logging_mixin.py:190} INFO - [2025-05-01T15:29:01.048+0000] {dag.py:3239} INFO - Sync 1 DAGs
[2025-05-01T15:29:01.060+0000] {logging_mixin.py:190} INFO - [2025-05-01T15:29:01.059+0000] {dag.py:4180} INFO - Setting next_dagrun for PlanningEngine to None, run_after=None
[2025-05-01T15:29:01.080+0000] {processor.py:208} INFO - Processing /opt/airflow/dags/airflowDAG.py took 0.166 seconds
[2025-05-01T15:29:31.348+0000] {processor.py:186} INFO - Started process (PID=358) to work on /opt/airflow/dags/airflowDAG.py
[2025-05-01T15:29:31.349+0000] {processor.py:914} INFO - Processing file /opt/airflow/dags/airflowDAG.py for tasks to queue
[2025-05-01T15:29:31.351+0000] {logging_mixin.py:190} INFO - [2025-05-01T15:29:31.351+0000] {dagbag.py:588} INFO - Filling up the DagBag from /opt/airflow/dags/airflowDAG.py
[2025-05-01T15:29:31.454+0000] {processor.py:925} INFO - DAG(s) 'PlanningEngine' retrieved from /opt/airflow/dags/airflowDAG.py
[2025-05-01T15:29:31.477+0000] {logging_mixin.py:190} INFO - [2025-05-01T15:29:31.476+0000] {dag.py:3239} INFO - Sync 1 DAGs
[2025-05-01T15:29:31.489+0000] {logging_mixin.py:190} INFO - [2025-05-01T15:29:31.489+0000] {dag.py:4180} INFO - Setting next_dagrun for PlanningEngine to None, run_after=None
[2025-05-01T15:29:31.513+0000] {processor.py:208} INFO - Processing /opt/airflow/dags/airflowDAG.py took 0.170 seconds
[2025-05-01T15:30:02.134+0000] {processor.py:186} INFO - Started process (PID=364) to work on /opt/airflow/dags/airflowDAG.py
[2025-05-01T15:30:02.135+0000] {processor.py:914} INFO - Processing file /opt/airflow/dags/airflowDAG.py for tasks to queue
[2025-05-01T15:30:02.137+0000] {logging_mixin.py:190} INFO - [2025-05-01T15:30:02.136+0000] {dagbag.py:588} INFO - Filling up the DagBag from /opt/airflow/dags/airflowDAG.py
[2025-05-01T15:30:02.263+0000] {processor.py:925} INFO - DAG(s) 'PlanningEngine' retrieved from /opt/airflow/dags/airflowDAG.py
[2025-05-01T15:30:02.288+0000] {logging_mixin.py:190} INFO - [2025-05-01T15:30:02.288+0000] {dag.py:3239} INFO - Sync 1 DAGs
[2025-05-01T15:30:02.301+0000] {logging_mixin.py:190} INFO - [2025-05-01T15:30:02.301+0000] {dag.py:4180} INFO - Setting next_dagrun for PlanningEngine to None, run_after=None
[2025-05-01T15:30:02.331+0000] {processor.py:208} INFO - Processing /opt/airflow/dags/airflowDAG.py took 0.203 seconds
[2025-05-01T15:30:32.646+0000] {processor.py:186} INFO - Started process (PID=371) to work on /opt/airflow/dags/airflowDAG.py
[2025-05-01T15:30:32.647+0000] {processor.py:914} INFO - Processing file /opt/airflow/dags/airflowDAG.py for tasks to queue
[2025-05-01T15:30:32.649+0000] {logging_mixin.py:190} INFO - [2025-05-01T15:30:32.649+0000] {dagbag.py:588} INFO - Filling up the DagBag from /opt/airflow/dags/airflowDAG.py
[2025-05-01T15:30:32.753+0000] {processor.py:925} INFO - DAG(s) 'PlanningEngine' retrieved from /opt/airflow/dags/airflowDAG.py
[2025-05-01T15:30:32.774+0000] {logging_mixin.py:190} INFO - [2025-05-01T15:30:32.773+0000] {dag.py:3239} INFO - Sync 1 DAGs
[2025-05-01T15:30:32.787+0000] {logging_mixin.py:190} INFO - [2025-05-01T15:30:32.787+0000] {dag.py:4180} INFO - Setting next_dagrun for PlanningEngine to None, run_after=None
[2025-05-01T15:30:32.809+0000] {processor.py:208} INFO - Processing /opt/airflow/dags/airflowDAG.py took 0.168 seconds
[2025-05-01T15:31:03.152+0000] {processor.py:186} INFO - Started process (PID=378) to work on /opt/airflow/dags/airflowDAG.py
[2025-05-01T15:31:03.153+0000] {processor.py:914} INFO - Processing file /opt/airflow/dags/airflowDAG.py for tasks to queue
[2025-05-01T15:31:03.156+0000] {logging_mixin.py:190} INFO - [2025-05-01T15:31:03.156+0000] {dagbag.py:588} INFO - Filling up the DagBag from /opt/airflow/dags/airflowDAG.py
[2025-05-01T15:31:03.264+0000] {processor.py:925} INFO - DAG(s) 'PlanningEngine' retrieved from /opt/airflow/dags/airflowDAG.py
[2025-05-01T15:31:03.286+0000] {logging_mixin.py:190} INFO - [2025-05-01T15:31:03.286+0000] {dag.py:3239} INFO - Sync 1 DAGs
[2025-05-01T15:31:03.299+0000] {logging_mixin.py:190} INFO - [2025-05-01T15:31:03.298+0000] {dag.py:4180} INFO - Setting next_dagrun for PlanningEngine to None, run_after=None
[2025-05-01T15:31:03.318+0000] {processor.py:208} INFO - Processing /opt/airflow/dags/airflowDAG.py took 0.172 seconds
[2025-05-01T15:31:33.596+0000] {processor.py:186} INFO - Started process (PID=385) to work on /opt/airflow/dags/airflowDAG.py
[2025-05-01T15:31:33.598+0000] {processor.py:914} INFO - Processing file /opt/airflow/dags/airflowDAG.py for tasks to queue
[2025-05-01T15:31:33.600+0000] {logging_mixin.py:190} INFO - [2025-05-01T15:31:33.600+0000] {dagbag.py:588} INFO - Filling up the DagBag from /opt/airflow/dags/airflowDAG.py
[2025-05-01T15:31:33.715+0000] {processor.py:925} INFO - DAG(s) 'PlanningEngine' retrieved from /opt/airflow/dags/airflowDAG.py
[2025-05-01T15:31:33.741+0000] {logging_mixin.py:190} INFO - [2025-05-01T15:31:33.741+0000] {dag.py:3239} INFO - Sync 1 DAGs
[2025-05-01T15:31:33.754+0000] {logging_mixin.py:190} INFO - [2025-05-01T15:31:33.754+0000] {dag.py:4180} INFO - Setting next_dagrun for PlanningEngine to None, run_after=None
[2025-05-01T15:31:33.778+0000] {processor.py:208} INFO - Processing /opt/airflow/dags/airflowDAG.py took 0.191 seconds
[2025-05-01T15:32:03.962+0000] {processor.py:186} INFO - Started process (PID=396) to work on /opt/airflow/dags/airflowDAG.py
[2025-05-01T15:32:03.963+0000] {processor.py:914} INFO - Processing file /opt/airflow/dags/airflowDAG.py for tasks to queue
[2025-05-01T15:32:03.965+0000] {logging_mixin.py:190} INFO - [2025-05-01T15:32:03.965+0000] {dagbag.py:588} INFO - Filling up the DagBag from /opt/airflow/dags/airflowDAG.py
[2025-05-01T15:32:04.079+0000] {processor.py:925} INFO - DAG(s) 'PlanningEngine' retrieved from /opt/airflow/dags/airflowDAG.py
[2025-05-01T15:32:04.118+0000] {logging_mixin.py:190} INFO - [2025-05-01T15:32:04.117+0000] {dag.py:3239} INFO - Sync 1 DAGs
[2025-05-01T15:32:04.134+0000] {logging_mixin.py:190} INFO - [2025-05-01T15:32:04.133+0000] {dag.py:4180} INFO - Setting next_dagrun for PlanningEngine to None, run_after=None
[2025-05-01T15:32:04.154+0000] {processor.py:208} INFO - Processing /opt/airflow/dags/airflowDAG.py took 0.197 seconds
[2025-05-01T15:32:34.402+0000] {processor.py:186} INFO - Started process (PID=409) to work on /opt/airflow/dags/airflowDAG.py
[2025-05-01T15:32:34.403+0000] {processor.py:914} INFO - Processing file /opt/airflow/dags/airflowDAG.py for tasks to queue
[2025-05-01T15:32:34.406+0000] {logging_mixin.py:190} INFO - [2025-05-01T15:32:34.405+0000] {dagbag.py:588} INFO - Filling up the DagBag from /opt/airflow/dags/airflowDAG.py
[2025-05-01T15:32:34.516+0000] {processor.py:925} INFO - DAG(s) 'PlanningEngine' retrieved from /opt/airflow/dags/airflowDAG.py
[2025-05-01T15:32:34.536+0000] {logging_mixin.py:190} INFO - [2025-05-01T15:32:34.536+0000] {dag.py:3239} INFO - Sync 1 DAGs
[2025-05-01T15:32:34.549+0000] {logging_mixin.py:190} INFO - [2025-05-01T15:32:34.548+0000] {dag.py:4180} INFO - Setting next_dagrun for PlanningEngine to None, run_after=None
[2025-05-01T15:32:34.574+0000] {processor.py:208} INFO - Processing /opt/airflow/dags/airflowDAG.py took 0.178 seconds
[2025-05-01T15:33:04.767+0000] {processor.py:186} INFO - Started process (PID=416) to work on /opt/airflow/dags/airflowDAG.py
[2025-05-01T15:33:04.769+0000] {processor.py:914} INFO - Processing file /opt/airflow/dags/airflowDAG.py for tasks to queue
[2025-05-01T15:33:04.772+0000] {logging_mixin.py:190} INFO - [2025-05-01T15:33:04.771+0000] {dagbag.py:588} INFO - Filling up the DagBag from /opt/airflow/dags/airflowDAG.py
[2025-05-01T15:33:04.899+0000] {processor.py:925} INFO - DAG(s) 'PlanningEngine' retrieved from /opt/airflow/dags/airflowDAG.py
[2025-05-01T15:33:04.925+0000] {logging_mixin.py:190} INFO - [2025-05-01T15:33:04.924+0000] {dag.py:3239} INFO - Sync 1 DAGs
[2025-05-01T15:33:04.938+0000] {logging_mixin.py:190} INFO - [2025-05-01T15:33:04.938+0000] {dag.py:4180} INFO - Setting next_dagrun for PlanningEngine to None, run_after=None
[2025-05-01T15:33:04.962+0000] {processor.py:208} INFO - Processing /opt/airflow/dags/airflowDAG.py took 0.201 seconds
[2025-05-01T15:33:35.240+0000] {processor.py:186} INFO - Started process (PID=423) to work on /opt/airflow/dags/airflowDAG.py
[2025-05-01T15:33:35.242+0000] {processor.py:914} INFO - Processing file /opt/airflow/dags/airflowDAG.py for tasks to queue
[2025-05-01T15:33:35.246+0000] {logging_mixin.py:190} INFO - [2025-05-01T15:33:35.245+0000] {dagbag.py:588} INFO - Filling up the DagBag from /opt/airflow/dags/airflowDAG.py
[2025-05-01T15:33:35.387+0000] {processor.py:925} INFO - DAG(s) 'PlanningEngine' retrieved from /opt/airflow/dags/airflowDAG.py
[2025-05-01T15:33:35.415+0000] {logging_mixin.py:190} INFO - [2025-05-01T15:33:35.414+0000] {dag.py:3239} INFO - Sync 1 DAGs
[2025-05-01T15:33:35.429+0000] {logging_mixin.py:190} INFO - [2025-05-01T15:33:35.429+0000] {dag.py:4180} INFO - Setting next_dagrun for PlanningEngine to None, run_after=None
[2025-05-01T15:33:35.454+0000] {processor.py:208} INFO - Processing /opt/airflow/dags/airflowDAG.py took 0.220 seconds
[2025-05-01T15:34:05.531+0000] {processor.py:186} INFO - Started process (PID=430) to work on /opt/airflow/dags/airflowDAG.py
[2025-05-01T15:34:05.532+0000] {processor.py:914} INFO - Processing file /opt/airflow/dags/airflowDAG.py for tasks to queue
[2025-05-01T15:34:05.534+0000] {logging_mixin.py:190} INFO - [2025-05-01T15:34:05.534+0000] {dagbag.py:588} INFO - Filling up the DagBag from /opt/airflow/dags/airflowDAG.py
[2025-05-01T15:34:05.637+0000] {processor.py:925} INFO - DAG(s) 'PlanningEngine' retrieved from /opt/airflow/dags/airflowDAG.py
[2025-05-01T15:34:05.660+0000] {logging_mixin.py:190} INFO - [2025-05-01T15:34:05.660+0000] {dag.py:3239} INFO - Sync 1 DAGs
[2025-05-01T15:34:05.672+0000] {logging_mixin.py:190} INFO - [2025-05-01T15:34:05.671+0000] {dag.py:4180} INFO - Setting next_dagrun for PlanningEngine to None, run_after=None
[2025-05-01T15:34:05.695+0000] {processor.py:208} INFO - Processing /opt/airflow/dags/airflowDAG.py took 0.169 seconds
[2025-05-01T15:34:36.159+0000] {processor.py:186} INFO - Started process (PID=437) to work on /opt/airflow/dags/airflowDAG.py
[2025-05-01T15:34:36.160+0000] {processor.py:914} INFO - Processing file /opt/airflow/dags/airflowDAG.py for tasks to queue
[2025-05-01T15:34:36.163+0000] {logging_mixin.py:190} INFO - [2025-05-01T15:34:36.162+0000] {dagbag.py:588} INFO - Filling up the DagBag from /opt/airflow/dags/airflowDAG.py
[2025-05-01T15:35:02.905+0000] {processor.py:925} INFO - DAG(s) 'PlanningEngine' retrieved from /opt/airflow/dags/airflowDAG.py
[2025-05-01T15:34:35.809+0000] {logging_mixin.py:190} INFO - [2025-05-01T15:34:35.809+0000] {dag.py:3239} INFO - Sync 1 DAGs
[2025-05-01T15:34:35.823+0000] {logging_mixin.py:190} INFO - [2025-05-01T15:34:35.822+0000] {dag.py:4180} INFO - Setting next_dagrun for PlanningEngine to None, run_after=None
[2025-05-01T15:34:35.842+0000] {processor.py:208} INFO - Processing /opt/airflow/dags/airflowDAG.py took 0.190 seconds
[2025-05-01T15:35:06.128+0000] {processor.py:186} INFO - Started process (PID=444) to work on /opt/airflow/dags/airflowDAG.py
[2025-05-01T15:35:06.129+0000] {processor.py:914} INFO - Processing file /opt/airflow/dags/airflowDAG.py for tasks to queue
[2025-05-01T15:35:06.133+0000] {logging_mixin.py:190} INFO - [2025-05-01T15:35:06.132+0000] {dagbag.py:588} INFO - Filling up the DagBag from /opt/airflow/dags/airflowDAG.py
[2025-05-01T15:35:06.254+0000] {processor.py:925} INFO - DAG(s) 'PlanningEngine' retrieved from /opt/airflow/dags/airflowDAG.py
[2025-05-01T15:35:06.279+0000] {logging_mixin.py:190} INFO - [2025-05-01T15:35:06.279+0000] {dag.py:3239} INFO - Sync 1 DAGs
[2025-05-01T15:35:06.291+0000] {logging_mixin.py:190} INFO - [2025-05-01T15:35:06.291+0000] {dag.py:4180} INFO - Setting next_dagrun for PlanningEngine to None, run_after=None
[2025-05-01T15:35:06.313+0000] {processor.py:208} INFO - Processing /opt/airflow/dags/airflowDAG.py took 0.192 seconds
[2025-05-01T15:35:36.841+0000] {processor.py:186} INFO - Started process (PID=451) to work on /opt/airflow/dags/airflowDAG.py
[2025-05-01T15:35:36.842+0000] {processor.py:914} INFO - Processing file /opt/airflow/dags/airflowDAG.py for tasks to queue
[2025-05-01T15:35:36.845+0000] {logging_mixin.py:190} INFO - [2025-05-01T15:35:36.845+0000] {dagbag.py:588} INFO - Filling up the DagBag from /opt/airflow/dags/airflowDAG.py
[2025-05-01T15:35:36.974+0000] {processor.py:925} INFO - DAG(s) 'PlanningEngine' retrieved from /opt/airflow/dags/airflowDAG.py
[2025-05-01T15:35:37.000+0000] {logging_mixin.py:190} INFO - [2025-05-01T15:35:36.999+0000] {dag.py:3239} INFO - Sync 1 DAGs
[2025-05-01T15:35:37.012+0000] {logging_mixin.py:190} INFO - [2025-05-01T15:35:37.012+0000] {dag.py:4180} INFO - Setting next_dagrun for PlanningEngine to None, run_after=None
[2025-05-01T15:35:37.034+0000] {processor.py:208} INFO - Processing /opt/airflow/dags/airflowDAG.py took 0.199 seconds
