[2025-05-31T15:05:07.477+0000] {local_task_job_runner.py:123} INFO - ::group::Pre task execution logs
[2025-05-31T15:05:07.492+0000] {taskinstance.py:2613} INFO - Dependencies all met for dep_context=non-requeueable deps ti=<TaskInstance: PlanningEngine.computeOptimalPlan manual__2025-05-31T15:04:13.949925+00:00 [queued]>
[2025-05-31T15:05:07.500+0000] {taskinstance.py:2613} INFO - Dependencies all met for dep_context=requeueable deps ti=<TaskInstance: PlanningEngine.computeOptimalPlan manual__2025-05-31T15:04:13.949925+00:00 [queued]>
[2025-05-31T15:05:07.501+0000] {taskinstance.py:2866} INFO - Starting attempt 1 of 2
[2025-05-31T15:05:07.514+0000] {taskinstance.py:2889} INFO - Executing <Task(PythonOperator): computeOptimalPlan> on 2025-05-31 15:04:13.949925+00:00
[2025-05-31T15:05:07.520+0000] {warnings.py:112} WARNING - /home/***/.local/lib/python3.12/site-packages/***/task/task_runner/standard_task_runner.py:70: DeprecationWarning: This process (pid=110) is multi-threaded, use of fork() may lead to deadlocks in the child.
  pid = os.fork()

[2025-05-31T15:05:07.521+0000] {standard_task_runner.py:72} INFO - Started process 111 to run task
[2025-05-31T15:05:07.521+0000] {standard_task_runner.py:104} INFO - Running: ['***', 'tasks', 'run', 'PlanningEngine', 'computeOptimalPlan', 'manual__2025-05-31T15:04:13.949925+00:00', '--job-id', '3450', '--raw', '--subdir', 'DAGS_FOLDER/***DAG.py', '--cfg-path', '/tmp/tmpwv666hof']
[2025-05-31T15:05:07.523+0000] {standard_task_runner.py:105} INFO - Job 3450: Subtask computeOptimalPlan
[2025-05-31T15:05:07.568+0000] {task_command.py:467} INFO - Running <TaskInstance: PlanningEngine.computeOptimalPlan manual__2025-05-31T15:04:13.949925+00:00 [running]> on host 34f0c172c2da
[2025-05-31T15:05:07.639+0000] {taskinstance.py:3132} INFO - Exporting env vars: AIRFLOW_CTX_DAG_OWNER='***' AIRFLOW_CTX_DAG_ID='PlanningEngine' AIRFLOW_CTX_TASK_ID='computeOptimalPlan' AIRFLOW_CTX_EXECUTION_DATE='2025-05-31T15:04:13.949925+00:00' AIRFLOW_CTX_TRY_NUMBER='1' AIRFLOW_CTX_DAG_RUN_ID='manual__2025-05-31T15:04:13.949925+00:00'
[2025-05-31T15:05:07.640+0000] {taskinstance.py:731} INFO - ::endgroup::
[2025-05-31T15:05:07.667+0000] {airflowDAG.py:346} INFO - DQ : 0.983 - ('missingValues/impute', 'duplicates', 'outliers/impute') 
[2025-05-31T15:05:07.668+0000] {airflowDAG.py:346} INFO - DQ : 0.983 - ('missingValues/impute', 'duplicates', 'outliers/drop') 
[2025-05-31T15:05:07.669+0000] {airflowDAG.py:346} INFO - DQ : 0.983 - ('missingValues/drop.rows', 'duplicates', 'outliers/impute') 
[2025-05-31T15:05:07.670+0000] {airflowDAG.py:346} INFO - DQ : 0.983 - ('missingValues/drop.rows', 'duplicates', 'outliers/drop') 
[2025-05-31T15:05:07.671+0000] {airflowDAG.py:346} INFO - DQ : 0.983 - ('missingValues/drop.columns', 'duplicates', 'outliers/impute') 
[2025-05-31T15:05:07.672+0000] {airflowDAG.py:346} INFO - DQ : 0.983 - ('missingValues/drop.columns', 'duplicates', 'outliers/drop') 
[2025-05-31T15:05:07.673+0000] {airflowDAG.py:346} INFO - DQ : 0.983 - ('missingValues/impute', 'outliers/impute', 'duplicates') 
[2025-05-31T15:05:07.674+0000] {airflowDAG.py:346} INFO - DQ : 0.983 - ('missingValues/impute', 'outliers/drop', 'duplicates') 
[2025-05-31T15:05:07.675+0000] {airflowDAG.py:346} INFO - DQ : 0.983 - ('missingValues/drop.rows', 'outliers/impute', 'duplicates') 
[2025-05-31T15:05:07.675+0000] {airflowDAG.py:346} INFO - DQ : 0.983 - ('missingValues/drop.rows', 'outliers/drop', 'duplicates') 
[2025-05-31T15:05:07.676+0000] {airflowDAG.py:346} INFO - DQ : 0.983 - ('missingValues/drop.columns', 'outliers/impute', 'duplicates') 
[2025-05-31T15:05:07.677+0000] {airflowDAG.py:346} INFO - DQ : 0.983 - ('missingValues/drop.columns', 'outliers/drop', 'duplicates') 
[2025-05-31T15:05:07.678+0000] {airflowDAG.py:346} INFO - DQ : 0.983 - ('duplicates', 'missingValues/impute', 'outliers/impute') 
[2025-05-31T15:05:07.679+0000] {airflowDAG.py:346} INFO - DQ : 0.983 - ('duplicates', 'missingValues/impute', 'outliers/drop') 
[2025-05-31T15:05:07.680+0000] {airflowDAG.py:346} INFO - DQ : 0.983 - ('duplicates', 'missingValues/drop.rows', 'outliers/impute') 
[2025-05-31T15:05:07.680+0000] {airflowDAG.py:346} INFO - DQ : 0.983 - ('duplicates', 'missingValues/drop.rows', 'outliers/drop') 
[2025-05-31T15:05:07.681+0000] {airflowDAG.py:346} INFO - DQ : 0.983 - ('duplicates', 'missingValues/drop.columns', 'outliers/impute') 
[2025-05-31T15:05:07.682+0000] {airflowDAG.py:346} INFO - DQ : 0.983 - ('duplicates', 'missingValues/drop.columns', 'outliers/drop') 
[2025-05-31T15:05:07.683+0000] {airflowDAG.py:346} INFO - DQ : 0.983 - ('duplicates', 'outliers/impute', 'missingValues/impute') 
[2025-05-31T15:05:07.683+0000] {airflowDAG.py:346} INFO - DQ : 0.983 - ('duplicates', 'outliers/impute', 'missingValues/drop.rows') 
[2025-05-31T15:05:07.684+0000] {airflowDAG.py:346} INFO - DQ : 0.983 - ('duplicates', 'outliers/impute', 'missingValues/drop.columns') 
[2025-05-31T15:05:07.684+0000] {airflowDAG.py:346} INFO - DQ : 0.983 - ('duplicates', 'outliers/drop', 'missingValues/impute') 
[2025-05-31T15:05:07.685+0000] {airflowDAG.py:346} INFO - DQ : 0.983 - ('duplicates', 'outliers/drop', 'missingValues/drop.rows') 
[2025-05-31T15:05:07.686+0000] {airflowDAG.py:346} INFO - DQ : 0.983 - ('duplicates', 'outliers/drop', 'missingValues/drop.columns') 
[2025-05-31T15:05:07.687+0000] {airflowDAG.py:346} INFO - DQ : 0.983 - ('outliers/impute', 'missingValues/impute', 'duplicates') 
[2025-05-31T15:05:07.688+0000] {airflowDAG.py:346} INFO - DQ : 0.983 - ('outliers/impute', 'missingValues/drop.rows', 'duplicates') 
[2025-05-31T15:05:07.689+0000] {airflowDAG.py:346} INFO - DQ : 0.983 - ('outliers/impute', 'missingValues/drop.columns', 'duplicates') 
[2025-05-31T15:05:07.690+0000] {airflowDAG.py:346} INFO - DQ : 0.983 - ('outliers/drop', 'missingValues/impute', 'duplicates') 
[2025-05-31T15:05:07.690+0000] {airflowDAG.py:346} INFO - DQ : 0.983 - ('outliers/drop', 'missingValues/drop.rows', 'duplicates') 
[2025-05-31T15:05:07.691+0000] {airflowDAG.py:346} INFO - DQ : 0.983 - ('outliers/drop', 'missingValues/drop.columns', 'duplicates') 
[2025-05-31T15:05:07.692+0000] {airflowDAG.py:346} INFO - DQ : 0.983 - ('outliers/impute', 'duplicates', 'missingValues/impute') 
[2025-05-31T15:05:07.692+0000] {airflowDAG.py:346} INFO - DQ : 0.983 - ('outliers/impute', 'duplicates', 'missingValues/drop.rows') 
[2025-05-31T15:05:07.693+0000] {airflowDAG.py:346} INFO - DQ : 0.983 - ('outliers/impute', 'duplicates', 'missingValues/drop.columns') 
[2025-05-31T15:05:07.694+0000] {airflowDAG.py:346} INFO - DQ : 0.983 - ('outliers/drop', 'duplicates', 'missingValues/impute') 
[2025-05-31T15:05:07.695+0000] {airflowDAG.py:346} INFO - DQ : 0.983 - ('outliers/drop', 'duplicates', 'missingValues/drop.rows') 
[2025-05-31T15:05:07.696+0000] {airflowDAG.py:346} INFO - DQ : 0.983 - ('outliers/drop', 'duplicates', 'missingValues/drop.columns') 
[2025-05-31T15:05:07.708+0000] {airflowDAG.py:382} INFO - Best plan ('outliers/drop', 'duplicates', 'missingValues/drop.columns') achieved DQ score of 0.983
[2025-05-31T15:05:07.748+0000] {python.py:240} INFO - Done. Returned value was: None
[2025-05-31T15:05:07.755+0000] {taskinstance.py:340} INFO - ::group::Post task execution logs
[2025-05-31T15:05:07.756+0000] {taskinstance.py:352} INFO - Marking task as SUCCESS. dag_id=PlanningEngine, task_id=computeOptimalPlan, run_id=manual__2025-05-31T15:04:13.949925+00:00, execution_date=20250531T150413, start_date=20250531T150507, end_date=20250531T150507
[2025-05-31T15:05:07.789+0000] {local_task_job_runner.py:266} INFO - Task exited with return code 0
[2025-05-31T15:05:07.809+0000] {taskinstance.py:3895} INFO - 1 downstream tasks scheduled from follow-on schedule check
[2025-05-31T15:05:07.813+0000] {local_task_job_runner.py:245} INFO - ::endgroup::
