[2025-05-31T13:57:56.858+0000] {local_task_job_runner.py:123} INFO - ::group::Pre task execution logs
[2025-05-31T13:57:56.871+0000] {taskinstance.py:2613} INFO - Dependencies all met for dep_context=non-requeueable deps ti=<TaskInstance: PlanningEngine.computeOptimalPlan manual__2025-05-31T13:57:15.568897+00:00 [queued]>
[2025-05-31T13:57:56.879+0000] {taskinstance.py:2613} INFO - Dependencies all met for dep_context=requeueable deps ti=<TaskInstance: PlanningEngine.computeOptimalPlan manual__2025-05-31T13:57:15.568897+00:00 [queued]>
[2025-05-31T13:57:56.880+0000] {taskinstance.py:2866} INFO - Starting attempt 1 of 2
[2025-05-31T13:57:56.893+0000] {taskinstance.py:2889} INFO - Executing <Task(PythonOperator): computeOptimalPlan> on 2025-05-31 13:57:15.568897+00:00
[2025-05-31T13:57:56.899+0000] {warnings.py:112} WARNING - /home/***/.local/lib/python3.12/site-packages/***/task/task_runner/standard_task_runner.py:70: DeprecationWarning: This process (pid=113) is multi-threaded, use of fork() may lead to deadlocks in the child.
  pid = os.fork()

[2025-05-31T13:57:56.901+0000] {standard_task_runner.py:72} INFO - Started process 114 to run task
[2025-05-31T13:57:56.901+0000] {standard_task_runner.py:104} INFO - Running: ['***', 'tasks', 'run', 'PlanningEngine', 'computeOptimalPlan', 'manual__2025-05-31T13:57:15.568897+00:00', '--job-id', '3438', '--raw', '--subdir', 'DAGS_FOLDER/***DAG.py', '--cfg-path', '/tmp/tmprnn6pvzq']
[2025-05-31T13:57:56.902+0000] {standard_task_runner.py:105} INFO - Job 3438: Subtask computeOptimalPlan
[2025-05-31T13:57:56.945+0000] {task_command.py:467} INFO - Running <TaskInstance: PlanningEngine.computeOptimalPlan manual__2025-05-31T13:57:15.568897+00:00 [running]> on host 6ff7a72dd575
[2025-05-31T13:57:57.018+0000] {taskinstance.py:3132} INFO - Exporting env vars: AIRFLOW_CTX_DAG_OWNER='***' AIRFLOW_CTX_DAG_ID='PlanningEngine' AIRFLOW_CTX_TASK_ID='computeOptimalPlan' AIRFLOW_CTX_EXECUTION_DATE='2025-05-31T13:57:15.568897+00:00' AIRFLOW_CTX_TRY_NUMBER='1' AIRFLOW_CTX_DAG_RUN_ID='manual__2025-05-31T13:57:15.568897+00:00'
[2025-05-31T13:57:57.019+0000] {taskinstance.py:731} INFO - ::endgroup::
[2025-05-31T13:57:57.052+0000] {airflowDAG.py:346} INFO - DQ : 0.983 - ('missingValues/impute', 'duplicates', 'outliers/impute') 
[2025-05-31T13:57:57.054+0000] {airflowDAG.py:346} INFO - DQ : 0.983 - ('missingValues/impute', 'duplicates', 'outliers/drop') 
[2025-05-31T13:57:57.055+0000] {airflowDAG.py:346} INFO - DQ : 0.983 - ('missingValues/drop.rows', 'duplicates', 'outliers/impute') 
[2025-05-31T13:57:57.057+0000] {airflowDAG.py:346} INFO - DQ : 0.983 - ('missingValues/drop.rows', 'duplicates', 'outliers/drop') 
[2025-05-31T13:57:57.058+0000] {airflowDAG.py:346} INFO - DQ : 0.983 - ('missingValues/drop.columns', 'duplicates', 'outliers/impute') 
[2025-05-31T13:57:57.060+0000] {airflowDAG.py:346} INFO - DQ : 0.983 - ('missingValues/drop.columns', 'duplicates', 'outliers/drop') 
[2025-05-31T13:57:57.061+0000] {airflowDAG.py:346} INFO - DQ : 0.983 - ('missingValues/impute', 'outliers/impute', 'duplicates') 
[2025-05-31T13:57:57.063+0000] {airflowDAG.py:346} INFO - DQ : 0.983 - ('missingValues/impute', 'outliers/drop', 'duplicates') 
[2025-05-31T13:57:57.064+0000] {airflowDAG.py:346} INFO - DQ : 0.983 - ('missingValues/drop.rows', 'outliers/impute', 'duplicates') 
[2025-05-31T13:57:57.065+0000] {airflowDAG.py:346} INFO - DQ : 0.983 - ('missingValues/drop.rows', 'outliers/drop', 'duplicates') 
[2025-05-31T13:57:57.066+0000] {airflowDAG.py:346} INFO - DQ : 0.983 - ('missingValues/drop.columns', 'outliers/impute', 'duplicates') 
[2025-05-31T13:57:57.067+0000] {airflowDAG.py:346} INFO - DQ : 0.983 - ('missingValues/drop.columns', 'outliers/drop', 'duplicates') 
[2025-05-31T13:57:57.069+0000] {airflowDAG.py:346} INFO - DQ : 0.983 - ('duplicates', 'missingValues/impute', 'outliers/impute') 
[2025-05-31T13:57:57.070+0000] {airflowDAG.py:346} INFO - DQ : 0.983 - ('duplicates', 'missingValues/impute', 'outliers/drop') 
[2025-05-31T13:57:57.072+0000] {airflowDAG.py:346} INFO - DQ : 0.983 - ('duplicates', 'missingValues/drop.rows', 'outliers/impute') 
[2025-05-31T13:57:57.073+0000] {airflowDAG.py:346} INFO - DQ : 0.983 - ('duplicates', 'missingValues/drop.rows', 'outliers/drop') 
[2025-05-31T13:57:57.074+0000] {airflowDAG.py:346} INFO - DQ : 0.983 - ('duplicates', 'missingValues/drop.columns', 'outliers/impute') 
[2025-05-31T13:57:57.075+0000] {airflowDAG.py:346} INFO - DQ : 0.983 - ('duplicates', 'missingValues/drop.columns', 'outliers/drop') 
[2025-05-31T13:57:57.076+0000] {airflowDAG.py:346} INFO - DQ : 0.983 - ('duplicates', 'outliers/impute', 'missingValues/impute') 
[2025-05-31T13:57:57.077+0000] {airflowDAG.py:346} INFO - DQ : 0.983 - ('duplicates', 'outliers/impute', 'missingValues/drop.rows') 
[2025-05-31T13:57:57.078+0000] {airflowDAG.py:346} INFO - DQ : 0.983 - ('duplicates', 'outliers/impute', 'missingValues/drop.columns') 
[2025-05-31T13:57:57.079+0000] {airflowDAG.py:346} INFO - DQ : 0.983 - ('duplicates', 'outliers/drop', 'missingValues/impute') 
[2025-05-31T13:57:57.080+0000] {airflowDAG.py:346} INFO - DQ : 0.983 - ('duplicates', 'outliers/drop', 'missingValues/drop.rows') 
[2025-05-31T13:57:57.081+0000] {airflowDAG.py:346} INFO - DQ : 0.983 - ('duplicates', 'outliers/drop', 'missingValues/drop.columns') 
[2025-05-31T13:57:57.082+0000] {airflowDAG.py:346} INFO - DQ : 0.983 - ('outliers/impute', 'missingValues/impute', 'duplicates') 
[2025-05-31T13:57:57.084+0000] {airflowDAG.py:346} INFO - DQ : 0.983 - ('outliers/impute', 'missingValues/drop.rows', 'duplicates') 
[2025-05-31T13:57:57.085+0000] {airflowDAG.py:346} INFO - DQ : 0.983 - ('outliers/impute', 'missingValues/drop.columns', 'duplicates') 
[2025-05-31T13:57:57.087+0000] {airflowDAG.py:346} INFO - DQ : 0.983 - ('outliers/drop', 'missingValues/impute', 'duplicates') 
[2025-05-31T13:57:57.088+0000] {airflowDAG.py:346} INFO - DQ : 0.983 - ('outliers/drop', 'missingValues/drop.rows', 'duplicates') 
[2025-05-31T13:57:57.089+0000] {airflowDAG.py:346} INFO - DQ : 0.983 - ('outliers/drop', 'missingValues/drop.columns', 'duplicates') 
[2025-05-31T13:57:57.089+0000] {airflowDAG.py:346} INFO - DQ : 0.983 - ('outliers/impute', 'duplicates', 'missingValues/impute') 
[2025-05-31T13:57:57.090+0000] {airflowDAG.py:346} INFO - DQ : 0.983 - ('outliers/impute', 'duplicates', 'missingValues/drop.rows') 
[2025-05-31T13:57:57.091+0000] {airflowDAG.py:346} INFO - DQ : 0.983 - ('outliers/impute', 'duplicates', 'missingValues/drop.columns') 
[2025-05-31T13:57:57.093+0000] {airflowDAG.py:346} INFO - DQ : 0.983 - ('outliers/drop', 'duplicates', 'missingValues/impute') 
[2025-05-31T13:57:57.094+0000] {airflowDAG.py:346} INFO - DQ : 0.983 - ('outliers/drop', 'duplicates', 'missingValues/drop.rows') 
[2025-05-31T13:57:57.095+0000] {airflowDAG.py:346} INFO - DQ : 0.983 - ('outliers/drop', 'duplicates', 'missingValues/drop.columns') 
[2025-05-31T13:57:57.110+0000] {airflowDAG.py:382} INFO - Best plan ('outliers/drop', 'duplicates', 'missingValues/drop.columns') achieved DQ score of 0.983
[2025-05-31T13:57:57.149+0000] {python.py:240} INFO - Done. Returned value was: None
[2025-05-31T13:57:57.158+0000] {taskinstance.py:340} INFO - ::group::Post task execution logs
[2025-05-31T13:57:57.159+0000] {taskinstance.py:352} INFO - Marking task as SUCCESS. dag_id=PlanningEngine, task_id=computeOptimalPlan, run_id=manual__2025-05-31T13:57:15.568897+00:00, execution_date=20250531T135715, start_date=20250531T135756, end_date=20250531T135757
[2025-05-31T13:57:57.197+0000] {local_task_job_runner.py:266} INFO - Task exited with return code 0
[2025-05-31T13:57:57.217+0000] {taskinstance.py:3895} INFO - 1 downstream tasks scheduled from follow-on schedule check
[2025-05-31T13:57:57.221+0000] {local_task_job_runner.py:245} INFO - ::endgroup::
