[2025-05-02T09:45:16.341+0000] {processor.py:186} INFO - Started process (PID=60) to work on /opt/airflow/dags/airflowDAG.py
[2025-05-02T09:45:16.342+0000] {processor.py:914} INFO - Processing file /opt/airflow/dags/airflowDAG.py for tasks to queue
[2025-05-02T09:45:16.345+0000] {logging_mixin.py:190} INFO - [2025-05-02T09:45:16.345+0000] {dagbag.py:588} INFO - Filling up the DagBag from /opt/airflow/dags/airflowDAG.py
[2025-05-02T09:45:16.968+0000] {processor.py:925} INFO - DAG(s) 'PlanningEngine' retrieved from /opt/airflow/dags/airflowDAG.py
[2025-05-02T09:45:17.019+0000] {logging_mixin.py:190} INFO - [2025-05-02T09:45:17.019+0000] {dag.py:3239} INFO - Sync 1 DAGs
[2025-05-02T09:45:17.037+0000] {logging_mixin.py:190} INFO - [2025-05-02T09:45:17.036+0000] {dag.py:4180} INFO - Setting next_dagrun for PlanningEngine to None, run_after=None
[2025-05-02T09:45:17.061+0000] {processor.py:208} INFO - Processing /opt/airflow/dags/airflowDAG.py took 0.726 seconds
[2025-05-02T09:45:47.304+0000] {processor.py:186} INFO - Started process (PID=67) to work on /opt/airflow/dags/airflowDAG.py
[2025-05-02T09:45:47.306+0000] {processor.py:914} INFO - Processing file /opt/airflow/dags/airflowDAG.py for tasks to queue
[2025-05-02T09:45:47.309+0000] {logging_mixin.py:190} INFO - [2025-05-02T09:45:47.309+0000] {dagbag.py:588} INFO - Filling up the DagBag from /opt/airflow/dags/airflowDAG.py
[2025-05-02T09:45:47.553+0000] {processor.py:925} INFO - DAG(s) 'PlanningEngine' retrieved from /opt/airflow/dags/airflowDAG.py
[2025-05-02T09:45:47.573+0000] {logging_mixin.py:190} INFO - [2025-05-02T09:45:47.573+0000] {dag.py:3239} INFO - Sync 1 DAGs
[2025-05-02T09:45:47.582+0000] {logging_mixin.py:190} INFO - [2025-05-02T09:45:47.582+0000] {dag.py:4180} INFO - Setting next_dagrun for PlanningEngine to None, run_after=None
[2025-05-02T09:45:47.600+0000] {processor.py:208} INFO - Processing /opt/airflow/dags/airflowDAG.py took 0.302 seconds
[2025-05-02T09:46:17.750+0000] {processor.py:186} INFO - Started process (PID=74) to work on /opt/airflow/dags/airflowDAG.py
[2025-05-02T09:46:17.751+0000] {processor.py:914} INFO - Processing file /opt/airflow/dags/airflowDAG.py for tasks to queue
[2025-05-02T09:46:17.754+0000] {logging_mixin.py:190} INFO - [2025-05-02T09:46:17.753+0000] {dagbag.py:588} INFO - Filling up the DagBag from /opt/airflow/dags/airflowDAG.py
[2025-05-02T09:46:18.004+0000] {processor.py:925} INFO - DAG(s) 'PlanningEngine' retrieved from /opt/airflow/dags/airflowDAG.py
[2025-05-02T09:46:18.024+0000] {logging_mixin.py:190} INFO - [2025-05-02T09:46:18.024+0000] {dag.py:3239} INFO - Sync 1 DAGs
[2025-05-02T09:46:18.035+0000] {logging_mixin.py:190} INFO - [2025-05-02T09:46:18.035+0000] {dag.py:4180} INFO - Setting next_dagrun for PlanningEngine to None, run_after=None
[2025-05-02T09:46:18.050+0000] {processor.py:208} INFO - Processing /opt/airflow/dags/airflowDAG.py took 0.305 seconds
[2025-05-02T09:46:48.257+0000] {processor.py:186} INFO - Started process (PID=80) to work on /opt/airflow/dags/airflowDAG.py
[2025-05-02T09:46:48.259+0000] {processor.py:914} INFO - Processing file /opt/airflow/dags/airflowDAG.py for tasks to queue
[2025-05-02T09:46:48.261+0000] {logging_mixin.py:190} INFO - [2025-05-02T09:46:48.261+0000] {dagbag.py:588} INFO - Filling up the DagBag from /opt/airflow/dags/airflowDAG.py
[2025-05-02T09:46:48.523+0000] {processor.py:925} INFO - DAG(s) 'PlanningEngine' retrieved from /opt/airflow/dags/airflowDAG.py
[2025-05-02T09:46:48.543+0000] {logging_mixin.py:190} INFO - [2025-05-02T09:46:48.543+0000] {dag.py:3239} INFO - Sync 1 DAGs
[2025-05-02T09:46:48.554+0000] {logging_mixin.py:190} INFO - [2025-05-02T09:46:48.553+0000] {dag.py:4180} INFO - Setting next_dagrun for PlanningEngine to None, run_after=None
[2025-05-02T09:46:48.578+0000] {processor.py:208} INFO - Processing /opt/airflow/dags/airflowDAG.py took 0.326 seconds
[2025-05-02T09:47:18.680+0000] {processor.py:186} INFO - Started process (PID=87) to work on /opt/airflow/dags/airflowDAG.py
[2025-05-02T09:47:18.681+0000] {processor.py:914} INFO - Processing file /opt/airflow/dags/airflowDAG.py for tasks to queue
[2025-05-02T09:47:18.684+0000] {logging_mixin.py:190} INFO - [2025-05-02T09:47:18.683+0000] {dagbag.py:588} INFO - Filling up the DagBag from /opt/airflow/dags/airflowDAG.py
[2025-05-02T09:47:18.908+0000] {processor.py:925} INFO - DAG(s) 'PlanningEngine' retrieved from /opt/airflow/dags/airflowDAG.py
[2025-05-02T09:47:18.928+0000] {logging_mixin.py:190} INFO - [2025-05-02T09:47:18.928+0000] {dag.py:3239} INFO - Sync 1 DAGs
[2025-05-02T09:47:18.939+0000] {logging_mixin.py:190} INFO - [2025-05-02T09:47:18.939+0000] {dag.py:4180} INFO - Setting next_dagrun for PlanningEngine to None, run_after=None
[2025-05-02T09:47:18.959+0000] {processor.py:208} INFO - Processing /opt/airflow/dags/airflowDAG.py took 0.283 seconds
[2025-05-02T09:47:49.518+0000] {processor.py:186} INFO - Started process (PID=100) to work on /opt/airflow/dags/airflowDAG.py
[2025-05-02T09:47:49.519+0000] {processor.py:914} INFO - Processing file /opt/airflow/dags/airflowDAG.py for tasks to queue
[2025-05-02T09:47:49.522+0000] {logging_mixin.py:190} INFO - [2025-05-02T09:47:49.521+0000] {dagbag.py:588} INFO - Filling up the DagBag from /opt/airflow/dags/airflowDAG.py
[2025-05-02T09:47:49.763+0000] {processor.py:925} INFO - DAG(s) 'PlanningEngine' retrieved from /opt/airflow/dags/airflowDAG.py
[2025-05-02T09:47:49.782+0000] {logging_mixin.py:190} INFO - [2025-05-02T09:47:49.782+0000] {dag.py:3239} INFO - Sync 1 DAGs
[2025-05-02T09:47:49.795+0000] {logging_mixin.py:190} INFO - [2025-05-02T09:47:49.794+0000] {dag.py:4180} INFO - Setting next_dagrun for PlanningEngine to None, run_after=None
[2025-05-02T09:47:49.816+0000] {processor.py:208} INFO - Processing /opt/airflow/dags/airflowDAG.py took 0.304 seconds
[2025-05-02T09:48:20.324+0000] {processor.py:186} INFO - Started process (PID=107) to work on /opt/airflow/dags/airflowDAG.py
[2025-05-02T09:48:20.325+0000] {processor.py:914} INFO - Processing file /opt/airflow/dags/airflowDAG.py for tasks to queue
[2025-05-02T09:48:20.327+0000] {logging_mixin.py:190} INFO - [2025-05-02T09:48:20.327+0000] {dagbag.py:588} INFO - Filling up the DagBag from /opt/airflow/dags/airflowDAG.py
[2025-05-02T09:48:20.559+0000] {processor.py:925} INFO - DAG(s) 'PlanningEngine' retrieved from /opt/airflow/dags/airflowDAG.py
[2025-05-02T09:48:20.579+0000] {logging_mixin.py:190} INFO - [2025-05-02T09:48:20.579+0000] {dag.py:3239} INFO - Sync 1 DAGs
[2025-05-02T09:48:20.590+0000] {logging_mixin.py:190} INFO - [2025-05-02T09:48:20.590+0000] {dag.py:4180} INFO - Setting next_dagrun for PlanningEngine to None, run_after=None
[2025-05-02T09:48:20.609+0000] {processor.py:208} INFO - Processing /opt/airflow/dags/airflowDAG.py took 0.290 seconds
[2025-05-02T09:48:51.132+0000] {processor.py:186} INFO - Started process (PID=118) to work on /opt/airflow/dags/airflowDAG.py
[2025-05-02T09:48:51.134+0000] {processor.py:914} INFO - Processing file /opt/airflow/dags/airflowDAG.py for tasks to queue
[2025-05-02T09:48:51.138+0000] {logging_mixin.py:190} INFO - [2025-05-02T09:48:51.137+0000] {dagbag.py:588} INFO - Filling up the DagBag from /opt/airflow/dags/airflowDAG.py
[2025-05-02T09:48:51.504+0000] {processor.py:925} INFO - DAG(s) 'PlanningEngine' retrieved from /opt/airflow/dags/airflowDAG.py
[2025-05-02T09:48:51.524+0000] {logging_mixin.py:190} INFO - [2025-05-02T09:48:51.524+0000] {dag.py:3239} INFO - Sync 1 DAGs
[2025-05-02T09:48:51.535+0000] {logging_mixin.py:190} INFO - [2025-05-02T09:48:51.535+0000] {dag.py:4180} INFO - Setting next_dagrun for PlanningEngine to None, run_after=None
[2025-05-02T09:48:51.672+0000] {processor.py:208} INFO - Processing /opt/airflow/dags/airflowDAG.py took 0.546 seconds
[2025-05-02T09:49:07.197+0000] {processor.py:186} INFO - Started process (PID=119) to work on /opt/airflow/dags/airflowDAG.py
[2025-05-02T09:49:07.198+0000] {processor.py:914} INFO - Processing file /opt/airflow/dags/airflowDAG.py for tasks to queue
[2025-05-02T09:49:07.202+0000] {logging_mixin.py:190} INFO - [2025-05-02T09:49:07.200+0000] {dagbag.py:588} INFO - Filling up the DagBag from /opt/airflow/dags/airflowDAG.py
[2025-05-02T09:49:07.458+0000] {processor.py:925} INFO - DAG(s) 'PlanningEngine' retrieved from /opt/airflow/dags/airflowDAG.py
[2025-05-02T09:49:07.476+0000] {logging_mixin.py:190} INFO - [2025-05-02T09:49:07.476+0000] {dag.py:3239} INFO - Sync 1 DAGs
[2025-05-02T09:49:07.487+0000] {logging_mixin.py:190} INFO - [2025-05-02T09:49:07.487+0000] {dag.py:4180} INFO - Setting next_dagrun for PlanningEngine to None, run_after=None
[2025-05-02T09:49:07.501+0000] {processor.py:208} INFO - Processing /opt/airflow/dags/airflowDAG.py took 0.309 seconds
[2025-05-02T09:49:37.918+0000] {processor.py:186} INFO - Started process (PID=126) to work on /opt/airflow/dags/airflowDAG.py
[2025-05-02T09:49:37.919+0000] {processor.py:914} INFO - Processing file /opt/airflow/dags/airflowDAG.py for tasks to queue
[2025-05-02T09:49:37.921+0000] {logging_mixin.py:190} INFO - [2025-05-02T09:49:37.921+0000] {dagbag.py:588} INFO - Filling up the DagBag from /opt/airflow/dags/airflowDAG.py
[2025-05-02T09:49:38.028+0000] {processor.py:925} INFO - DAG(s) 'PlanningEngine' retrieved from /opt/airflow/dags/airflowDAG.py
[2025-05-02T09:49:38.054+0000] {logging_mixin.py:190} INFO - [2025-05-02T09:49:38.054+0000] {dag.py:3239} INFO - Sync 1 DAGs
[2025-05-02T09:49:38.066+0000] {logging_mixin.py:190} INFO - [2025-05-02T09:49:38.066+0000] {dag.py:4180} INFO - Setting next_dagrun for PlanningEngine to None, run_after=None
[2025-05-02T09:49:38.083+0000] {processor.py:208} INFO - Processing /opt/airflow/dags/airflowDAG.py took 0.170 seconds
[2025-05-02T09:50:08.666+0000] {processor.py:186} INFO - Started process (PID=133) to work on /opt/airflow/dags/airflowDAG.py
[2025-05-02T09:50:08.667+0000] {processor.py:914} INFO - Processing file /opt/airflow/dags/airflowDAG.py for tasks to queue
[2025-05-02T09:50:08.670+0000] {logging_mixin.py:190} INFO - [2025-05-02T09:50:08.669+0000] {dagbag.py:588} INFO - Filling up the DagBag from /opt/airflow/dags/airflowDAG.py
[2025-05-02T09:50:08.775+0000] {processor.py:925} INFO - DAG(s) 'PlanningEngine' retrieved from /opt/airflow/dags/airflowDAG.py
[2025-05-02T09:50:08.797+0000] {logging_mixin.py:190} INFO - [2025-05-02T09:50:08.797+0000] {dag.py:3239} INFO - Sync 1 DAGs
[2025-05-02T09:50:08.809+0000] {logging_mixin.py:190} INFO - [2025-05-02T09:50:08.809+0000] {dag.py:4180} INFO - Setting next_dagrun for PlanningEngine to None, run_after=None
[2025-05-02T09:50:08.829+0000] {processor.py:208} INFO - Processing /opt/airflow/dags/airflowDAG.py took 0.167 seconds
[2025-05-02T09:50:39.553+0000] {processor.py:186} INFO - Started process (PID=146) to work on /opt/airflow/dags/airflowDAG.py
[2025-05-02T09:50:39.554+0000] {processor.py:914} INFO - Processing file /opt/airflow/dags/airflowDAG.py for tasks to queue
[2025-05-02T09:50:39.556+0000] {logging_mixin.py:190} INFO - [2025-05-02T09:50:39.556+0000] {dagbag.py:588} INFO - Filling up the DagBag from /opt/airflow/dags/airflowDAG.py
[2025-05-02T09:50:39.659+0000] {processor.py:925} INFO - DAG(s) 'PlanningEngine' retrieved from /opt/airflow/dags/airflowDAG.py
[2025-05-02T09:50:39.680+0000] {logging_mixin.py:190} INFO - [2025-05-02T09:50:39.679+0000] {dag.py:3239} INFO - Sync 1 DAGs
[2025-05-02T09:50:39.693+0000] {logging_mixin.py:190} INFO - [2025-05-02T09:50:39.692+0000] {dag.py:4180} INFO - Setting next_dagrun for PlanningEngine to None, run_after=None
[2025-05-02T09:50:39.717+0000] {processor.py:208} INFO - Processing /opt/airflow/dags/airflowDAG.py took 0.169 seconds
[2025-05-02T09:51:10.150+0000] {processor.py:186} INFO - Started process (PID=153) to work on /opt/airflow/dags/airflowDAG.py
[2025-05-02T09:51:10.152+0000] {processor.py:914} INFO - Processing file /opt/airflow/dags/airflowDAG.py for tasks to queue
[2025-05-02T09:51:10.155+0000] {logging_mixin.py:190} INFO - [2025-05-02T09:51:10.155+0000] {dagbag.py:588} INFO - Filling up the DagBag from /opt/airflow/dags/airflowDAG.py
[2025-05-02T09:51:10.267+0000] {processor.py:925} INFO - DAG(s) 'PlanningEngine' retrieved from /opt/airflow/dags/airflowDAG.py
[2025-05-02T09:51:10.290+0000] {logging_mixin.py:190} INFO - [2025-05-02T09:51:10.290+0000] {dag.py:3239} INFO - Sync 1 DAGs
[2025-05-02T09:51:10.304+0000] {logging_mixin.py:190} INFO - [2025-05-02T09:51:10.303+0000] {dag.py:4180} INFO - Setting next_dagrun for PlanningEngine to None, run_after=None
[2025-05-02T09:51:10.323+0000] {processor.py:208} INFO - Processing /opt/airflow/dags/airflowDAG.py took 0.178 seconds
[2025-05-02T09:51:12.359+0000] {processor.py:186} INFO - Started process (PID=154) to work on /opt/airflow/dags/airflowDAG.py
[2025-05-02T09:51:12.360+0000] {processor.py:914} INFO - Processing file /opt/airflow/dags/airflowDAG.py for tasks to queue
[2025-05-02T09:51:12.362+0000] {logging_mixin.py:190} INFO - [2025-05-02T09:51:12.362+0000] {dagbag.py:588} INFO - Filling up the DagBag from /opt/airflow/dags/airflowDAG.py
[2025-05-02T09:51:12.473+0000] {processor.py:925} INFO - DAG(s) 'PlanningEngine' retrieved from /opt/airflow/dags/airflowDAG.py
[2025-05-02T09:51:12.493+0000] {logging_mixin.py:190} INFO - [2025-05-02T09:51:12.493+0000] {dag.py:3239} INFO - Sync 1 DAGs
[2025-05-02T09:51:12.505+0000] {logging_mixin.py:190} INFO - [2025-05-02T09:51:12.504+0000] {dag.py:4180} INFO - Setting next_dagrun for PlanningEngine to None, run_after=None
[2025-05-02T09:51:12.523+0000] {processor.py:208} INFO - Processing /opt/airflow/dags/airflowDAG.py took 0.169 seconds
[2025-05-02T09:51:42.687+0000] {processor.py:186} INFO - Started process (PID=165) to work on /opt/airflow/dags/airflowDAG.py
[2025-05-02T09:51:42.688+0000] {processor.py:914} INFO - Processing file /opt/airflow/dags/airflowDAG.py for tasks to queue
[2025-05-02T09:51:42.691+0000] {logging_mixin.py:190} INFO - [2025-05-02T09:51:42.690+0000] {dagbag.py:588} INFO - Filling up the DagBag from /opt/airflow/dags/airflowDAG.py
[2025-05-02T09:51:42.396+0000] {processor.py:925} INFO - DAG(s) 'PlanningEngine' retrieved from /opt/airflow/dags/airflowDAG.py
[2025-05-02T09:51:42.432+0000] {logging_mixin.py:190} INFO - [2025-05-02T09:51:42.432+0000] {dag.py:3239} INFO - Sync 1 DAGs
[2025-05-02T09:51:42.448+0000] {logging_mixin.py:190} INFO - [2025-05-02T09:51:42.448+0000] {dag.py:4180} INFO - Setting next_dagrun for PlanningEngine to None, run_after=None
[2025-05-02T09:51:42.472+0000] {processor.py:208} INFO - Processing /opt/airflow/dags/airflowDAG.py took 0.209 seconds
[2025-05-02T09:52:12.903+0000] {processor.py:186} INFO - Started process (PID=172) to work on /opt/airflow/dags/airflowDAG.py
[2025-05-02T09:52:12.905+0000] {processor.py:914} INFO - Processing file /opt/airflow/dags/airflowDAG.py for tasks to queue
[2025-05-02T09:52:12.908+0000] {logging_mixin.py:190} INFO - [2025-05-02T09:52:12.907+0000] {dagbag.py:588} INFO - Filling up the DagBag from /opt/airflow/dags/airflowDAG.py
[2025-05-02T09:52:13.022+0000] {processor.py:925} INFO - DAG(s) 'PlanningEngine' retrieved from /opt/airflow/dags/airflowDAG.py
[2025-05-02T09:52:13.045+0000] {logging_mixin.py:190} INFO - [2025-05-02T09:52:13.045+0000] {dag.py:3239} INFO - Sync 1 DAGs
[2025-05-02T09:52:13.057+0000] {logging_mixin.py:190} INFO - [2025-05-02T09:52:13.057+0000] {dag.py:4180} INFO - Setting next_dagrun for PlanningEngine to None, run_after=None
[2025-05-02T09:52:13.078+0000] {processor.py:208} INFO - Processing /opt/airflow/dags/airflowDAG.py took 0.180 seconds
[2025-05-02T09:52:43.240+0000] {processor.py:186} INFO - Started process (PID=179) to work on /opt/airflow/dags/airflowDAG.py
[2025-05-02T09:52:43.240+0000] {processor.py:914} INFO - Processing file /opt/airflow/dags/airflowDAG.py for tasks to queue
[2025-05-02T09:52:43.242+0000] {logging_mixin.py:190} INFO - [2025-05-02T09:52:43.242+0000] {dagbag.py:588} INFO - Filling up the DagBag from /opt/airflow/dags/airflowDAG.py
[2025-05-02T09:52:43.335+0000] {processor.py:925} INFO - DAG(s) 'PlanningEngine' retrieved from /opt/airflow/dags/airflowDAG.py
[2025-05-02T09:52:43.353+0000] {logging_mixin.py:190} INFO - [2025-05-02T09:52:43.353+0000] {dag.py:3239} INFO - Sync 1 DAGs
[2025-05-02T09:52:43.365+0000] {logging_mixin.py:190} INFO - [2025-05-02T09:52:43.365+0000] {dag.py:4180} INFO - Setting next_dagrun for PlanningEngine to None, run_after=None
[2025-05-02T09:52:43.386+0000] {processor.py:208} INFO - Processing /opt/airflow/dags/airflowDAG.py took 0.152 seconds
[2025-05-02T09:52:52.470+0000] {processor.py:186} INFO - Started process (PID=180) to work on /opt/airflow/dags/airflowDAG.py
[2025-05-02T09:52:52.471+0000] {processor.py:914} INFO - Processing file /opt/airflow/dags/airflowDAG.py for tasks to queue
[2025-05-02T09:52:52.473+0000] {logging_mixin.py:190} INFO - [2025-05-02T09:52:52.473+0000] {dagbag.py:588} INFO - Filling up the DagBag from /opt/airflow/dags/airflowDAG.py
[2025-05-02T09:52:52.568+0000] {processor.py:925} INFO - DAG(s) 'PlanningEngine' retrieved from /opt/airflow/dags/airflowDAG.py
[2025-05-02T09:52:52.589+0000] {logging_mixin.py:190} INFO - [2025-05-02T09:52:52.589+0000] {dag.py:3239} INFO - Sync 1 DAGs
[2025-05-02T09:52:52.603+0000] {logging_mixin.py:190} INFO - [2025-05-02T09:52:52.602+0000] {dag.py:4180} INFO - Setting next_dagrun for PlanningEngine to None, run_after=None
[2025-05-02T09:52:52.622+0000] {processor.py:208} INFO - Processing /opt/airflow/dags/airflowDAG.py took 0.157 seconds
[2025-05-02T09:52:57.481+0000] {processor.py:186} INFO - Started process (PID=181) to work on /opt/airflow/dags/airflowDAG.py
[2025-05-02T09:52:57.482+0000] {processor.py:914} INFO - Processing file /opt/airflow/dags/airflowDAG.py for tasks to queue
[2025-05-02T09:52:57.484+0000] {logging_mixin.py:190} INFO - [2025-05-02T09:52:57.484+0000] {dagbag.py:588} INFO - Filling up the DagBag from /opt/airflow/dags/airflowDAG.py
[2025-05-02T09:52:57.577+0000] {processor.py:925} INFO - DAG(s) 'PlanningEngine' retrieved from /opt/airflow/dags/airflowDAG.py
[2025-05-02T09:52:57.600+0000] {logging_mixin.py:190} INFO - [2025-05-02T09:52:57.600+0000] {dag.py:3239} INFO - Sync 1 DAGs
[2025-05-02T09:52:57.612+0000] {logging_mixin.py:190} INFO - [2025-05-02T09:52:57.612+0000] {dag.py:4180} INFO - Setting next_dagrun for PlanningEngine to None, run_after=None
[2025-05-02T09:52:57.628+0000] {processor.py:208} INFO - Processing /opt/airflow/dags/airflowDAG.py took 0.151 seconds
[2025-05-02T09:53:27.783+0000] {processor.py:186} INFO - Started process (PID=188) to work on /opt/airflow/dags/airflowDAG.py
[2025-05-02T09:53:27.784+0000] {processor.py:914} INFO - Processing file /opt/airflow/dags/airflowDAG.py for tasks to queue
[2025-05-02T09:53:27.786+0000] {logging_mixin.py:190} INFO - [2025-05-02T09:53:27.786+0000] {dagbag.py:588} INFO - Filling up the DagBag from /opt/airflow/dags/airflowDAG.py
[2025-05-02T09:53:55.684+0000] {processor.py:925} INFO - DAG(s) 'PlanningEngine' retrieved from /opt/airflow/dags/airflowDAG.py
[2025-05-02T09:53:27.505+0000] {logging_mixin.py:190} INFO - [2025-05-02T09:53:27.505+0000] {dag.py:3239} INFO - Sync 1 DAGs
[2025-05-02T09:53:27.519+0000] {logging_mixin.py:190} INFO - [2025-05-02T09:53:27.518+0000] {dag.py:4180} INFO - Setting next_dagrun for PlanningEngine to None, run_after=None
[2025-05-02T09:53:27.539+0000] {processor.py:208} INFO - Processing /opt/airflow/dags/airflowDAG.py took 0.179 seconds
[2025-05-02T09:53:57.614+0000] {processor.py:186} INFO - Started process (PID=195) to work on /opt/airflow/dags/airflowDAG.py
[2025-05-02T09:53:57.615+0000] {processor.py:914} INFO - Processing file /opt/airflow/dags/airflowDAG.py for tasks to queue
[2025-05-02T09:53:57.617+0000] {logging_mixin.py:190} INFO - [2025-05-02T09:53:57.617+0000] {dagbag.py:588} INFO - Filling up the DagBag from /opt/airflow/dags/airflowDAG.py
[2025-05-02T09:53:57.721+0000] {processor.py:925} INFO - DAG(s) 'PlanningEngine' retrieved from /opt/airflow/dags/airflowDAG.py
[2025-05-02T09:53:57.746+0000] {logging_mixin.py:190} INFO - [2025-05-02T09:53:57.746+0000] {dag.py:3239} INFO - Sync 1 DAGs
[2025-05-02T09:53:57.759+0000] {logging_mixin.py:190} INFO - [2025-05-02T09:53:57.758+0000] {dag.py:4180} INFO - Setting next_dagrun for PlanningEngine to None, run_after=None
[2025-05-02T09:53:57.779+0000] {processor.py:208} INFO - Processing /opt/airflow/dags/airflowDAG.py took 0.170 seconds
[2025-05-02T09:54:07.607+0000] {processor.py:186} INFO - Started process (PID=202) to work on /opt/airflow/dags/airflowDAG.py
[2025-05-02T09:54:07.608+0000] {processor.py:914} INFO - Processing file /opt/airflow/dags/airflowDAG.py for tasks to queue
[2025-05-02T09:54:07.610+0000] {logging_mixin.py:190} INFO - [2025-05-02T09:54:07.609+0000] {dagbag.py:588} INFO - Filling up the DagBag from /opt/airflow/dags/airflowDAG.py
[2025-05-02T09:54:07.710+0000] {processor.py:925} INFO - DAG(s) 'PlanningEngine' retrieved from /opt/airflow/dags/airflowDAG.py
[2025-05-02T09:54:07.729+0000] {logging_mixin.py:190} INFO - [2025-05-02T09:54:07.728+0000] {dag.py:3239} INFO - Sync 1 DAGs
[2025-05-02T09:54:07.739+0000] {logging_mixin.py:190} INFO - [2025-05-02T09:54:07.739+0000] {dag.py:4180} INFO - Setting next_dagrun for PlanningEngine to None, run_after=None
[2025-05-02T09:54:07.760+0000] {processor.py:208} INFO - Processing /opt/airflow/dags/airflowDAG.py took 0.158 seconds
[2025-05-02T09:54:37.854+0000] {processor.py:186} INFO - Started process (PID=209) to work on /opt/airflow/dags/airflowDAG.py
[2025-05-02T09:54:37.855+0000] {processor.py:914} INFO - Processing file /opt/airflow/dags/airflowDAG.py for tasks to queue
[2025-05-02T09:54:37.857+0000] {logging_mixin.py:190} INFO - [2025-05-02T09:54:37.857+0000] {dagbag.py:588} INFO - Filling up the DagBag from /opt/airflow/dags/airflowDAG.py
[2025-05-02T09:54:37.962+0000] {processor.py:925} INFO - DAG(s) 'PlanningEngine' retrieved from /opt/airflow/dags/airflowDAG.py
[2025-05-02T09:54:37.987+0000] {logging_mixin.py:190} INFO - [2025-05-02T09:54:37.986+0000] {dag.py:3239} INFO - Sync 1 DAGs
[2025-05-02T09:54:37.998+0000] {logging_mixin.py:190} INFO - [2025-05-02T09:54:37.998+0000] {dag.py:4180} INFO - Setting next_dagrun for PlanningEngine to None, run_after=None
[2025-05-02T09:54:38.023+0000] {processor.py:208} INFO - Processing /opt/airflow/dags/airflowDAG.py took 0.175 seconds
[2025-05-02T09:55:08.511+0000] {processor.py:186} INFO - Started process (PID=216) to work on /opt/airflow/dags/airflowDAG.py
[2025-05-02T09:55:08.512+0000] {processor.py:914} INFO - Processing file /opt/airflow/dags/airflowDAG.py for tasks to queue
[2025-05-02T09:55:08.514+0000] {logging_mixin.py:190} INFO - [2025-05-02T09:55:08.514+0000] {dagbag.py:588} INFO - Filling up the DagBag from /opt/airflow/dags/airflowDAG.py
[2025-05-02T09:55:08.615+0000] {processor.py:925} INFO - DAG(s) 'PlanningEngine' retrieved from /opt/airflow/dags/airflowDAG.py
[2025-05-02T09:55:08.639+0000] {logging_mixin.py:190} INFO - [2025-05-02T09:55:08.639+0000] {dag.py:3239} INFO - Sync 1 DAGs
[2025-05-02T09:55:08.653+0000] {logging_mixin.py:190} INFO - [2025-05-02T09:55:08.653+0000] {dag.py:4180} INFO - Setting next_dagrun for PlanningEngine to None, run_after=None
[2025-05-02T09:55:08.674+0000] {processor.py:208} INFO - Processing /opt/airflow/dags/airflowDAG.py took 0.167 seconds
[2025-05-02T09:55:39.145+0000] {processor.py:186} INFO - Started process (PID=223) to work on /opt/airflow/dags/airflowDAG.py
[2025-05-02T09:55:39.145+0000] {processor.py:914} INFO - Processing file /opt/airflow/dags/airflowDAG.py for tasks to queue
[2025-05-02T09:55:39.147+0000] {logging_mixin.py:190} INFO - [2025-05-02T09:55:39.147+0000] {dagbag.py:588} INFO - Filling up the DagBag from /opt/airflow/dags/airflowDAG.py
[2025-05-02T09:55:39.252+0000] {processor.py:925} INFO - DAG(s) 'PlanningEngine' retrieved from /opt/airflow/dags/airflowDAG.py
[2025-05-02T09:55:39.282+0000] {logging_mixin.py:190} INFO - [2025-05-02T09:55:39.282+0000] {dag.py:3239} INFO - Sync 1 DAGs
[2025-05-02T09:55:39.297+0000] {logging_mixin.py:190} INFO - [2025-05-02T09:55:39.297+0000] {dag.py:4180} INFO - Setting next_dagrun for PlanningEngine to None, run_after=None
[2025-05-02T09:55:39.321+0000] {processor.py:208} INFO - Processing /opt/airflow/dags/airflowDAG.py took 0.182 seconds
[2025-05-02T09:56:09.960+0000] {processor.py:186} INFO - Started process (PID=230) to work on /opt/airflow/dags/airflowDAG.py
[2025-05-02T09:56:09.961+0000] {processor.py:914} INFO - Processing file /opt/airflow/dags/airflowDAG.py for tasks to queue
[2025-05-02T09:56:09.963+0000] {logging_mixin.py:190} INFO - [2025-05-02T09:56:09.963+0000] {dagbag.py:588} INFO - Filling up the DagBag from /opt/airflow/dags/airflowDAG.py
[2025-05-02T09:56:10.072+0000] {processor.py:925} INFO - DAG(s) 'PlanningEngine' retrieved from /opt/airflow/dags/airflowDAG.py
[2025-05-02T09:56:10.097+0000] {logging_mixin.py:190} INFO - [2025-05-02T09:56:10.097+0000] {dag.py:3239} INFO - Sync 1 DAGs
[2025-05-02T09:56:10.109+0000] {logging_mixin.py:190} INFO - [2025-05-02T09:56:10.109+0000] {dag.py:4180} INFO - Setting next_dagrun for PlanningEngine to None, run_after=None
[2025-05-02T09:56:10.132+0000] {processor.py:208} INFO - Processing /opt/airflow/dags/airflowDAG.py took 0.178 seconds
[2025-05-02T10:08:16.769+0000] {processor.py:186} INFO - Started process (PID=60) to work on /opt/airflow/dags/airflowDAG.py
[2025-05-02T10:08:16.771+0000] {processor.py:914} INFO - Processing file /opt/airflow/dags/airflowDAG.py for tasks to queue
[2025-05-02T10:08:16.773+0000] {logging_mixin.py:190} INFO - [2025-05-02T10:08:16.773+0000] {dagbag.py:588} INFO - Filling up the DagBag from /opt/airflow/dags/airflowDAG.py
[2025-05-02T10:08:17.270+0000] {processor.py:925} INFO - DAG(s) 'PlanningEngine' retrieved from /opt/airflow/dags/airflowDAG.py
[2025-05-02T10:08:17.313+0000] {logging_mixin.py:190} INFO - [2025-05-02T10:08:17.312+0000] {dag.py:3239} INFO - Sync 1 DAGs
[2025-05-02T10:08:17.329+0000] {logging_mixin.py:190} INFO - [2025-05-02T10:08:17.329+0000] {dag.py:4180} INFO - Setting next_dagrun for PlanningEngine to None, run_after=None
[2025-05-02T10:08:17.349+0000] {processor.py:208} INFO - Processing /opt/airflow/dags/airflowDAG.py took 0.586 seconds
[2025-05-02T10:08:47.638+0000] {processor.py:186} INFO - Started process (PID=67) to work on /opt/airflow/dags/airflowDAG.py
[2025-05-02T10:08:47.639+0000] {processor.py:914} INFO - Processing file /opt/airflow/dags/airflowDAG.py for tasks to queue
[2025-05-02T10:08:47.643+0000] {logging_mixin.py:190} INFO - [2025-05-02T10:08:47.642+0000] {dagbag.py:588} INFO - Filling up the DagBag from /opt/airflow/dags/airflowDAG.py
[2025-05-02T10:08:47.934+0000] {processor.py:925} INFO - DAG(s) 'PlanningEngine' retrieved from /opt/airflow/dags/airflowDAG.py
[2025-05-02T10:08:47.955+0000] {logging_mixin.py:190} INFO - [2025-05-02T10:08:47.954+0000] {dag.py:3239} INFO - Sync 1 DAGs
[2025-05-02T10:08:47.964+0000] {logging_mixin.py:190} INFO - [2025-05-02T10:08:47.964+0000] {dag.py:4180} INFO - Setting next_dagrun for PlanningEngine to None, run_after=None
[2025-05-02T10:08:47.987+0000] {processor.py:208} INFO - Processing /opt/airflow/dags/airflowDAG.py took 0.355 seconds
[2025-05-02T10:09:18.081+0000] {processor.py:186} INFO - Started process (PID=74) to work on /opt/airflow/dags/airflowDAG.py
[2025-05-02T10:09:18.082+0000] {processor.py:914} INFO - Processing file /opt/airflow/dags/airflowDAG.py for tasks to queue
[2025-05-02T10:09:18.086+0000] {logging_mixin.py:190} INFO - [2025-05-02T10:09:18.085+0000] {dagbag.py:588} INFO - Filling up the DagBag from /opt/airflow/dags/airflowDAG.py
[2025-05-02T10:09:18.384+0000] {processor.py:925} INFO - DAG(s) 'PlanningEngine' retrieved from /opt/airflow/dags/airflowDAG.py
[2025-05-02T10:09:18.410+0000] {logging_mixin.py:190} INFO - [2025-05-02T10:09:18.410+0000] {dag.py:3239} INFO - Sync 1 DAGs
[2025-05-02T10:09:18.421+0000] {logging_mixin.py:190} INFO - [2025-05-02T10:09:18.421+0000] {dag.py:4180} INFO - Setting next_dagrun for PlanningEngine to None, run_after=None
[2025-05-02T10:09:18.440+0000] {processor.py:208} INFO - Processing /opt/airflow/dags/airflowDAG.py took 0.367 seconds
[2025-05-02T10:09:36.855+0000] {processor.py:186} INFO - Started process (PID=81) to work on /opt/airflow/dags/airflowDAG.py
[2025-05-02T10:09:36.856+0000] {processor.py:914} INFO - Processing file /opt/airflow/dags/airflowDAG.py for tasks to queue
[2025-05-02T10:09:36.858+0000] {logging_mixin.py:190} INFO - [2025-05-02T10:09:36.858+0000] {dagbag.py:588} INFO - Filling up the DagBag from /opt/airflow/dags/airflowDAG.py
[2025-05-02T10:09:37.113+0000] {processor.py:925} INFO - DAG(s) 'PlanningEngine' retrieved from /opt/airflow/dags/airflowDAG.py
[2025-05-02T10:09:37.133+0000] {logging_mixin.py:190} INFO - [2025-05-02T10:09:37.133+0000] {dag.py:3239} INFO - Sync 1 DAGs
[2025-05-02T10:09:37.143+0000] {logging_mixin.py:190} INFO - [2025-05-02T10:09:37.143+0000] {dag.py:4180} INFO - Setting next_dagrun for PlanningEngine to None, run_after=None
[2025-05-02T10:09:37.160+0000] {processor.py:208} INFO - Processing /opt/airflow/dags/airflowDAG.py took 0.310 seconds
[2025-05-02T10:10:07.423+0000] {processor.py:186} INFO - Started process (PID=88) to work on /opt/airflow/dags/airflowDAG.py
[2025-05-02T10:10:07.424+0000] {processor.py:914} INFO - Processing file /opt/airflow/dags/airflowDAG.py for tasks to queue
[2025-05-02T10:10:07.426+0000] {logging_mixin.py:190} INFO - [2025-05-02T10:10:07.426+0000] {dagbag.py:588} INFO - Filling up the DagBag from /opt/airflow/dags/airflowDAG.py
[2025-05-02T10:10:07.677+0000] {processor.py:925} INFO - DAG(s) 'PlanningEngine' retrieved from /opt/airflow/dags/airflowDAG.py
[2025-05-02T10:10:07.697+0000] {logging_mixin.py:190} INFO - [2025-05-02T10:10:07.697+0000] {dag.py:3239} INFO - Sync 1 DAGs
[2025-05-02T10:10:07.707+0000] {logging_mixin.py:190} INFO - [2025-05-02T10:10:07.707+0000] {dag.py:4180} INFO - Setting next_dagrun for PlanningEngine to None, run_after=None
[2025-05-02T10:10:07.725+0000] {processor.py:208} INFO - Processing /opt/airflow/dags/airflowDAG.py took 0.307 seconds
[2025-05-02T10:10:37.990+0000] {processor.py:186} INFO - Started process (PID=95) to work on /opt/airflow/dags/airflowDAG.py
[2025-05-02T10:10:37.991+0000] {processor.py:914} INFO - Processing file /opt/airflow/dags/airflowDAG.py for tasks to queue
[2025-05-02T10:10:37.994+0000] {logging_mixin.py:190} INFO - [2025-05-02T10:10:37.994+0000] {dagbag.py:588} INFO - Filling up the DagBag from /opt/airflow/dags/airflowDAG.py
[2025-05-02T10:10:38.251+0000] {processor.py:925} INFO - DAG(s) 'PlanningEngine' retrieved from /opt/airflow/dags/airflowDAG.py
[2025-05-02T10:10:38.272+0000] {logging_mixin.py:190} INFO - [2025-05-02T10:10:38.272+0000] {dag.py:3239} INFO - Sync 1 DAGs
[2025-05-02T10:10:38.282+0000] {logging_mixin.py:190} INFO - [2025-05-02T10:10:38.282+0000] {dag.py:4180} INFO - Setting next_dagrun for PlanningEngine to None, run_after=None
[2025-05-02T10:10:38.304+0000] {processor.py:208} INFO - Processing /opt/airflow/dags/airflowDAG.py took 0.319 seconds
[2025-05-02T10:11:08.951+0000] {processor.py:186} INFO - Started process (PID=102) to work on /opt/airflow/dags/airflowDAG.py
[2025-05-02T10:11:08.952+0000] {processor.py:914} INFO - Processing file /opt/airflow/dags/airflowDAG.py for tasks to queue
[2025-05-02T10:11:08.955+0000] {logging_mixin.py:190} INFO - [2025-05-02T10:11:08.955+0000] {dagbag.py:588} INFO - Filling up the DagBag from /opt/airflow/dags/airflowDAG.py
[2025-05-02T10:11:09.247+0000] {processor.py:925} INFO - DAG(s) 'PlanningEngine' retrieved from /opt/airflow/dags/airflowDAG.py
[2025-05-02T10:11:09.269+0000] {logging_mixin.py:190} INFO - [2025-05-02T10:11:09.268+0000] {dag.py:3239} INFO - Sync 1 DAGs
[2025-05-02T10:11:09.279+0000] {logging_mixin.py:190} INFO - [2025-05-02T10:11:09.279+0000] {dag.py:4180} INFO - Setting next_dagrun for PlanningEngine to None, run_after=None
[2025-05-02T10:11:09.301+0000] {processor.py:208} INFO - Processing /opt/airflow/dags/airflowDAG.py took 0.357 seconds
[2025-05-02T10:11:40.168+0000] {processor.py:186} INFO - Started process (PID=109) to work on /opt/airflow/dags/airflowDAG.py
[2025-05-02T10:11:40.170+0000] {processor.py:914} INFO - Processing file /opt/airflow/dags/airflowDAG.py for tasks to queue
[2025-05-02T10:11:40.178+0000] {logging_mixin.py:190} INFO - [2025-05-02T10:11:40.178+0000] {dagbag.py:588} INFO - Filling up the DagBag from /opt/airflow/dags/airflowDAG.py
[2025-05-02T10:11:40.443+0000] {processor.py:925} INFO - DAG(s) 'PlanningEngine' retrieved from /opt/airflow/dags/airflowDAG.py
[2025-05-02T10:11:40.464+0000] {logging_mixin.py:190} INFO - [2025-05-02T10:11:40.464+0000] {dag.py:3239} INFO - Sync 1 DAGs
[2025-05-02T10:11:40.474+0000] {logging_mixin.py:190} INFO - [2025-05-02T10:11:40.474+0000] {dag.py:4180} INFO - Setting next_dagrun for PlanningEngine to None, run_after=None
[2025-05-02T10:11:40.493+0000] {processor.py:208} INFO - Processing /opt/airflow/dags/airflowDAG.py took 0.330 seconds
[2025-05-02T10:12:11.051+0000] {processor.py:186} INFO - Started process (PID=116) to work on /opt/airflow/dags/airflowDAG.py
[2025-05-02T10:12:11.053+0000] {processor.py:914} INFO - Processing file /opt/airflow/dags/airflowDAG.py for tasks to queue
[2025-05-02T10:12:11.055+0000] {logging_mixin.py:190} INFO - [2025-05-02T10:12:11.055+0000] {dagbag.py:588} INFO - Filling up the DagBag from /opt/airflow/dags/airflowDAG.py
[2025-05-02T10:12:11.322+0000] {processor.py:925} INFO - DAG(s) 'PlanningEngine' retrieved from /opt/airflow/dags/airflowDAG.py
[2025-05-02T10:12:11.344+0000] {logging_mixin.py:190} INFO - [2025-05-02T10:12:11.344+0000] {dag.py:3239} INFO - Sync 1 DAGs
[2025-05-02T10:12:11.357+0000] {logging_mixin.py:190} INFO - [2025-05-02T10:12:11.356+0000] {dag.py:4180} INFO - Setting next_dagrun for PlanningEngine to None, run_after=None
[2025-05-02T10:12:11.375+0000] {processor.py:208} INFO - Processing /opt/airflow/dags/airflowDAG.py took 0.329 seconds
[2025-05-02T10:12:42.293+0000] {processor.py:186} INFO - Started process (PID=128) to work on /opt/airflow/dags/airflowDAG.py
[2025-05-02T10:12:42.294+0000] {processor.py:914} INFO - Processing file /opt/airflow/dags/airflowDAG.py for tasks to queue
[2025-05-02T10:12:42.298+0000] {logging_mixin.py:190} INFO - [2025-05-02T10:12:42.298+0000] {dagbag.py:588} INFO - Filling up the DagBag from /opt/airflow/dags/airflowDAG.py
[2025-05-02T10:12:42.431+0000] {processor.py:925} INFO - DAG(s) 'PlanningEngine' retrieved from /opt/airflow/dags/airflowDAG.py
[2025-05-02T10:12:42.457+0000] {logging_mixin.py:190} INFO - [2025-05-02T10:12:42.457+0000] {dag.py:3239} INFO - Sync 1 DAGs
[2025-05-02T10:12:42.470+0000] {logging_mixin.py:190} INFO - [2025-05-02T10:12:42.470+0000] {dag.py:4180} INFO - Setting next_dagrun for PlanningEngine to None, run_after=None
[2025-05-02T10:12:42.490+0000] {processor.py:208} INFO - Processing /opt/airflow/dags/airflowDAG.py took 0.203 seconds
[2025-05-02T10:13:13.065+0000] {processor.py:186} INFO - Started process (PID=135) to work on /opt/airflow/dags/airflowDAG.py
[2025-05-02T10:13:13.066+0000] {processor.py:914} INFO - Processing file /opt/airflow/dags/airflowDAG.py for tasks to queue
[2025-05-02T10:13:13.069+0000] {logging_mixin.py:190} INFO - [2025-05-02T10:13:13.069+0000] {dagbag.py:588} INFO - Filling up the DagBag from /opt/airflow/dags/airflowDAG.py
[2025-05-02T10:13:13.192+0000] {processor.py:925} INFO - DAG(s) 'PlanningEngine' retrieved from /opt/airflow/dags/airflowDAG.py
[2025-05-02T10:13:13.213+0000] {logging_mixin.py:190} INFO - [2025-05-02T10:13:13.213+0000] {dag.py:3239} INFO - Sync 1 DAGs
[2025-05-02T10:13:13.224+0000] {logging_mixin.py:190} INFO - [2025-05-02T10:13:13.223+0000] {dag.py:4180} INFO - Setting next_dagrun for PlanningEngine to None, run_after=None
[2025-05-02T10:13:13.244+0000] {processor.py:208} INFO - Processing /opt/airflow/dags/airflowDAG.py took 0.185 seconds
[2025-05-02T10:13:27.326+0000] {processor.py:186} INFO - Started process (PID=136) to work on /opt/airflow/dags/airflowDAG.py
[2025-05-02T10:13:27.328+0000] {processor.py:914} INFO - Processing file /opt/airflow/dags/airflowDAG.py for tasks to queue
[2025-05-02T10:13:27.332+0000] {logging_mixin.py:190} INFO - [2025-05-02T10:13:27.331+0000] {dagbag.py:588} INFO - Filling up the DagBag from /opt/airflow/dags/airflowDAG.py
[2025-05-02T10:13:27.456+0000] {processor.py:925} INFO - DAG(s) 'PlanningEngine' retrieved from /opt/airflow/dags/airflowDAG.py
[2025-05-02T10:13:27.478+0000] {logging_mixin.py:190} INFO - [2025-05-02T10:13:27.478+0000] {dag.py:3239} INFO - Sync 1 DAGs
[2025-05-02T10:13:27.489+0000] {logging_mixin.py:190} INFO - [2025-05-02T10:13:27.489+0000] {dag.py:4180} INFO - Setting next_dagrun for PlanningEngine to None, run_after=None
[2025-05-02T10:13:27.508+0000] {processor.py:208} INFO - Processing /opt/airflow/dags/airflowDAG.py took 0.187 seconds
[2025-05-02T10:13:57.656+0000] {processor.py:186} INFO - Started process (PID=143) to work on /opt/airflow/dags/airflowDAG.py
[2025-05-02T10:13:57.658+0000] {processor.py:914} INFO - Processing file /opt/airflow/dags/airflowDAG.py for tasks to queue
[2025-05-02T10:13:57.660+0000] {logging_mixin.py:190} INFO - [2025-05-02T10:13:57.660+0000] {dagbag.py:588} INFO - Filling up the DagBag from /opt/airflow/dags/airflowDAG.py
[2025-05-02T10:13:57.766+0000] {processor.py:925} INFO - DAG(s) 'PlanningEngine' retrieved from /opt/airflow/dags/airflowDAG.py
[2025-05-02T10:13:57.790+0000] {logging_mixin.py:190} INFO - [2025-05-02T10:13:57.790+0000] {dag.py:3239} INFO - Sync 1 DAGs
[2025-05-02T10:13:57.802+0000] {logging_mixin.py:190} INFO - [2025-05-02T10:13:57.802+0000] {dag.py:4180} INFO - Setting next_dagrun for PlanningEngine to None, run_after=None
[2025-05-02T10:13:57.817+0000] {processor.py:208} INFO - Processing /opt/airflow/dags/airflowDAG.py took 0.166 seconds
[2025-05-02T10:14:28.018+0000] {processor.py:186} INFO - Started process (PID=150) to work on /opt/airflow/dags/airflowDAG.py
[2025-05-02T10:14:28.019+0000] {processor.py:914} INFO - Processing file /opt/airflow/dags/airflowDAG.py for tasks to queue
[2025-05-02T10:14:28.021+0000] {logging_mixin.py:190} INFO - [2025-05-02T10:14:28.021+0000] {dagbag.py:588} INFO - Filling up the DagBag from /opt/airflow/dags/airflowDAG.py
[2025-05-02T10:14:28.138+0000] {processor.py:925} INFO - DAG(s) 'PlanningEngine' retrieved from /opt/airflow/dags/airflowDAG.py
[2025-05-02T10:14:28.161+0000] {logging_mixin.py:190} INFO - [2025-05-02T10:14:28.160+0000] {dag.py:3239} INFO - Sync 1 DAGs
[2025-05-02T10:14:28.172+0000] {logging_mixin.py:190} INFO - [2025-05-02T10:14:28.172+0000] {dag.py:4180} INFO - Setting next_dagrun for PlanningEngine to None, run_after=None
[2025-05-02T10:14:28.191+0000] {processor.py:208} INFO - Processing /opt/airflow/dags/airflowDAG.py took 0.178 seconds
[2025-05-02T10:14:58.354+0000] {processor.py:186} INFO - Started process (PID=157) to work on /opt/airflow/dags/airflowDAG.py
[2025-05-02T10:14:58.355+0000] {processor.py:914} INFO - Processing file /opt/airflow/dags/airflowDAG.py for tasks to queue
[2025-05-02T10:14:58.358+0000] {logging_mixin.py:190} INFO - [2025-05-02T10:14:58.357+0000] {dagbag.py:588} INFO - Filling up the DagBag from /opt/airflow/dags/airflowDAG.py
[2025-05-02T10:14:58.481+0000] {processor.py:925} INFO - DAG(s) 'PlanningEngine' retrieved from /opt/airflow/dags/airflowDAG.py
[2025-05-02T10:14:58.502+0000] {logging_mixin.py:190} INFO - [2025-05-02T10:14:58.502+0000] {dag.py:3239} INFO - Sync 1 DAGs
[2025-05-02T10:14:58.513+0000] {logging_mixin.py:190} INFO - [2025-05-02T10:14:58.513+0000] {dag.py:4180} INFO - Setting next_dagrun for PlanningEngine to None, run_after=None
[2025-05-02T10:14:58.535+0000] {processor.py:208} INFO - Processing /opt/airflow/dags/airflowDAG.py took 0.186 seconds
[2025-05-02T10:15:27.520+0000] {processor.py:186} INFO - Started process (PID=163) to work on /opt/airflow/dags/airflowDAG.py
[2025-05-02T10:15:27.527+0000] {processor.py:914} INFO - Processing file /opt/airflow/dags/airflowDAG.py for tasks to queue
[2025-05-02T10:15:27.529+0000] {logging_mixin.py:190} INFO - [2025-05-02T10:15:27.529+0000] {dagbag.py:588} INFO - Filling up the DagBag from /opt/airflow/dags/airflowDAG.py
[2025-05-02T10:15:27.662+0000] {processor.py:925} INFO - DAG(s) 'PlanningEngine' retrieved from /opt/airflow/dags/airflowDAG.py
[2025-05-02T10:15:27.688+0000] {logging_mixin.py:190} INFO - [2025-05-02T10:15:27.687+0000] {dag.py:3239} INFO - Sync 1 DAGs
[2025-05-02T10:15:27.702+0000] {logging_mixin.py:190} INFO - [2025-05-02T10:15:27.702+0000] {dag.py:4180} INFO - Setting next_dagrun for PlanningEngine to None, run_after=None
[2025-05-02T10:15:27.725+0000] {processor.py:208} INFO - Processing /opt/airflow/dags/airflowDAG.py took 0.210 seconds
[2025-05-02T10:15:57.804+0000] {processor.py:186} INFO - Started process (PID=170) to work on /opt/airflow/dags/airflowDAG.py
[2025-05-02T10:15:57.806+0000] {processor.py:914} INFO - Processing file /opt/airflow/dags/airflowDAG.py for tasks to queue
[2025-05-02T10:15:57.809+0000] {logging_mixin.py:190} INFO - [2025-05-02T10:15:57.808+0000] {dagbag.py:588} INFO - Filling up the DagBag from /opt/airflow/dags/airflowDAG.py
[2025-05-02T10:15:57.931+0000] {processor.py:925} INFO - DAG(s) 'PlanningEngine' retrieved from /opt/airflow/dags/airflowDAG.py
[2025-05-02T10:16:25.739+0000] {logging_mixin.py:190} INFO - [2025-05-02T10:16:25.739+0000] {dag.py:3239} INFO - Sync 1 DAGs
[2025-05-02T10:15:57.549+0000] {logging_mixin.py:190} INFO - [2025-05-02T10:15:57.549+0000] {dag.py:4180} INFO - Setting next_dagrun for PlanningEngine to None, run_after=None
[2025-05-02T10:15:57.572+0000] {processor.py:208} INFO - Processing /opt/airflow/dags/airflowDAG.py took 0.191 seconds
[2025-05-02T10:16:27.857+0000] {processor.py:186} INFO - Started process (PID=177) to work on /opt/airflow/dags/airflowDAG.py
[2025-05-02T10:16:27.858+0000] {processor.py:914} INFO - Processing file /opt/airflow/dags/airflowDAG.py for tasks to queue
[2025-05-02T10:16:27.861+0000] {logging_mixin.py:190} INFO - [2025-05-02T10:16:27.860+0000] {dagbag.py:588} INFO - Filling up the DagBag from /opt/airflow/dags/airflowDAG.py
[2025-05-02T10:16:27.967+0000] {processor.py:925} INFO - DAG(s) 'PlanningEngine' retrieved from /opt/airflow/dags/airflowDAG.py
[2025-05-02T10:16:27.989+0000] {logging_mixin.py:190} INFO - [2025-05-02T10:16:27.988+0000] {dag.py:3239} INFO - Sync 1 DAGs
[2025-05-02T10:16:28.000+0000] {logging_mixin.py:190} INFO - [2025-05-02T10:16:28.000+0000] {dag.py:4180} INFO - Setting next_dagrun for PlanningEngine to None, run_after=None
[2025-05-02T10:16:28.018+0000] {processor.py:208} INFO - Processing /opt/airflow/dags/airflowDAG.py took 0.165 seconds
[2025-05-02T10:16:52.669+0000] {processor.py:186} INFO - Started process (PID=184) to work on /opt/airflow/dags/airflowDAG.py
[2025-05-02T10:16:52.670+0000] {processor.py:914} INFO - Processing file /opt/airflow/dags/airflowDAG.py for tasks to queue
[2025-05-02T10:16:52.673+0000] {logging_mixin.py:190} INFO - [2025-05-02T10:16:52.672+0000] {dagbag.py:588} INFO - Filling up the DagBag from /opt/airflow/dags/airflowDAG.py
[2025-05-02T10:16:52.810+0000] {processor.py:925} INFO - DAG(s) 'PlanningEngine' retrieved from /opt/airflow/dags/airflowDAG.py
[2025-05-02T10:16:52.834+0000] {logging_mixin.py:190} INFO - [2025-05-02T10:16:52.834+0000] {dag.py:3239} INFO - Sync 1 DAGs
[2025-05-02T10:16:52.849+0000] {logging_mixin.py:190} INFO - [2025-05-02T10:16:52.849+0000] {dag.py:4180} INFO - Setting next_dagrun for PlanningEngine to None, run_after=None
[2025-05-02T10:16:52.870+0000] {processor.py:208} INFO - Processing /opt/airflow/dags/airflowDAG.py took 0.208 seconds
[2025-05-02T10:17:23.149+0000] {processor.py:186} INFO - Started process (PID=191) to work on /opt/airflow/dags/airflowDAG.py
[2025-05-02T10:17:23.150+0000] {processor.py:914} INFO - Processing file /opt/airflow/dags/airflowDAG.py for tasks to queue
[2025-05-02T10:17:23.152+0000] {logging_mixin.py:190} INFO - [2025-05-02T10:17:23.152+0000] {dagbag.py:588} INFO - Filling up the DagBag from /opt/airflow/dags/airflowDAG.py
[2025-05-02T10:17:23.273+0000] {processor.py:925} INFO - DAG(s) 'PlanningEngine' retrieved from /opt/airflow/dags/airflowDAG.py
[2025-05-02T10:17:23.295+0000] {logging_mixin.py:190} INFO - [2025-05-02T10:17:23.294+0000] {dag.py:3239} INFO - Sync 1 DAGs
[2025-05-02T10:17:23.306+0000] {logging_mixin.py:190} INFO - [2025-05-02T10:17:23.306+0000] {dag.py:4180} INFO - Setting next_dagrun for PlanningEngine to None, run_after=None
[2025-05-02T10:17:23.328+0000] {processor.py:208} INFO - Processing /opt/airflow/dags/airflowDAG.py took 0.184 seconds
[2025-05-02T10:17:53.729+0000] {processor.py:186} INFO - Started process (PID=198) to work on /opt/airflow/dags/airflowDAG.py
[2025-05-02T10:17:53.730+0000] {processor.py:914} INFO - Processing file /opt/airflow/dags/airflowDAG.py for tasks to queue
[2025-05-02T10:17:53.732+0000] {logging_mixin.py:190} INFO - [2025-05-02T10:17:53.732+0000] {dagbag.py:588} INFO - Filling up the DagBag from /opt/airflow/dags/airflowDAG.py
[2025-05-02T10:17:53.849+0000] {processor.py:925} INFO - DAG(s) 'PlanningEngine' retrieved from /opt/airflow/dags/airflowDAG.py
[2025-05-02T10:17:53.870+0000] {logging_mixin.py:190} INFO - [2025-05-02T10:17:53.870+0000] {dag.py:3239} INFO - Sync 1 DAGs
[2025-05-02T10:17:53.880+0000] {logging_mixin.py:190} INFO - [2025-05-02T10:17:53.880+0000] {dag.py:4180} INFO - Setting next_dagrun for PlanningEngine to None, run_after=None
[2025-05-02T10:17:53.901+0000] {processor.py:208} INFO - Processing /opt/airflow/dags/airflowDAG.py took 0.176 seconds
[2025-05-02T10:18:24.057+0000] {processor.py:186} INFO - Started process (PID=209) to work on /opt/airflow/dags/airflowDAG.py
[2025-05-02T10:18:24.058+0000] {processor.py:914} INFO - Processing file /opt/airflow/dags/airflowDAG.py for tasks to queue
[2025-05-02T10:18:24.062+0000] {logging_mixin.py:190} INFO - [2025-05-02T10:18:24.062+0000] {dagbag.py:588} INFO - Filling up the DagBag from /opt/airflow/dags/airflowDAG.py
[2025-05-02T10:18:24.225+0000] {processor.py:925} INFO - DAG(s) 'PlanningEngine' retrieved from /opt/airflow/dags/airflowDAG.py
[2025-05-02T10:18:24.269+0000] {logging_mixin.py:190} INFO - [2025-05-02T10:18:24.268+0000] {dag.py:3239} INFO - Sync 1 DAGs
[2025-05-02T10:18:24.294+0000] {logging_mixin.py:190} INFO - [2025-05-02T10:18:24.294+0000] {dag.py:4180} INFO - Setting next_dagrun for PlanningEngine to None, run_after=None
[2025-05-02T10:18:24.316+0000] {processor.py:208} INFO - Processing /opt/airflow/dags/airflowDAG.py took 0.266 seconds
[2025-05-02T10:18:54.881+0000] {processor.py:186} INFO - Started process (PID=216) to work on /opt/airflow/dags/airflowDAG.py
[2025-05-02T10:18:54.883+0000] {processor.py:914} INFO - Processing file /opt/airflow/dags/airflowDAG.py for tasks to queue
[2025-05-02T10:18:54.886+0000] {logging_mixin.py:190} INFO - [2025-05-02T10:18:54.886+0000] {dagbag.py:588} INFO - Filling up the DagBag from /opt/airflow/dags/airflowDAG.py
[2025-05-02T10:18:55.043+0000] {processor.py:925} INFO - DAG(s) 'PlanningEngine' retrieved from /opt/airflow/dags/airflowDAG.py
[2025-05-02T10:18:55.069+0000] {logging_mixin.py:190} INFO - [2025-05-02T10:18:55.069+0000] {dag.py:3239} INFO - Sync 1 DAGs
[2025-05-02T10:18:55.082+0000] {logging_mixin.py:190} INFO - [2025-05-02T10:18:55.081+0000] {dag.py:4180} INFO - Setting next_dagrun for PlanningEngine to None, run_after=None
[2025-05-02T10:18:55.102+0000] {processor.py:208} INFO - Processing /opt/airflow/dags/airflowDAG.py took 0.227 seconds
[2025-05-02T10:19:25.319+0000] {processor.py:186} INFO - Started process (PID=223) to work on /opt/airflow/dags/airflowDAG.py
[2025-05-02T10:19:25.320+0000] {processor.py:914} INFO - Processing file /opt/airflow/dags/airflowDAG.py for tasks to queue
[2025-05-02T10:19:25.323+0000] {logging_mixin.py:190} INFO - [2025-05-02T10:19:25.322+0000] {dagbag.py:588} INFO - Filling up the DagBag from /opt/airflow/dags/airflowDAG.py
[2025-05-02T10:19:25.434+0000] {processor.py:925} INFO - DAG(s) 'PlanningEngine' retrieved from /opt/airflow/dags/airflowDAG.py
[2025-05-02T10:19:25.457+0000] {logging_mixin.py:190} INFO - [2025-05-02T10:19:25.457+0000] {dag.py:3239} INFO - Sync 1 DAGs
[2025-05-02T10:19:25.468+0000] {logging_mixin.py:190} INFO - [2025-05-02T10:19:25.468+0000] {dag.py:4180} INFO - Setting next_dagrun for PlanningEngine to None, run_after=None
[2025-05-02T10:19:25.486+0000] {processor.py:208} INFO - Processing /opt/airflow/dags/airflowDAG.py took 0.171 seconds
[2025-05-02T10:20:07.248+0000] {processor.py:186} INFO - Started process (PID=231) to work on /opt/airflow/dags/airflowDAG.py
[2025-05-02T10:20:07.250+0000] {processor.py:914} INFO - Processing file /opt/airflow/dags/airflowDAG.py for tasks to queue
[2025-05-02T10:20:07.255+0000] {logging_mixin.py:190} INFO - [2025-05-02T10:20:07.254+0000] {dagbag.py:588} INFO - Filling up the DagBag from /opt/airflow/dags/airflowDAG.py
[2025-05-02T10:20:07.432+0000] {processor.py:925} INFO - DAG(s) 'PlanningEngine' retrieved from /opt/airflow/dags/airflowDAG.py
[2025-05-02T10:20:07.469+0000] {logging_mixin.py:190} INFO - [2025-05-02T10:20:07.469+0000] {dag.py:3239} INFO - Sync 1 DAGs
[2025-05-02T10:20:07.490+0000] {logging_mixin.py:190} INFO - [2025-05-02T10:20:07.490+0000] {dag.py:4180} INFO - Setting next_dagrun for PlanningEngine to None, run_after=None
[2025-05-02T10:20:07.533+0000] {processor.py:208} INFO - Processing /opt/airflow/dags/airflowDAG.py took 0.292 seconds
[2025-05-02T10:20:37.991+0000] {processor.py:186} INFO - Started process (PID=243) to work on /opt/airflow/dags/airflowDAG.py
[2025-05-02T10:20:37.993+0000] {processor.py:914} INFO - Processing file /opt/airflow/dags/airflowDAG.py for tasks to queue
[2025-05-02T10:20:37.996+0000] {logging_mixin.py:190} INFO - [2025-05-02T10:20:37.995+0000] {dagbag.py:588} INFO - Filling up the DagBag from /opt/airflow/dags/airflowDAG.py
[2025-05-02T10:20:38.024+0000] {processor.py:925} INFO - DAG(s) 'PlanningEngine' retrieved from /opt/airflow/dags/airflowDAG.py
[2025-05-02T10:20:38.051+0000] {logging_mixin.py:190} INFO - [2025-05-02T10:20:38.050+0000] {dag.py:3239} INFO - Sync 1 DAGs
[2025-05-02T10:20:38.067+0000] {logging_mixin.py:190} INFO - [2025-05-02T10:20:38.066+0000] {dag.py:4180} INFO - Setting next_dagrun for PlanningEngine to None, run_after=None
[2025-05-02T10:20:38.088+0000] {processor.py:208} INFO - Processing /opt/airflow/dags/airflowDAG.py took 0.224 seconds
[2025-05-02T10:21:08.252+0000] {processor.py:186} INFO - Started process (PID=250) to work on /opt/airflow/dags/airflowDAG.py
[2025-05-02T10:21:08.253+0000] {processor.py:914} INFO - Processing file /opt/airflow/dags/airflowDAG.py for tasks to queue
[2025-05-02T10:21:08.256+0000] {logging_mixin.py:190} INFO - [2025-05-02T10:21:08.255+0000] {dagbag.py:588} INFO - Filling up the DagBag from /opt/airflow/dags/airflowDAG.py
[2025-05-02T10:21:08.061+0000] {processor.py:925} INFO - DAG(s) 'PlanningEngine' retrieved from /opt/airflow/dags/airflowDAG.py
[2025-05-02T10:21:08.085+0000] {logging_mixin.py:190} INFO - [2025-05-02T10:21:08.085+0000] {dag.py:3239} INFO - Sync 1 DAGs
[2025-05-02T10:21:08.097+0000] {logging_mixin.py:190} INFO - [2025-05-02T10:21:08.097+0000] {dag.py:4180} INFO - Setting next_dagrun for PlanningEngine to None, run_after=None
[2025-05-02T10:21:08.116+0000] {processor.py:208} INFO - Processing /opt/airflow/dags/airflowDAG.py took 0.187 seconds
[2025-05-02T10:21:23.076+0000] {processor.py:186} INFO - Started process (PID=257) to work on /opt/airflow/dags/airflowDAG.py
[2025-05-02T10:21:23.078+0000] {processor.py:914} INFO - Processing file /opt/airflow/dags/airflowDAG.py for tasks to queue
[2025-05-02T10:21:23.080+0000] {logging_mixin.py:190} INFO - [2025-05-02T10:21:23.080+0000] {dagbag.py:588} INFO - Filling up the DagBag from /opt/airflow/dags/airflowDAG.py
[2025-05-02T10:21:23.219+0000] {processor.py:925} INFO - DAG(s) 'PlanningEngine' retrieved from /opt/airflow/dags/airflowDAG.py
[2025-05-02T10:21:23.245+0000] {logging_mixin.py:190} INFO - [2025-05-02T10:21:23.245+0000] {dag.py:3239} INFO - Sync 1 DAGs
[2025-05-02T10:21:23.257+0000] {logging_mixin.py:190} INFO - [2025-05-02T10:21:23.257+0000] {dag.py:4180} INFO - Setting next_dagrun for PlanningEngine to None, run_after=None
[2025-05-02T10:21:23.281+0000] {processor.py:208} INFO - Processing /opt/airflow/dags/airflowDAG.py took 0.212 seconds
[2025-05-02T10:21:53.447+0000] {processor.py:186} INFO - Started process (PID=264) to work on /opt/airflow/dags/airflowDAG.py
[2025-05-02T10:21:53.448+0000] {processor.py:914} INFO - Processing file /opt/airflow/dags/airflowDAG.py for tasks to queue
[2025-05-02T10:21:53.451+0000] {logging_mixin.py:190} INFO - [2025-05-02T10:21:53.451+0000] {dagbag.py:588} INFO - Filling up the DagBag from /opt/airflow/dags/airflowDAG.py
[2025-05-02T10:21:53.149+0000] {processor.py:925} INFO - DAG(s) 'PlanningEngine' retrieved from /opt/airflow/dags/airflowDAG.py
[2025-05-02T10:21:53.170+0000] {logging_mixin.py:190} INFO - [2025-05-02T10:21:53.170+0000] {dag.py:3239} INFO - Sync 1 DAGs
[2025-05-02T10:21:53.181+0000] {logging_mixin.py:190} INFO - [2025-05-02T10:21:53.181+0000] {dag.py:4180} INFO - Setting next_dagrun for PlanningEngine to None, run_after=None
[2025-05-02T10:21:53.200+0000] {processor.py:208} INFO - Processing /opt/airflow/dags/airflowDAG.py took 0.177 seconds
[2025-05-02T10:22:23.398+0000] {processor.py:186} INFO - Started process (PID=271) to work on /opt/airflow/dags/airflowDAG.py
[2025-05-02T10:22:23.399+0000] {processor.py:914} INFO - Processing file /opt/airflow/dags/airflowDAG.py for tasks to queue
[2025-05-02T10:22:23.408+0000] {logging_mixin.py:190} INFO - [2025-05-02T10:22:23.407+0000] {dagbag.py:588} INFO - Filling up the DagBag from /opt/airflow/dags/airflowDAG.py
[2025-05-02T10:22:23.542+0000] {processor.py:925} INFO - DAG(s) 'PlanningEngine' retrieved from /opt/airflow/dags/airflowDAG.py
[2025-05-02T10:22:23.154+0000] {logging_mixin.py:190} INFO - [2025-05-02T10:22:23.154+0000] {dag.py:3239} INFO - Sync 1 DAGs
[2025-05-02T10:22:23.171+0000] {logging_mixin.py:190} INFO - [2025-05-02T10:22:23.171+0000] {dag.py:4180} INFO - Setting next_dagrun for PlanningEngine to None, run_after=None
[2025-05-02T10:22:23.194+0000] {processor.py:208} INFO - Processing /opt/airflow/dags/airflowDAG.py took 0.221 seconds
[2025-05-02T10:22:53.566+0000] {processor.py:186} INFO - Started process (PID=278) to work on /opt/airflow/dags/airflowDAG.py
[2025-05-02T10:22:53.567+0000] {processor.py:914} INFO - Processing file /opt/airflow/dags/airflowDAG.py for tasks to queue
[2025-05-02T10:22:53.569+0000] {logging_mixin.py:190} INFO - [2025-05-02T10:22:53.569+0000] {dagbag.py:588} INFO - Filling up the DagBag from /opt/airflow/dags/airflowDAG.py
[2025-05-02T10:22:53.700+0000] {processor.py:925} INFO - DAG(s) 'PlanningEngine' retrieved from /opt/airflow/dags/airflowDAG.py
[2025-05-02T10:22:53.722+0000] {logging_mixin.py:190} INFO - [2025-05-02T10:22:53.722+0000] {dag.py:3239} INFO - Sync 1 DAGs
[2025-05-02T10:22:53.733+0000] {logging_mixin.py:190} INFO - [2025-05-02T10:22:53.733+0000] {dag.py:4180} INFO - Setting next_dagrun for PlanningEngine to None, run_after=None
[2025-05-02T10:22:53.755+0000] {processor.py:208} INFO - Processing /opt/airflow/dags/airflowDAG.py took 0.193 seconds
[2025-05-02T10:23:24.719+0000] {processor.py:186} INFO - Started process (PID=285) to work on /opt/airflow/dags/airflowDAG.py
[2025-05-02T10:23:24.720+0000] {processor.py:914} INFO - Processing file /opt/airflow/dags/airflowDAG.py for tasks to queue
[2025-05-02T10:23:24.723+0000] {logging_mixin.py:190} INFO - [2025-05-02T10:23:24.723+0000] {dagbag.py:588} INFO - Filling up the DagBag from /opt/airflow/dags/airflowDAG.py
[2025-05-02T10:23:24.856+0000] {processor.py:925} INFO - DAG(s) 'PlanningEngine' retrieved from /opt/airflow/dags/airflowDAG.py
[2025-05-02T10:23:24.878+0000] {logging_mixin.py:190} INFO - [2025-05-02T10:23:24.878+0000] {dag.py:3239} INFO - Sync 1 DAGs
[2025-05-02T10:23:24.890+0000] {logging_mixin.py:190} INFO - [2025-05-02T10:23:24.890+0000] {dag.py:4180} INFO - Setting next_dagrun for PlanningEngine to None, run_after=None
[2025-05-02T10:23:24.912+0000] {processor.py:208} INFO - Processing /opt/airflow/dags/airflowDAG.py took 0.198 seconds
[2025-05-02T10:23:43.326+0000] {processor.py:186} INFO - Started process (PID=286) to work on /opt/airflow/dags/airflowDAG.py
[2025-05-02T10:23:43.327+0000] {processor.py:914} INFO - Processing file /opt/airflow/dags/airflowDAG.py for tasks to queue
[2025-05-02T10:23:43.331+0000] {logging_mixin.py:190} INFO - [2025-05-02T10:23:43.331+0000] {dagbag.py:588} INFO - Filling up the DagBag from /opt/airflow/dags/airflowDAG.py
[2025-05-02T10:23:43.469+0000] {processor.py:925} INFO - DAG(s) 'PlanningEngine' retrieved from /opt/airflow/dags/airflowDAG.py
[2025-05-02T10:23:43.492+0000] {logging_mixin.py:190} INFO - [2025-05-02T10:23:43.492+0000] {dag.py:3239} INFO - Sync 1 DAGs
[2025-05-02T10:23:43.509+0000] {logging_mixin.py:190} INFO - [2025-05-02T10:23:43.509+0000] {dag.py:4180} INFO - Setting next_dagrun for PlanningEngine to None, run_after=None
[2025-05-02T10:23:43.531+0000] {processor.py:208} INFO - Processing /opt/airflow/dags/airflowDAG.py took 0.212 seconds
[2025-05-02T10:24:41.542+0000] {processor.py:186} INFO - Started process (PID=299) to work on /opt/airflow/dags/airflowDAG.py
[2025-05-02T10:24:41.544+0000] {processor.py:914} INFO - Processing file /opt/airflow/dags/airflowDAG.py for tasks to queue
[2025-05-02T10:24:41.546+0000] {logging_mixin.py:190} INFO - [2025-05-02T10:24:41.546+0000] {dagbag.py:588} INFO - Filling up the DagBag from /opt/airflow/dags/airflowDAG.py
[2025-05-02T10:24:13.517+0000] {processor.py:925} INFO - DAG(s) 'PlanningEngine' retrieved from /opt/airflow/dags/airflowDAG.py
[2025-05-02T10:24:13.541+0000] {logging_mixin.py:190} INFO - [2025-05-02T10:24:13.541+0000] {dag.py:3239} INFO - Sync 1 DAGs
[2025-05-02T10:24:13.552+0000] {logging_mixin.py:190} INFO - [2025-05-02T10:24:13.552+0000] {dag.py:4180} INFO - Setting next_dagrun for PlanningEngine to None, run_after=None
[2025-05-02T10:24:13.574+0000] {processor.py:208} INFO - Processing /opt/airflow/dags/airflowDAG.py took 0.215 seconds
[2025-05-02T10:24:43.713+0000] {processor.py:186} INFO - Started process (PID=306) to work on /opt/airflow/dags/airflowDAG.py
[2025-05-02T10:24:43.715+0000] {processor.py:914} INFO - Processing file /opt/airflow/dags/airflowDAG.py for tasks to queue
[2025-05-02T10:24:43.718+0000] {logging_mixin.py:190} INFO - [2025-05-02T10:24:43.718+0000] {dagbag.py:588} INFO - Filling up the DagBag from /opt/airflow/dags/airflowDAG.py
[2025-05-02T10:24:43.448+0000] {processor.py:925} INFO - DAG(s) 'PlanningEngine' retrieved from /opt/airflow/dags/airflowDAG.py
[2025-05-02T10:24:43.472+0000] {logging_mixin.py:190} INFO - [2025-05-02T10:24:43.472+0000] {dag.py:3239} INFO - Sync 1 DAGs
[2025-05-02T10:24:43.485+0000] {logging_mixin.py:190} INFO - [2025-05-02T10:24:43.484+0000] {dag.py:4180} INFO - Setting next_dagrun for PlanningEngine to None, run_after=None
[2025-05-02T10:24:43.507+0000] {processor.py:208} INFO - Processing /opt/airflow/dags/airflowDAG.py took 0.218 seconds
[2025-05-02T10:25:14.244+0000] {processor.py:186} INFO - Started process (PID=313) to work on /opt/airflow/dags/airflowDAG.py
[2025-05-02T10:25:14.245+0000] {processor.py:914} INFO - Processing file /opt/airflow/dags/airflowDAG.py for tasks to queue
[2025-05-02T10:25:14.248+0000] {logging_mixin.py:190} INFO - [2025-05-02T10:25:14.248+0000] {dagbag.py:588} INFO - Filling up the DagBag from /opt/airflow/dags/airflowDAG.py
[2025-05-02T10:25:14.368+0000] {processor.py:925} INFO - DAG(s) 'PlanningEngine' retrieved from /opt/airflow/dags/airflowDAG.py
[2025-05-02T10:25:14.393+0000] {logging_mixin.py:190} INFO - [2025-05-02T10:25:14.393+0000] {dag.py:3239} INFO - Sync 1 DAGs
[2025-05-02T10:25:14.405+0000] {logging_mixin.py:190} INFO - [2025-05-02T10:25:14.405+0000] {dag.py:4180} INFO - Setting next_dagrun for PlanningEngine to None, run_after=None
[2025-05-02T10:25:14.424+0000] {processor.py:208} INFO - Processing /opt/airflow/dags/airflowDAG.py took 0.186 seconds
[2025-05-02T10:25:52.387+0000] {processor.py:186} INFO - Started process (PID=314) to work on /opt/airflow/dags/airflowDAG.py
[2025-05-02T10:25:52.391+0000] {processor.py:914} INFO - Processing file /opt/airflow/dags/airflowDAG.py for tasks to queue
[2025-05-02T10:25:52.395+0000] {logging_mixin.py:190} INFO - [2025-05-02T10:25:52.394+0000] {dagbag.py:588} INFO - Filling up the DagBag from /opt/airflow/dags/airflowDAG.py
[2025-05-02T10:25:52.745+0000] {processor.py:925} INFO - DAG(s) 'PlanningEngine' retrieved from /opt/airflow/dags/airflowDAG.py
[2025-05-02T10:25:52.788+0000] {logging_mixin.py:190} INFO - [2025-05-02T10:25:52.788+0000] {dag.py:3239} INFO - Sync 1 DAGs
[2025-05-02T10:25:52.811+0000] {logging_mixin.py:190} INFO - [2025-05-02T10:25:52.811+0000] {dag.py:4180} INFO - Setting next_dagrun for PlanningEngine to None, run_after=None
[2025-05-02T10:25:52.840+0000] {processor.py:208} INFO - Processing /opt/airflow/dags/airflowDAG.py took 0.476 seconds
[2025-05-02T10:36:27.058+0000] {processor.py:186} INFO - Started process (PID=315) to work on /opt/airflow/dags/airflowDAG.py
[2025-05-02T10:36:27.059+0000] {processor.py:914} INFO - Processing file /opt/airflow/dags/airflowDAG.py for tasks to queue
[2025-05-02T10:36:27.062+0000] {logging_mixin.py:190} INFO - [2025-05-02T10:36:27.061+0000] {dagbag.py:588} INFO - Filling up the DagBag from /opt/airflow/dags/airflowDAG.py
[2025-05-02T10:36:27.199+0000] {processor.py:925} INFO - DAG(s) 'PlanningEngine' retrieved from /opt/airflow/dags/airflowDAG.py
[2025-05-02T10:36:27.222+0000] {logging_mixin.py:190} INFO - [2025-05-02T10:36:27.222+0000] {dag.py:3239} INFO - Sync 1 DAGs
[2025-05-02T10:36:27.235+0000] {logging_mixin.py:190} INFO - [2025-05-02T10:36:27.235+0000] {dag.py:4180} INFO - Setting next_dagrun for PlanningEngine to None, run_after=None
[2025-05-02T10:36:27.256+0000] {processor.py:208} INFO - Processing /opt/airflow/dags/airflowDAG.py took 0.203 seconds
[2025-05-02T10:40:15.229+0000] {processor.py:186} INFO - Started process (PID=316) to work on /opt/airflow/dags/airflowDAG.py
[2025-05-02T10:40:15.231+0000] {processor.py:914} INFO - Processing file /opt/airflow/dags/airflowDAG.py for tasks to queue
[2025-05-02T10:40:15.236+0000] {logging_mixin.py:190} INFO - [2025-05-02T10:40:15.235+0000] {dagbag.py:588} INFO - Filling up the DagBag from /opt/airflow/dags/airflowDAG.py
[2025-05-02T10:40:15.483+0000] {processor.py:925} INFO - DAG(s) 'PlanningEngine' retrieved from /opt/airflow/dags/airflowDAG.py
[2025-05-02T10:40:15.535+0000] {logging_mixin.py:190} INFO - [2025-05-02T10:40:15.534+0000] {dag.py:3239} INFO - Sync 1 DAGs
[2025-05-02T10:40:15.564+0000] {logging_mixin.py:190} INFO - [2025-05-02T10:40:15.564+0000] {dag.py:4180} INFO - Setting next_dagrun for PlanningEngine to None, run_after=None
[2025-05-02T10:40:15.598+0000] {processor.py:208} INFO - Processing /opt/airflow/dags/airflowDAG.py took 0.390 seconds
[2025-05-02T10:50:50.579+0000] {processor.py:186} INFO - Started process (PID=317) to work on /opt/airflow/dags/airflowDAG.py
[2025-05-02T10:50:50.584+0000] {processor.py:914} INFO - Processing file /opt/airflow/dags/airflowDAG.py for tasks to queue
[2025-05-02T10:50:50.597+0000] {logging_mixin.py:190} INFO - [2025-05-02T10:50:50.596+0000] {dagbag.py:588} INFO - Filling up the DagBag from /opt/airflow/dags/airflowDAG.py
[2025-05-02T10:50:51.018+0000] {processor.py:925} INFO - DAG(s) 'PlanningEngine' retrieved from /opt/airflow/dags/airflowDAG.py
[2025-05-02T10:50:51.069+0000] {logging_mixin.py:190} INFO - [2025-05-02T10:50:51.069+0000] {dag.py:3239} INFO - Sync 1 DAGs
[2025-05-02T10:50:51.090+0000] {logging_mixin.py:190} INFO - [2025-05-02T10:50:51.089+0000] {dag.py:4180} INFO - Setting next_dagrun for PlanningEngine to None, run_after=None
[2025-05-02T10:50:51.117+0000] {processor.py:208} INFO - Processing /opt/airflow/dags/airflowDAG.py took 0.573 seconds
