[2025-05-01T15:10:30.531+0000] {manager.py:483} INFO - Processing files using up to 2 processes at a time 
[2025-05-01T15:10:30.532+0000] {manager.py:484} INFO - Process each file at most once every 30 seconds
[2025-05-01T15:10:30.532+0000] {manager.py:485} INFO - Checking for new files in /opt/airflow/dags every 300 seconds
[2025-05-01T15:10:30.533+0000] {manager.py:821} INFO - Searching for files in /opt/airflow/dags
[2025-05-01T15:10:30.569+0000] {manager.py:824} INFO - There are 1 files in /opt/airflow/dags
[2025-05-01T15:10:30.641+0000] {manager.py:997} INFO - 
================================================================================
DAG File Processing Stats

File Path                          PID  Runtime      # DAGs    # Errors  Last Runtime    Last Run      Last # of DB Queries
-------------------------------  -----  ---------  --------  ----------  --------------  ----------  ----------------------
/opt/airflow/dags/airflowDAG.py     61  0.02s             0           0                                                   0
================================================================================
[2025-05-01T15:10:58.541+0000] {manager.py:997} INFO - 
================================================================================
DAG File Processing Stats

File Path                        PID    Runtime      # DAGs    # Errors  Last Runtime    Last Run               Last # of DB Queries
-------------------------------  -----  ---------  --------  ----------  --------------  -------------------  ----------------------
/opt/airflow/dags/airflowDAG.py                           1           0  0.65s           2025-05-01T15:10:31                      10
================================================================================
[2025-05-01T15:11:25.677+0000] {manager.py:997} INFO - 
================================================================================
DAG File Processing Stats

File Path                        PID    Runtime      # DAGs    # Errors  Last Runtime    Last Run               Last # of DB Queries
-------------------------------  -----  ---------  --------  ----------  --------------  -------------------  ----------------------
/opt/airflow/dags/airflowDAG.py                           1           0  0.32s           2025-05-01T15:11:01                      10
================================================================================
[2025-05-01T15:11:53.439+0000] {manager.py:997} INFO - 
================================================================================
DAG File Processing Stats

File Path                        PID    Runtime      # DAGs    # Errors  Last Runtime    Last Run               Last # of DB Queries
-------------------------------  -----  ---------  --------  ----------  --------------  -------------------  ----------------------
/opt/airflow/dags/airflowDAG.py                           1           0  0.33s           2025-05-01T15:11:32                      10
================================================================================
[2025-05-01T15:12:21.057+0000] {manager.py:997} INFO - 
================================================================================
DAG File Processing Stats

File Path                        PID    Runtime      # DAGs    # Errors  Last Runtime    Last Run               Last # of DB Queries
-------------------------------  -----  ---------  --------  ----------  --------------  -------------------  ----------------------
/opt/airflow/dags/airflowDAG.py                           1           0  0.31s           2025-05-01T15:12:03                      10
================================================================================
[2025-05-01T15:12:48.915+0000] {manager.py:997} INFO - 
================================================================================
DAG File Processing Stats

File Path                        PID    Runtime      # DAGs    # Errors  Last Runtime    Last Run               Last # of DB Queries
-------------------------------  -----  ---------  --------  ----------  --------------  -------------------  ----------------------
/opt/airflow/dags/airflowDAG.py                           1           0  0.27s           2025-05-01T15:12:33                      10
================================================================================
[2025-05-01T15:13:17.008+0000] {manager.py:997} INFO - 
================================================================================
DAG File Processing Stats

File Path                        PID    Runtime      # DAGs    # Errors  Last Runtime    Last Run               Last # of DB Queries
-------------------------------  -----  ---------  --------  ----------  --------------  -------------------  ----------------------
/opt/airflow/dags/airflowDAG.py                           1           0  -0.19s          2025-05-01T15:13:03                      10
================================================================================
[2025-05-01T15:13:44.810+0000] {manager.py:997} INFO - 
================================================================================
DAG File Processing Stats

File Path                        PID    Runtime      # DAGs    # Errors  Last Runtime    Last Run               Last # of DB Queries
-------------------------------  -----  ---------  --------  ----------  --------------  -------------------  ----------------------
/opt/airflow/dags/airflowDAG.py                           1           0  0.29s           2025-05-01T15:13:34                      10
================================================================================
[2025-05-01T15:14:13.040+0000] {manager.py:997} INFO - 
================================================================================
DAG File Processing Stats

File Path                        PID    Runtime      # DAGs    # Errors  Last Runtime    Last Run               Last # of DB Queries
-------------------------------  -----  ---------  --------  ----------  --------------  -------------------  ----------------------
/opt/airflow/dags/airflowDAG.py                           1           0  0.34s           2025-05-01T15:14:05                      10
================================================================================
[2025-05-01T15:14:40.914+0000] {manager.py:997} INFO - 
================================================================================
DAG File Processing Stats

File Path                        PID    Runtime      # DAGs    # Errors  Last Runtime    Last Run               Last # of DB Queries
-------------------------------  -----  ---------  --------  ----------  --------------  -------------------  ----------------------
/opt/airflow/dags/airflowDAG.py                           1           0  0.25s           2025-05-01T15:14:36                      10
================================================================================
[2025-05-01T15:15:09.160+0000] {manager.py:997} INFO - 
================================================================================
DAG File Processing Stats

File Path                        PID    Runtime      # DAGs    # Errors  Last Runtime    Last Run               Last # of DB Queries
-------------------------------  -----  ---------  --------  ----------  --------------  -------------------  ----------------------
/opt/airflow/dags/airflowDAG.py                           1           0  -26.89s         2025-05-01T15:14:54                      10
================================================================================
[2025-05-01T15:15:30.651+0000] {manager.py:821} INFO - Searching for files in /opt/airflow/dags
[2025-05-01T15:15:30.679+0000] {manager.py:824} INFO - There are 1 files in /opt/airflow/dags
[2025-05-01T15:15:37.041+0000] {manager.py:997} INFO - 
================================================================================
DAG File Processing Stats

File Path                        PID    Runtime      # DAGs    # Errors  Last Runtime    Last Run               Last # of DB Queries
-------------------------------  -----  ---------  --------  ----------  --------------  -------------------  ----------------------
/opt/airflow/dags/airflowDAG.py                           1           0  -0.22s          2025-05-01T15:15:24                      10
================================================================================
[2025-05-01T15:16:04.885+0000] {manager.py:997} INFO - 
================================================================================
DAG File Processing Stats

File Path                        PID    Runtime      # DAGs    # Errors  Last Runtime    Last Run               Last # of DB Queries
-------------------------------  -----  ---------  --------  ----------  --------------  -------------------  ----------------------
/opt/airflow/dags/airflowDAG.py                           1           0  0.21s           2025-05-01T15:15:54                      10
================================================================================
[2025-05-01T15:16:33.047+0000] {manager.py:997} INFO - 
================================================================================
DAG File Processing Stats

File Path                        PID    Runtime      # DAGs    # Errors  Last Runtime    Last Run               Last # of DB Queries
-------------------------------  -----  ---------  --------  ----------  --------------  -------------------  ----------------------
/opt/airflow/dags/airflowDAG.py                           1           0  0.28s           2025-05-01T15:16:25                      10
================================================================================
[2025-05-01T15:17:00.390+0000] {manager.py:997} INFO - 
================================================================================
DAG File Processing Stats

File Path                        PID    Runtime      # DAGs    # Errors  Last Runtime    Last Run               Last # of DB Queries
-------------------------------  -----  ---------  --------  ----------  --------------  -------------------  ----------------------
/opt/airflow/dags/airflowDAG.py                           1           0  0.22s           2025-05-01T15:16:56                      10
================================================================================
[2025-05-01T15:17:28.422+0000] {manager.py:997} INFO - 
================================================================================
DAG File Processing Stats

File Path                        PID    Runtime      # DAGs    # Errors  Last Runtime    Last Run               Last # of DB Queries
-------------------------------  -----  ---------  --------  ----------  --------------  -------------------  ----------------------
/opt/airflow/dags/airflowDAG.py                           1           0  0.24s           2025-05-01T15:17:26                      10
================================================================================
[2025-05-01T15:17:55.753+0000] {manager.py:997} INFO - 
================================================================================
DAG File Processing Stats

File Path                        PID    Runtime      # DAGs    # Errors  Last Runtime    Last Run               Last # of DB Queries
-------------------------------  -----  ---------  --------  ----------  --------------  -------------------  ----------------------
/opt/airflow/dags/airflowDAG.py                           1           0  0.24s           2025-05-01T15:17:26                      10
================================================================================
[2025-05-01T15:18:23.507+0000] {manager.py:997} INFO - 
================================================================================
DAG File Processing Stats

File Path                        PID    Runtime      # DAGs    # Errors  Last Runtime    Last Run               Last # of DB Queries
-------------------------------  -----  ---------  --------  ----------  --------------  -------------------  ----------------------
/opt/airflow/dags/airflowDAG.py                           1           0  0.21s           2025-05-01T15:17:56                      10
================================================================================
[2025-05-01T15:18:51.229+0000] {manager.py:997} INFO - 
================================================================================
DAG File Processing Stats

File Path                        PID    Runtime      # DAGs    # Errors  Last Runtime    Last Run               Last # of DB Queries
-------------------------------  -----  ---------  --------  ----------  --------------  -------------------  ----------------------
/opt/airflow/dags/airflowDAG.py                           1           0  0.22s           2025-05-01T15:18:27                      10
================================================================================
[2025-05-01T15:19:19.275+0000] {manager.py:997} INFO - 
================================================================================
DAG File Processing Stats

File Path                        PID    Runtime      # DAGs    # Errors  Last Runtime    Last Run               Last # of DB Queries
-------------------------------  -----  ---------  --------  ----------  --------------  -------------------  ----------------------
/opt/airflow/dags/airflowDAG.py                           1           0  0.20s           2025-05-01T15:18:58                      10
================================================================================
[2025-05-01T15:19:47.180+0000] {manager.py:997} INFO - 
================================================================================
DAG File Processing Stats

File Path                        PID    Runtime      # DAGs    # Errors  Last Runtime    Last Run               Last # of DB Queries
-------------------------------  -----  ---------  --------  ----------  --------------  -------------------  ----------------------
/opt/airflow/dags/airflowDAG.py                           1           0  0.18s           2025-05-01T15:19:28                      10
================================================================================
[2025-05-01T15:20:14.684+0000] {manager.py:997} INFO - 
================================================================================
DAG File Processing Stats

File Path                        PID    Runtime      # DAGs    # Errors  Last Runtime    Last Run               Last # of DB Queries
-------------------------------  -----  ---------  --------  ----------  --------------  -------------------  ----------------------
/opt/airflow/dags/airflowDAG.py                           1           0  0.19s           2025-05-01T15:19:59                      10
================================================================================
[2025-05-01T15:20:30.674+0000] {manager.py:821} INFO - Searching for files in /opt/airflow/dags
[2025-05-01T15:20:30.693+0000] {manager.py:824} INFO - There are 1 files in /opt/airflow/dags
[2025-05-01T15:20:43.013+0000] {manager.py:997} INFO - 
================================================================================
DAG File Processing Stats

File Path                        PID    Runtime      # DAGs    # Errors  Last Runtime    Last Run               Last # of DB Queries
-------------------------------  -----  ---------  --------  ----------  --------------  -------------------  ----------------------
/opt/airflow/dags/airflowDAG.py                           1           0  0.21s           2025-05-01T15:20:29                      10
================================================================================
[2025-05-01T15:21:10.780+0000] {manager.py:997} INFO - 
================================================================================
DAG File Processing Stats

File Path                        PID    Runtime      # DAGs    # Errors  Last Runtime    Last Run               Last # of DB Queries
-------------------------------  -----  ---------  --------  ----------  --------------  -------------------  ----------------------
/opt/airflow/dags/airflowDAG.py                           1           0  0.19s           2025-05-01T15:20:49                      10
================================================================================
[2025-05-01T15:21:38.761+0000] {manager.py:997} INFO - 
================================================================================
DAG File Processing Stats

File Path                        PID    Runtime      # DAGs    # Errors  Last Runtime    Last Run               Last # of DB Queries
-------------------------------  -----  ---------  --------  ----------  --------------  -------------------  ----------------------
/opt/airflow/dags/airflowDAG.py                           1           0  0.19s           2025-05-01T15:21:20                      10
================================================================================
[2025-05-01T15:22:06.506+0000] {manager.py:997} INFO - 
================================================================================
DAG File Processing Stats

File Path                        PID    Runtime      # DAGs    # Errors  Last Runtime    Last Run               Last # of DB Queries
-------------------------------  -----  ---------  --------  ----------  --------------  -------------------  ----------------------
/opt/airflow/dags/airflowDAG.py                           1           0  0.21s           2025-05-01T15:21:50                      10
================================================================================
[2025-05-01T15:22:34.808+0000] {manager.py:997} INFO - 
================================================================================
DAG File Processing Stats

File Path                        PID    Runtime      # DAGs    # Errors  Last Runtime    Last Run               Last # of DB Queries
-------------------------------  -----  ---------  --------  ----------  --------------  -------------------  ----------------------
/opt/airflow/dags/airflowDAG.py                           1           0  0.21s           2025-05-01T15:22:19                      10
================================================================================
[2025-05-01T15:23:02.313+0000] {manager.py:997} INFO - 
================================================================================
DAG File Processing Stats

File Path                        PID    Runtime      # DAGs    # Errors  Last Runtime    Last Run               Last # of DB Queries
-------------------------------  -----  ---------  --------  ----------  --------------  -------------------  ----------------------
/opt/airflow/dags/airflowDAG.py                           1           0  -26.92s         2025-05-01T15:22:44                      10
================================================================================
[2025-05-01T15:23:30.178+0000] {manager.py:997} INFO - 
================================================================================
DAG File Processing Stats

File Path                        PID    Runtime      # DAGs    # Errors  Last Runtime    Last Run               Last # of DB Queries
-------------------------------  -----  ---------  --------  ----------  --------------  -------------------  ----------------------
/opt/airflow/dags/airflowDAG.py                           1           0  0.19s           2025-05-01T15:23:15                      10
================================================================================
[2025-05-01T15:23:58.080+0000] {manager.py:997} INFO - 
================================================================================
DAG File Processing Stats

File Path                        PID    Runtime      # DAGs    # Errors  Last Runtime    Last Run               Last # of DB Queries
-------------------------------  -----  ---------  --------  ----------  --------------  -------------------  ----------------------
/opt/airflow/dags/airflowDAG.py                           1           0  0.20s           2025-05-01T15:23:46                      10
================================================================================
[2025-05-01T15:24:25.543+0000] {manager.py:997} INFO - 
================================================================================
DAG File Processing Stats

File Path                        PID    Runtime      # DAGs    # Errors  Last Runtime    Last Run               Last # of DB Queries
-------------------------------  -----  ---------  --------  ----------  --------------  -------------------  ----------------------
/opt/airflow/dags/airflowDAG.py                           1           0  0.19s           2025-05-01T15:24:16                      10
================================================================================
[2025-05-01T15:24:53.415+0000] {manager.py:997} INFO - 
================================================================================
DAG File Processing Stats

File Path                        PID    Runtime      # DAGs    # Errors  Last Runtime    Last Run               Last # of DB Queries
-------------------------------  -----  ---------  --------  ----------  --------------  -------------------  ----------------------
/opt/airflow/dags/airflowDAG.py                           1           0  0.20s           2025-05-01T15:24:47                      10
================================================================================
[2025-05-01T15:25:36.983+0000] {manager.py:821} INFO - Searching for files in /opt/airflow/dags
[2025-05-01T15:25:09.888+0000] {manager.py:824} INFO - There are 1 files in /opt/airflow/dags
[2025-05-01T15:25:21.291+0000] {manager.py:997} INFO - 
================================================================================
DAG File Processing Stats

File Path                        PID    Runtime      # DAGs    # Errors  Last Runtime    Last Run               Last # of DB Queries
-------------------------------  -----  ---------  --------  ----------  --------------  -------------------  ----------------------
/opt/airflow/dags/airflowDAG.py                           1           0  0.21s           2025-05-01T15:25:17                      10
================================================================================
[2025-05-01T15:25:49.523+0000] {manager.py:997} INFO - 
================================================================================
DAG File Processing Stats

File Path                        PID    Runtime      # DAGs    # Errors  Last Runtime    Last Run               Last # of DB Queries
-------------------------------  -----  ---------  --------  ----------  --------------  -------------------  ----------------------
/opt/airflow/dags/airflowDAG.py                           1           0  0.20s           2025-05-01T15:25:48                      10
================================================================================
[2025-05-01T15:26:17.391+0000] {manager.py:997} INFO - 
================================================================================
DAG File Processing Stats

File Path                        PID    Runtime      # DAGs    # Errors  Last Runtime    Last Run               Last # of DB Queries
-------------------------------  -----  ---------  --------  ----------  --------------  -------------------  ----------------------
/opt/airflow/dags/airflowDAG.py                           1           0  -26.91s         2025-05-01T15:25:57                      10
================================================================================
[2025-05-01T15:26:45.242+0000] {manager.py:997} INFO - 
================================================================================
DAG File Processing Stats

File Path                        PID    Runtime      # DAGs    # Errors  Last Runtime    Last Run               Last # of DB Queries
-------------------------------  -----  ---------  --------  ----------  --------------  -------------------  ----------------------
/opt/airflow/dags/airflowDAG.py                           1           0  0.19s           2025-05-01T15:26:28                      10
================================================================================
[2025-05-01T15:27:12.744+0000] {manager.py:997} INFO - 
================================================================================
DAG File Processing Stats

File Path                        PID    Runtime      # DAGs    # Errors  Last Runtime    Last Run               Last # of DB Queries
-------------------------------  -----  ---------  --------  ----------  --------------  -------------------  ----------------------
/opt/airflow/dags/airflowDAG.py                           1           0  0.21s           2025-05-01T15:26:59                      10
================================================================================
[2025-05-01T15:27:40.151+0000] {manager.py:997} INFO - 
================================================================================
DAG File Processing Stats

File Path                        PID    Runtime      # DAGs    # Errors  Last Runtime    Last Run               Last # of DB Queries
-------------------------------  -----  ---------  --------  ----------  --------------  -------------------  ----------------------
/opt/airflow/dags/airflowDAG.py                           1           0  0.31s           2025-05-01T15:27:29                      10
================================================================================
[2025-05-01T15:28:08.488+0000] {manager.py:997} INFO - 
================================================================================
DAG File Processing Stats

File Path                        PID    Runtime      # DAGs    # Errors  Last Runtime    Last Run               Last # of DB Queries
-------------------------------  -----  ---------  --------  ----------  --------------  -------------------  ----------------------
/opt/airflow/dags/airflowDAG.py                           1           0  0.19s           2025-05-01T15:28:00                      10
================================================================================
[2025-05-01T15:28:35.967+0000] {manager.py:997} INFO - 
================================================================================
DAG File Processing Stats

File Path                        PID    Runtime      # DAGs    # Errors  Last Runtime    Last Run               Last # of DB Queries
-------------------------------  -----  ---------  --------  ----------  --------------  -------------------  ----------------------
/opt/airflow/dags/airflowDAG.py                           1           0  0.18s           2025-05-01T15:28:30                      10
================================================================================
[2025-05-01T15:29:03.970+0000] {manager.py:997} INFO - 
================================================================================
DAG File Processing Stats

File Path                        PID    Runtime      # DAGs    # Errors  Last Runtime    Last Run               Last # of DB Queries
-------------------------------  -----  ---------  --------  ----------  --------------  -------------------  ----------------------
/opt/airflow/dags/airflowDAG.py                           1           0  0.19s           2025-05-01T15:29:01                      10
================================================================================
[2025-05-01T15:29:31.335+0000] {manager.py:997} INFO - 
================================================================================
DAG File Processing Stats

File Path                          PID  Runtime      # DAGs    # Errors  Last Runtime    Last Run               Last # of DB Queries
-------------------------------  -----  ---------  --------  ----------  --------------  -------------------  ----------------------
/opt/airflow/dags/airflowDAG.py    358  0.00s             1           0  0.19s           2025-05-01T15:29:01                      10
================================================================================
[2025-05-01T15:29:59.547+0000] {manager.py:997} INFO - 
================================================================================
DAG File Processing Stats

File Path                        PID    Runtime      # DAGs    # Errors  Last Runtime    Last Run               Last # of DB Queries
-------------------------------  -----  ---------  --------  ----------  --------------  -------------------  ----------------------
/opt/airflow/dags/airflowDAG.py                           1           0  0.19s           2025-05-01T15:29:31                      10
================================================================================
[2025-05-01T15:30:27.106+0000] {manager.py:997} INFO - 
================================================================================
DAG File Processing Stats

File Path                        PID    Runtime      # DAGs    # Errors  Last Runtime    Last Run               Last # of DB Queries
-------------------------------  -----  ---------  --------  ----------  --------------  -------------------  ----------------------
/opt/airflow/dags/airflowDAG.py                           1           0  0.22s           2025-05-01T15:30:02                      10
================================================================================
[2025-05-01T15:30:37.307+0000] {manager.py:821} INFO - Searching for files in /opt/airflow/dags
[2025-05-01T15:30:37.328+0000] {manager.py:824} INFO - There are 1 files in /opt/airflow/dags
[2025-05-01T15:30:55.018+0000] {manager.py:997} INFO - 
================================================================================
DAG File Processing Stats

File Path                        PID    Runtime      # DAGs    # Errors  Last Runtime    Last Run               Last # of DB Queries
-------------------------------  -----  ---------  --------  ----------  --------------  -------------------  ----------------------
/opt/airflow/dags/airflowDAG.py                           1           0  0.19s           2025-05-01T15:30:32                      10
================================================================================
[2025-05-01T15:31:22.428+0000] {manager.py:997} INFO - 
================================================================================
DAG File Processing Stats

File Path                        PID    Runtime      # DAGs    # Errors  Last Runtime    Last Run               Last # of DB Queries
-------------------------------  -----  ---------  --------  ----------  --------------  -------------------  ----------------------
/opt/airflow/dags/airflowDAG.py                           1           0  0.20s           2025-05-01T15:31:03                      10
================================================================================
[2025-05-01T15:31:50.296+0000] {manager.py:997} INFO - 
================================================================================
DAG File Processing Stats

File Path                        PID    Runtime      # DAGs    # Errors  Last Runtime    Last Run               Last # of DB Queries
-------------------------------  -----  ---------  --------  ----------  --------------  -------------------  ----------------------
/opt/airflow/dags/airflowDAG.py                           1           0  0.21s           2025-05-01T15:31:33                      10
================================================================================
[2025-05-01T15:32:17.679+0000] {manager.py:997} INFO - 
================================================================================
DAG File Processing Stats

File Path                        PID    Runtime      # DAGs    # Errors  Last Runtime    Last Run               Last # of DB Queries
-------------------------------  -----  ---------  --------  ----------  --------------  -------------------  ----------------------
/opt/airflow/dags/airflowDAG.py                           1           0  0.22s           2025-05-01T15:32:04                      10
================================================================================
[2025-05-01T15:32:45.548+0000] {manager.py:997} INFO - 
================================================================================
DAG File Processing Stats

File Path                        PID    Runtime      # DAGs    # Errors  Last Runtime    Last Run               Last # of DB Queries
-------------------------------  -----  ---------  --------  ----------  --------------  -------------------  ----------------------
/opt/airflow/dags/airflowDAG.py                           1           0  0.20s           2025-05-01T15:32:34                      10
================================================================================
[2025-05-01T15:33:12.966+0000] {manager.py:997} INFO - 
================================================================================
DAG File Processing Stats

File Path                        PID    Runtime      # DAGs    # Errors  Last Runtime    Last Run               Last # of DB Queries
-------------------------------  -----  ---------  --------  ----------  --------------  -------------------  ----------------------
/opt/airflow/dags/airflowDAG.py                           1           0  0.23s           2025-05-01T15:33:04                      10
================================================================================
[2025-05-01T15:33:40.775+0000] {manager.py:997} INFO - 
================================================================================
DAG File Processing Stats

File Path                        PID    Runtime      # DAGs    # Errors  Last Runtime    Last Run               Last # of DB Queries
-------------------------------  -----  ---------  --------  ----------  --------------  -------------------  ----------------------
/opt/airflow/dags/airflowDAG.py                           1           0  0.25s           2025-05-01T15:33:35                      10
================================================================================
[2025-05-01T15:34:08.221+0000] {manager.py:997} INFO - 
================================================================================
DAG File Processing Stats

File Path                        PID    Runtime      # DAGs    # Errors  Last Runtime    Last Run               Last # of DB Queries
-------------------------------  -----  ---------  --------  ----------  --------------  -------------------  ----------------------
/opt/airflow/dags/airflowDAG.py                           1           0  0.19s           2025-05-01T15:34:05                      10
================================================================================
[2025-05-01T15:34:36.143+0000] {manager.py:997} INFO - 
================================================================================
DAG File Processing Stats

File Path                          PID  Runtime      # DAGs    # Errors  Last Runtime    Last Run               Last # of DB Queries
-------------------------------  -----  ---------  --------  ----------  --------------  -------------------  ----------------------
/opt/airflow/dags/airflowDAG.py    437  0.01s             1           0  0.19s           2025-05-01T15:34:05                      10
================================================================================
[2025-05-01T15:35:03.542+0000] {manager.py:997} INFO - 
================================================================================
DAG File Processing Stats

File Path                        PID    Runtime      # DAGs    # Errors  Last Runtime    Last Run               Last # of DB Queries
-------------------------------  -----  ---------  --------  ----------  --------------  -------------------  ----------------------
/opt/airflow/dags/airflowDAG.py                           1           0  -0.29s          2025-05-01T15:34:35                      10
================================================================================
