[2025-05-02T10:20:57.201+0000] {local_task_job_runner.py:123} INFO - ::group::Pre task execution logs
[2025-05-02T10:20:57.214+0000] {taskinstance.py:2613} INFO - Dependencies all met for dep_context=non-requeueable deps ti=<TaskInstance: PlanningEngine.computeOptimalPlan manual__2025-05-02T10:18:21.303082+00:00 [queued]>
[2025-05-02T10:20:57.223+0000] {taskinstance.py:2613} INFO - Dependencies all met for dep_context=requeueable deps ti=<TaskInstance: PlanningEngine.computeOptimalPlan manual__2025-05-02T10:18:21.303082+00:00 [queued]>
[2025-05-02T10:20:57.225+0000] {taskinstance.py:2866} INFO - Starting attempt 1 of 2
[2025-05-02T10:20:57.237+0000] {taskinstance.py:2889} INFO - Executing <Task(PythonOperator): computeOptimalPlan> on 2025-05-02 10:18:21.303082+00:00
[2025-05-02T10:20:57.244+0000] {warnings.py:112} WARNING - /home/***/.local/lib/python3.12/site-packages/***/task/task_runner/standard_task_runner.py:70: DeprecationWarning: This process (pid=262) is multi-threaded, use of fork() may lead to deadlocks in the child.
  pid = os.fork()

[2025-05-02T10:20:57.245+0000] {standard_task_runner.py:72} INFO - Started process 263 to run task
[2025-05-02T10:20:57.246+0000] {standard_task_runner.py:104} INFO - Running: ['***', 'tasks', 'run', 'PlanningEngine', 'computeOptimalPlan', 'manual__2025-05-02T10:18:21.303082+00:00', '--job-id', '3414', '--raw', '--subdir', 'DAGS_FOLDER/***DAG.py', '--cfg-path', '/tmp/tmp_2cthp1_']
[2025-05-02T10:20:57.248+0000] {standard_task_runner.py:105} INFO - Job 3414: Subtask computeOptimalPlan
[2025-05-02T10:20:57.290+0000] {task_command.py:467} INFO - Running <TaskInstance: PlanningEngine.computeOptimalPlan manual__2025-05-02T10:18:21.303082+00:00 [running]> on host 8847949431eb
[2025-05-02T10:20:57.358+0000] {taskinstance.py:3132} INFO - Exporting env vars: AIRFLOW_CTX_DAG_OWNER='***' AIRFLOW_CTX_DAG_ID='PlanningEngine' AIRFLOW_CTX_TASK_ID='computeOptimalPlan' AIRFLOW_CTX_EXECUTION_DATE='2025-05-02T10:18:21.303082+00:00' AIRFLOW_CTX_TRY_NUMBER='1' AIRFLOW_CTX_DAG_RUN_ID='manual__2025-05-02T10:18:21.303082+00:00'
[2025-05-02T10:20:57.359+0000] {taskinstance.py:731} INFO - ::endgroup::
[2025-05-02T10:20:57.388+0000] {airflowDAG.py:346} INFO - DQ : 0.983 - ('missingValues/impute', 'duplicates', 'outliers/impute') 
[2025-05-02T10:20:57.390+0000] {airflowDAG.py:346} INFO - DQ : 0.983 - ('missingValues/impute', 'duplicates', 'outliers/drop') 
[2025-05-02T10:20:57.391+0000] {airflowDAG.py:346} INFO - DQ : 0.983 - ('missingValues/drop.rows', 'duplicates', 'outliers/impute') 
[2025-05-02T10:20:57.392+0000] {airflowDAG.py:346} INFO - DQ : 0.983 - ('missingValues/drop.rows', 'duplicates', 'outliers/drop') 
[2025-05-02T10:20:57.394+0000] {airflowDAG.py:346} INFO - DQ : 0.983 - ('missingValues/drop.columns', 'duplicates', 'outliers/impute') 
[2025-05-02T10:20:57.395+0000] {airflowDAG.py:346} INFO - DQ : 0.983 - ('missingValues/drop.columns', 'duplicates', 'outliers/drop') 
[2025-05-02T10:20:57.396+0000] {airflowDAG.py:346} INFO - DQ : 0.983 - ('missingValues/impute', 'outliers/impute', 'duplicates') 
[2025-05-02T10:20:57.397+0000] {airflowDAG.py:346} INFO - DQ : 0.983 - ('missingValues/impute', 'outliers/drop', 'duplicates') 
[2025-05-02T10:20:57.398+0000] {airflowDAG.py:346} INFO - DQ : 0.983 - ('missingValues/drop.rows', 'outliers/impute', 'duplicates') 
[2025-05-02T10:20:57.399+0000] {airflowDAG.py:346} INFO - DQ : 0.983 - ('missingValues/drop.rows', 'outliers/drop', 'duplicates') 
[2025-05-02T10:20:57.400+0000] {airflowDAG.py:346} INFO - DQ : 0.983 - ('missingValues/drop.columns', 'outliers/impute', 'duplicates') 
[2025-05-02T10:20:57.401+0000] {airflowDAG.py:346} INFO - DQ : 0.983 - ('missingValues/drop.columns', 'outliers/drop', 'duplicates') 
[2025-05-02T10:20:57.402+0000] {airflowDAG.py:346} INFO - DQ : 0.983 - ('duplicates', 'missingValues/impute', 'outliers/impute') 
[2025-05-02T10:20:57.404+0000] {airflowDAG.py:346} INFO - DQ : 0.983 - ('duplicates', 'missingValues/impute', 'outliers/drop') 
[2025-05-02T10:20:57.406+0000] {airflowDAG.py:346} INFO - DQ : 0.983 - ('duplicates', 'missingValues/drop.rows', 'outliers/impute') 
[2025-05-02T10:20:57.407+0000] {airflowDAG.py:346} INFO - DQ : 0.983 - ('duplicates', 'missingValues/drop.rows', 'outliers/drop') 
[2025-05-02T10:20:57.408+0000] {airflowDAG.py:346} INFO - DQ : 0.983 - ('duplicates', 'missingValues/drop.columns', 'outliers/impute') 
[2025-05-02T10:20:57.409+0000] {airflowDAG.py:346} INFO - DQ : 0.983 - ('duplicates', 'missingValues/drop.columns', 'outliers/drop') 
[2025-05-02T10:20:57.410+0000] {airflowDAG.py:346} INFO - DQ : 0.983 - ('duplicates', 'outliers/impute', 'missingValues/impute') 
[2025-05-02T10:20:57.411+0000] {airflowDAG.py:346} INFO - DQ : 0.983 - ('duplicates', 'outliers/impute', 'missingValues/drop.rows') 
[2025-05-02T10:20:57.412+0000] {airflowDAG.py:346} INFO - DQ : 0.983 - ('duplicates', 'outliers/impute', 'missingValues/drop.columns') 
[2025-05-02T10:20:57.413+0000] {airflowDAG.py:346} INFO - DQ : 0.983 - ('duplicates', 'outliers/drop', 'missingValues/impute') 
[2025-05-02T10:20:57.414+0000] {airflowDAG.py:346} INFO - DQ : 0.983 - ('duplicates', 'outliers/drop', 'missingValues/drop.rows') 
[2025-05-02T10:20:57.415+0000] {airflowDAG.py:346} INFO - DQ : 0.983 - ('duplicates', 'outliers/drop', 'missingValues/drop.columns') 
[2025-05-02T10:20:57.417+0000] {airflowDAG.py:346} INFO - DQ : 0.983 - ('outliers/impute', 'missingValues/impute', 'duplicates') 
[2025-05-02T10:20:57.418+0000] {airflowDAG.py:346} INFO - DQ : 0.983 - ('outliers/impute', 'missingValues/drop.rows', 'duplicates') 
[2025-05-02T10:20:57.418+0000] {airflowDAG.py:346} INFO - DQ : 0.983 - ('outliers/impute', 'missingValues/drop.columns', 'duplicates') 
[2025-05-02T10:20:57.419+0000] {airflowDAG.py:346} INFO - DQ : 0.983 - ('outliers/drop', 'missingValues/impute', 'duplicates') 
[2025-05-02T10:20:57.420+0000] {airflowDAG.py:346} INFO - DQ : 0.983 - ('outliers/drop', 'missingValues/drop.rows', 'duplicates') 
[2025-05-02T10:20:57.421+0000] {airflowDAG.py:346} INFO - DQ : 0.983 - ('outliers/drop', 'missingValues/drop.columns', 'duplicates') 
[2025-05-02T10:20:57.423+0000] {airflowDAG.py:346} INFO - DQ : 0.983 - ('outliers/impute', 'duplicates', 'missingValues/impute') 
[2025-05-02T10:20:57.424+0000] {airflowDAG.py:346} INFO - DQ : 0.983 - ('outliers/impute', 'duplicates', 'missingValues/drop.rows') 
[2025-05-02T10:20:57.426+0000] {airflowDAG.py:346} INFO - DQ : 0.983 - ('outliers/impute', 'duplicates', 'missingValues/drop.columns') 
[2025-05-02T10:20:57.427+0000] {airflowDAG.py:346} INFO - DQ : 0.983 - ('outliers/drop', 'duplicates', 'missingValues/impute') 
[2025-05-02T10:20:57.428+0000] {airflowDAG.py:346} INFO - DQ : 0.983 - ('outliers/drop', 'duplicates', 'missingValues/drop.rows') 
[2025-05-02T10:20:57.429+0000] {airflowDAG.py:346} INFO - DQ : 0.983 - ('outliers/drop', 'duplicates', 'missingValues/drop.columns') 
[2025-05-02T10:20:57.441+0000] {airflowDAG.py:382} INFO - Best plan ('outliers/drop', 'duplicates', 'missingValues/drop.columns') achieved DQ score of 0.983
[2025-05-02T10:20:57.477+0000] {python.py:240} INFO - Done. Returned value was: None
[2025-05-02T10:20:57.485+0000] {taskinstance.py:340} INFO - ::group::Post task execution logs
[2025-05-02T10:20:57.486+0000] {taskinstance.py:352} INFO - Marking task as SUCCESS. dag_id=PlanningEngine, task_id=computeOptimalPlan, run_id=manual__2025-05-02T10:18:21.303082+00:00, execution_date=20250502T101821, start_date=20250502T102057, end_date=20250502T102057
[2025-05-02T10:20:57.502+0000] {local_task_job_runner.py:266} INFO - Task exited with return code 0
[2025-05-02T10:20:57.523+0000] {taskinstance.py:3895} INFO - 1 downstream tasks scheduled from follow-on schedule check
[2025-05-02T10:20:57.527+0000] {local_task_job_runner.py:245} INFO - ::endgroup::
